[2016.01.27-12.23.44:138][  0]Log file open, 01/27/16 15:23:44
[2016.01.27-12.23.44:138][  0]LogInit:Display: Running engine for game: PlanetCraft
[2016.01.27-12.23.44:138][  0]LogPlatformFile: Not using cached read wrapper
[2016.01.27-12.23.44:138][  0]LogInit:Display: RandInit(1044513343) SRandInit(1044513344).
[2016.01.27-12.23.44:138][  0]LogTaskGraph: Started task graph with 4 named threads and 7 total threads.
[2016.01.27-12.23.44:138][  0]LogStats: Stats thread started at 0.065083
[2016.01.27-12.23.44:138][  0]LogInit: Version: 4.10.2-2818068+++depot+UE4-Releases+4.10
[2016.01.27-12.23.44:138][  0]LogInit: API Version: 2758231
[2016.01.27-12.23.44:138][  0]LogInit: Compiled (64-bit): Jan  6 2016 17:36:42
[2016.01.27-12.23.44:138][  0]LogInit: Compiled with Visual C++: 19.00.23026.00
[2016.01.27-12.23.44:138][  0]LogInit: Build Configuration: Development
[2016.01.27-12.23.44:138][  0]LogInit: Branch Name: ++depot+UE4-Releases+4.10
[2016.01.27-12.23.44:138][  0]LogInit: Command line:  
[2016.01.27-12.23.44:138][  0]LogInit: Base directory: C:/Program Files (x86)/Epic Games/4.10/Engine/Binaries/Win64/
[2016.01.27-12.23.44:138][  0]LogInit: Rocket: 1
[2016.01.27-12.23.44:218][  0]LogInit: Using libcurl 7.41.0
[2016.01.27-12.23.44:218][  0]LogInit:  - built for x86_64-pc-win32
[2016.01.27-12.23.44:218][  0]LogInit:  - supports SSL with WinSSL
[2016.01.27-12.23.44:218][  0]LogInit:  - other features:
[2016.01.27-12.23.44:218][  0]LogInit:      CURL_VERSION_SSL
[2016.01.27-12.23.44:218][  0]LogInit:      CURL_VERSION_IPV6
[2016.01.27-12.23.44:218][  0]LogInit:      CURL_VERSION_ASYNCHDNS
[2016.01.27-12.23.44:218][  0]LogInit:      CURL_VERSION_LARGEFILE
[2016.01.27-12.23.44:218][  0]LogInit:      CURL_VERSION_IDN
[2016.01.27-12.23.44:218][  0]LogInit:  CurlRequestOptions (configurable via config and command line):
[2016.01.27-12.23.44:218][  0]LogInit:  - bVerifyPeer = true  - Libcurl will verify peer certificate
[2016.01.27-12.23.44:218][  0]LogInit:  - bUseHttpProxy = false  - Libcurl will NOT use HTTP proxy
[2016.01.27-12.23.44:218][  0]LogInit:  - bDontReuseConnections = false  - Libcurl will reuse connections
[2016.01.27-12.23.44:218][  0]LogInit:  - CertBundlePath = nullptr  - Libcurl will use whatever was configured at build time.
[2016.01.27-12.23.44:223][  0]LogInit: Presizing for 0 objects not considered by GC, pre-allocating 0 bytes.
[2016.01.27-12.23.44:228][  0]LogInit: Object subsystem initialized
[2016.01.27-12.23.44:229][  0]LogInit: Selected Device Profile: [Windows]
[2016.01.27-12.23.44:229][  0]LogInit: Applying CVar settings loaded from the selected device profile: [Windows]
[2016.01.27-12.23.44:292][  0]LogInit: Computer: VNOVIKOV
[2016.01.27-12.23.44:292][  0]LogInit: User: vnovikov
[2016.01.27-12.23.44:292][  0]LogInit: CPU Page size=4096, Cores=4
[2016.01.27-12.23.44:292][  0]LogInit: High frequency timer resolution =3.418007 MHz
[2016.01.27-12.23.44:292][  0]LogMemory: Memory total: Physical=15.9GB (16GB approx)
[2016.01.27-12.23.44:292][  0]LogMemory: Platform Memory Stats for Windows
[2016.01.27-12.23.44:292][  0]LogMemory: Process Physical Memory: 55.98 MB used, 55.98 MB peak
[2016.01.27-12.23.44:292][  0]LogMemory: Process Virtual Memory: 56.80 MB used, 56.80 MB peak
[2016.01.27-12.23.44:292][  0]LogMemory: Physical Memory: 3629.64 MB used, 16249.03 MB total
[2016.01.27-12.23.44:292][  0]LogMemory: Virtual Memory: 350.96 MB used, 8388608.00 MB total
[2016.01.27-12.23.45:111][  0]LogTextLocalizationManager: No translations for ('ru-RU') exist, falling back to 'en' for localization and internationalization data.
[2016.01.27-12.23.45:484][  0]LogD3D11RHI: Found D3D11 adapter 0: NVIDIA GeForce GTX 960 (Feature Level 11_0)
[2016.01.27-12.23.45:484][  0]LogD3D11RHI: Adapter has 1969MB of dedicated video memory, 0MB of dedicated system memory, and 2048MB of shared system memory, 2 output[s]
[2016.01.27-12.23.45:484][  0]LogD3D11RHI: Chosen D3D11 Adapter Id = 0
[2016.01.27-12.23.45:487][  0]LogD3D11RHI: !Direct3DDevice
[2016.01.27-12.23.45:487][  0]LogRHI: Texture pool is 1361 MB (70% of 1945 MB)
[2016.01.27-12.23.45:493][  0]LogD3D11RHI: Async texture creation enabled
[2016.01.27-12.23.45:506][  0]LogShaderCompilers: Guid format shader working directory is 21 characters bigger than the processId version (F:/Projects/project_kopernik/Intermediate/Shaders/WorkingDirectory/4788/).
[2016.01.27-12.23.45:506][  0]LogShaderCompilers: Cleaned the shader compiler working directory 'C:/Users/vnovikov/AppData/Local/Temp/UnrealShaderWorkingDir/16F047574121142B9F7ACAA72F98E0B4/'.
[2016.01.27-12.23.45:506][  0]LogShaderCompilers:Display: Using Local Shader Compiler.
[2016.01.27-12.23.46:179][  0]LogTemp:Display: Loaded TP AllDesktopTargetPlatform
[2016.01.27-12.23.46:182][  0]LogTemp:Display: Loaded TP WindowsClientTargetPlatform
[2016.01.27-12.23.46:185][  0]LogTemp:Display: Loaded TP WindowsNoEditorTargetPlatform
[2016.01.27-12.23.46:189][  0]LogTemp:Display: Loaded TP WindowsServerTargetPlatform
[2016.01.27-12.23.46:192][  0]LogTemp:Display: Loaded TP WindowsTargetPlatform
[2016.01.27-12.23.46:194][  0]LogTemp:Display: Loaded TP AndroidTargetPlatform
[2016.01.27-12.23.46:196][  0]LogTemp:Display: Loaded TP Android_ASTCTargetPlatform
[2016.01.27-12.23.46:198][  0]LogTemp:Display: Loaded TP Android_ATCTargetPlatform
[2016.01.27-12.23.46:200][  0]LogTemp:Display: Loaded TP Android_DXTTargetPlatform
[2016.01.27-12.23.46:202][  0]LogTemp:Display: Loaded TP Android_ETC1TargetPlatform
[2016.01.27-12.23.46:205][  0]LogTemp:Display: Loaded TP Android_ETC2TargetPlatform
[2016.01.27-12.23.46:209][  0]LogTemp:Display: Loaded TP Android_MultiTargetPlatform
[2016.01.27-12.23.46:209][  0]LogTemp:Display: Loaded TP Android_PVRTCTargetPlatform
[2016.01.27-12.23.46:210][  0]LogTemp:Display: Loaded TP HTML5TargetPlatform
[2016.01.27-12.23.46:224][  0]LogTemp:Display: Loaded TP IOSTargetPlatform
[2016.01.27-12.23.46:226][  0]LogTemp:Display: Loaded TP LinuxNoEditorTargetPlatform
[2016.01.27-12.23.46:228][  0]LogTemp:Display: Loaded TP LinuxServerTargetPlatform
[2016.01.27-12.23.46:230][  0]LogTemp:Display: Loaded TP LinuxTargetPlatform
[2016.01.27-12.23.46:230][  0]LogTargetPlatformManager:Display: Building Assets For Windows
[2016.01.27-12.23.46:284][  0]LogDerivedDataCache:Display: Max Cache Size: 512 MB
[2016.01.27-12.23.46:321][  0]LogDerivedDataCache: Loaded boot cache 0.04s 41MB C:/Users/vnovikov/AppData/Local/UnrealEngine/4.10/DerivedDataCache/Boot.ddc.
[2016.01.27-12.23.46:321][  0]LogDerivedDataCache:Display: Loaded Boot cache: C:/Users/vnovikov/AppData/Local/UnrealEngine/4.10/DerivedDataCache/Boot.ddc
[2016.01.27-12.23.46:321][  0]LogDerivedDataCache: FDerivedDataBackendGraph:  Pak pak cache file F:/Projects/project_kopernik/DerivedDataCache/DDC.ddp not found, will not use a pak cache.
[2016.01.27-12.23.46:321][  0]LogDerivedDataCache: Unable to find inner node Pak for hierarchical cache Hierarchy.
[2016.01.27-12.23.46:321][  0]LogDerivedDataCache: FDerivedDataBackendGraph:  CompressedPak pak cache file F:/Projects/project_kopernik/DerivedDataCache/Compressed.ddp not found, will not use a pak cache.
[2016.01.27-12.23.46:321][  0]LogDerivedDataCache: Unable to find inner node CompressedPak for hierarchical cache Hierarchy.
[2016.01.27-12.23.46:371][  0]LogDerivedDataCache:Display: Pak cache opened for reading ../../../Engine/DerivedDataCache/Compressed.ddp.
[2016.01.27-12.23.46:382][  0]LogDerivedDataCache: Using Local data cache path C:/Users/vnovikov/AppData/Local/UnrealEngine/Common/DerivedDataCache: Writable
[2016.01.27-12.23.46:499][  0]LogInit: Selected Device Profile: [Windows]
[2016.01.27-12.23.46:499][  0]LogContentStreaming: Texture pool size is 0.000000MB
[2016.01.27-12.23.46:523][  0]LogMeshUtilities: No automatic mesh reduction module available
[2016.01.27-12.23.46:523][  0]LogMeshUtilities: No automatic mesh merging module available
[2016.01.27-12.23.46:767][  0]LogInit: WinSock: version 1.1 (2.2), MaxSocks=32767, MaxUdp=65467
[2016.01.27-12.23.47:299][  0]UdpMessaging: Initializing bridge on interface 0.0.0.0:0 to multicast group 230.0.0.1:6666.
[2016.01.27-12.23.47:382][  0]LogAssetRegistry: FAssetRegistry took 0.0100 seconds to start up
[2016.01.27-12.23.47:505][  0]SourceControl: Info Source control is disabled
[2016.01.27-12.23.47:505][  0]SourceControl: Info Source control is disabled
[2016.01.27-12.23.47:512][  0]SourceControl: Info Source control is disabled
[2016.01.27-12.23.47:519][  0]SourceControl: Info Source control is disabled
[2016.01.27-12.23.47:672][  0]LogObj: 28633 objects as part of root set at end of initial load.
[2016.01.27-12.23.47:672][  0]LogUObjectAllocator: 6099744 out of 0 bytes used by permanent object pool.
[2016.01.27-12.23.47:717][  0]LogEngine: Initializing Engine...
[2016.01.27-12.23.47:719][  0]LogHMD: Can't find Oculus library dev build: is proper Runtime installed? Version: 0.8.0.0
[2016.01.27-12.23.47:719][  0]LogHMD: SteamVR failed to initialize.  Err: 110
[2016.01.27-12.23.47:812][  0]LogAIModule: Creating AISystem for world NewWorld
[2016.01.27-12.23.47:816][  0]LogInit: XAudio2 using 'Динамики (Realtek High Definition Audio)' : 2 channels at 48 kHz using 32 bits per sample (channel mask 0x3)
[2016.01.27-12.23.47:823][  0]LogInit: FAudioDevice initialized.
[2016.01.27-12.23.47:841][  0]LogDerivedDataCache: Saved boot cache 0.02s 41MB C:/Users/vnovikov/AppData/Local/UnrealEngine/4.10/DerivedDataCache/Boot.ddc.
[2016.01.27-12.23.47:843][  0]LogInit: Texture streaming: Enabled
[2016.01.27-12.23.47:847][  0]LogAnalytics: Creating configured Analytics provider AnalyticsET
[2016.01.27-12.23.47:847][  0]LogAnalytics: [UEEditor.Rocket.Release] APIServer = http://et2.epicgames.com/ET2/. AppVersion = 4.10.2-2818068+++depot+UE4-Releases+4.10
[2016.01.27-12.23.47:847][  0]LogAnalytics: [UEEditor.Rocket.Release] SetUserId f53ae01540d6dc9cd1584591fa06154a|53d085766f07496a9bf34dcc5d27aa54|8cdb6ad2-59b8-47a0-8902-bc4bacc0237b
[2016.01.27-12.23.47:847][  0]LogAnalytics: [UEEditor.Rocket.Release] AnalyticsET::StartSession
[2016.01.27-12.23.47:853][  0]LogInit: Transaction tracking system initialized
[2016.01.27-12.23.47:872][  0]BlueprintLog: New page: Editor Load
[2016.01.27-12.23.47:928][  0]LocalizationService: Info Localization service is disabled
[2016.01.27-12.23.47:979][  0]LogConsoleResponse:Display: 
[2016.01.27-12.23.48:064][  0]LogCook:Display: Done creating registry. It took  0.00s.
[2016.01.27-12.23.48:103][  0]LogFileCache: Scanning file cache for directory 'F:/Projects/project_kopernik/Content/' took 0.01s
[2016.01.27-12.23.48:103][  0]SourceControl: Info Source control is disabled
[2016.01.27-12.23.48:103][  0]Cmd: MAP LOAD FILE="../../../Engine/Content/Maps/Templates/Template_Default.umap" TEMPLATE=1 SHOWPROGRESS=1 FEATURELEVEL=3
[2016.01.27-12.23.48:103][  0]LightingResults: New page: Lighting Build
[2016.01.27-12.23.48:105][  0]MapCheck: New page: Map Check
[2016.01.27-12.23.48:105][  0]LightingResults: New page: Lighting Build
[2016.01.27-12.23.48:113][  0]LogParticles: Destroying 0 GPU particle simulations for FXSystem 0x00000000213D2480
[2016.01.27-12.23.48:286][  0]LogAIModule: Creating AISystem for world Untitled_1
[2016.01.27-12.23.48:290][  0]LogEditorServer: Finished looking for orphan Actors (0.000 secs)
[2016.01.27-12.23.48:293][  0]Cmd: MAP CHECKDEP NOCLEARLOG
[2016.01.27-12.23.48:316][  0]MapCheck: Info Map check complete: 0 Error(s), 0 Warning(s), took 22.601ms to complete.
[2016.01.27-12.23.48:316][  0]LogFileHelpers: Loading map 'Template_Default' took 0.213
[2016.01.27-12.23.48:428][  0]LogCollectionManager: Loaded 0 collections in 0.001786 seconds
[2016.01.27-12.23.48:466][  0]LogFileCache: Scanning file cache for directory 'F:/Projects/project_kopernik/Saved/Collections/' took 0.01s
[2016.01.27-12.23.48:466][  0]LogFileCache: Scanning file cache for directory 'F:/Projects/project_kopernik/Content/Developers/vnovikov/Collections/' took 0.01s
[2016.01.27-12.23.48:466][  0]LogFileCache: Scanning file cache for directory 'F:/Projects/project_kopernik/Content/Collections/' took 0.01s
[2016.01.27-12.23.48:466][  0]LogCollectionManager: Rebuilt the GUID cache for 0 collections in 0.000001 seconds
[2016.01.27-12.23.48:471][  0]LogContentBrowser: Native class hierarchy populated in 0.0055 seconds. Added 1893 classes and 338 folders.
[2016.01.27-12.23.48:476][  0]LogContentBrowser: Native class hierarchy updated for 'WidgetCarousel' in 0.0002 seconds. Added 0 classes and 0 folders.
[2016.01.27-12.23.48:505][  0]LogContentBrowser: Native class hierarchy updated for 'AddContentDialog' in 0.0002 seconds. Added 0 classes and 0 folders.
[2016.01.27-12.23.48:508][  0]LogContentBrowser: Native class hierarchy updated for 'SceneOutliner' in 0.0002 seconds. Added 1 classes and 2 folders.
[2016.01.27-12.23.48:540][  0]LogCrashTracker: Crashtracker disabled due to settings.
[2016.01.27-12.23.48:542][  0]LogUObjectGlobals:Warning: Failed to find object 'Class None.'
[2016.01.27-12.23.48:562][  0]LogLoad: Full Startup: 4.71 seconds (BP compile: 0.03 seconds)
[2016.01.27-12.23.48:575][  0]LogOcInput: Can't find Oculus library dev build: is proper Runtime installed? Version: 0.8.0.0
[2016.01.27-12.23.48:611][  0]LogContentStreaming: Texture pool size now 1000 MB
[2016.01.27-12.23.48:733][  0]LogRenderer: Reallocating scene render targets to support 1144x580 (Frame:2).
[2016.01.27-12.23.48:859][  2]LogAssetRegistry: Asset discovery search completed in 1.4871 seconds
[2016.01.27-12.23.48:859][  2]LogCollectionManager: Rebuilt the object cache for 0 collections in 0.000001 seconds (found 0 objects)
[2016.01.27-12.23.48:859][  2]LogCollectionManager: Fixed up redirectors for 0 collections in 0.000014 seconds (updated 0 objects)
[2016.01.27-12.23.49:820][114]LogPlayLevel: PlayLevel: No blueprints needed recompiling
[2016.01.27-12.23.49:820][114]PIE: New page: PIE session: Untitled_1 (Jan 27, 2016, 6:23:49 PM)
[2016.01.27-12.23.49:820][114]LogPlayLevel: Creating play world package: /Temp/UEDPIE_0_Untitled_1
[2016.01.27-12.23.49:821][114]LogPlayLevel: PIE: StaticDuplicateObject took: (0.001240s)
[2016.01.27-12.23.49:822][114]LogAIModule: Creating AISystem for world Untitled_1
[2016.01.27-12.23.49:822][114]LogPlayLevel: PIE: World Init took: (0.000818s)
[2016.01.27-12.23.49:822][114]LogPlayLevel: PIE: Created PIE world by copying editor world from /Temp/Untitled_1.Untitled_1 to /Temp/UEDPIE_0_Untitled_1.Untitled_1 (0.002216s)
[2016.01.27-12.23.49:837][114]LogInit: XAudio2 using 'Динамики (Realtek High Definition Audio)' : 2 channels at 48 kHz using 32 bits per sample (channel mask 0x3)
[2016.01.27-12.23.49:843][114]LogInit: FAudioDevice initialized.
[2016.01.27-12.23.49:952][114]LogBlueprint:Warning: [compiler BP_ConstructionAsset] Warning Can't connect pins  Build Manager  and  Build Manager : PLACEHOLDER-CLASS  BP Build Manager C 15 Reference is not compatible with BP Build Manager Reference.
[2016.01.27-12.23.49:952][114]LogBlueprint:Warning: [compiler BP_ConstructionAsset] Warning Can't connect pins  Build Manager  and  Build Manager : BP Build Manager Reference is not compatible with PLACEHOLDER-CLASS  BP Build Manager C 15 Reference.
[2016.01.27-12.23.49:954][114]LogBlueprint:Warning: [compiler BP_ConstructionAsset] Warning [0006.10] Compile of BP_ConstructionAsset successful, but with 2 Warning(s) [in 9 ms]
[2016.01.27-12.23.49:954][114]LogBlueprint:Warning: [compiler BP_ConstructionAsset] Warning [0006.10] Compile of BP_ConstructionAsset successful, but with 3 Warning(s) [in 0 ms]
[2016.01.27-12.23.49:954][114]LogBlueprint:Warning: [compiler BP_ConstructionAsset] Warning [0006.10] Compile of BP_ConstructionAsset successful, but with 4 Warning(s) [in 0 ms]
[2016.01.27-12.23.49:997][114]LogProperty:Error: UStructProperty::Serialize Loading: Property 'StructProperty /Game/Blueprints/UI/UI_ConstructionMenu.UI_ConstructionMenu_C:UpdateCurrentData.CallFunc_GetDataTableRowFromName_OutRow'. Unknown structure.
[2016.01.27-12.23.50:116][114]LogBlueprint:Warning: USimpleConstructionScript::FixupRootNodeParentReferences() - Couldn't find inherited parent component 'DefaultSceneRoot' for 'Sphere' in BlueprintGeneratedClass 'REINST_CRAFT_Test_C_43' (it may have been removed)
[2016.01.27-12.23.50:183][114]LogBlueprint:Warning: [compiler BP_BuildManager] Warning Can't connect pins  Build Manager  and  Self : PLACEHOLDER-CLASS  BP Build Manager C 15 Reference is not compatible with Self Reference.
[2016.01.27-12.23.50:183][114]LogBlueprint:Warning: [compiler BP_BuildManager] Warning Can't connect pins  Self  and  Build Manager : Self Reference is not compatible with PLACEHOLDER-CLASS  BP Build Manager C 15 Reference.
[2016.01.27-12.23.50:185][114]LogBlueprint:Error: [compiler BP_BuildManager] Error This blueprint (self) is not a BP_PlayerCharacter_C, therefore ' Target ' must have a connection.
[2016.01.27-12.23.50:185][114]LogBlueprint:Error: [compiler BP_BuildManager] Error Variable node  Get ConstructionRoot  uses an invalid target.  It may depend on a node that is not connected to the execution chain, and got purged.
[2016.01.27-12.23.50:192][114]LogBlueprint:Warning: [compiler BP_BuildManager] Warning [0006.34] Compile of BP_BuildManager failed. 2 Fatal Issue(s) 2 Warning(s) [in 14 ms]
[2016.01.27-12.23.50:193][114]LogBlueprint:Warning: [compiler BP_BuildManager] Warning [0006.34] Compile of BP_BuildManager failed. 2 Fatal Issue(s) 3 Warning(s) [in 0 ms]
[2016.01.27-12.23.50:193][114]LogBlueprint:Warning: [compiler BP_BuildManager] Warning [0006.34] Compile of BP_BuildManager failed. 2 Fatal Issue(s) 4 Warning(s) [in 0 ms]
[2016.01.27-12.23.50:204][114]LogBlueprint:Warning: [compiler BP_ConstructionAsset] Warning Can't connect pins  Build Manager  and  Build Manager : PLACEHOLDER-CLASS  BP Build Manager C 15 Reference is not compatible with BP Build Manager Reference.
[2016.01.27-12.23.50:204][114]LogBlueprint:Warning: [compiler BP_ConstructionAsset] Warning Can't connect pins  Build Manager  and  Build Manager : BP Build Manager Reference is not compatible with PLACEHOLDER-CLASS  BP Build Manager C 15 Reference.
[2016.01.27-12.23.50:206][114]LogBlueprint:Warning: [compiler BP_ConstructionAsset] Warning [0006.36] Compile of BP_ConstructionAsset successful, but with 2 Warning(s) [in 8 ms]
[2016.01.27-12.23.50:206][114]LogBlueprint:Warning: [compiler BP_ConstructionAsset] Warning [0006.36] Compile of BP_ConstructionAsset successful, but with 3 Warning(s) [in 0 ms]
[2016.01.27-12.23.50:207][114]LogBlueprint:Warning: [compiler BP_ConstructionAsset] Warning [0006.36] Compile of BP_ConstructionAsset successful, but with 4 Warning(s) [in 0 ms]
[2016.01.27-12.23.50:209][114]LogBlueprint:Warning: RefreshAllNodes called on incompletly loaded blueprint 'Blueprint /Game/Blueprints/Core/BP_PlayerCharacter.BP_PlayerCharacter'
[2016.01.27-12.23.50:209][114]LogWindows:Error: Windows GetLastError: Операция успешно завершена. (0)
[2016.01.27-12.23.50:373][114]LogCrashTracker: 


[2016.01.27-12.23.50:443][114]LogCrashTracker: 


[2016.01.27-12.23.50:443][114]LogWindows:Error: === Critical error: ===
Assertion failed: BlueprintObj->GeneratedClass [File:D:\BuildFarm\buildmachine_++depot+UE4-Releases+4.10\Engine\Source\Editor\UnrealEd\Private\Kismet2\Kismet2.cpp] [Line: 901] 
Invalid generated class for BP_PlayerCharacter




[2016.01.27-12.23.50:498][114]LogExit: Executing StaticShutdownAfterError
[2016.01.27-12.23.50:501][114]LogPhysics:Warning: PHYSX: ..\..\PhysX\src\NpScene.cpp (2946) 8 : PxScene::unlockWrite() called without matching call to PxScene::lockWrite(), behaviour will be undefined.
[2016.01.27-12.23.50:501][114]LogPhysics:Warning: PHYSX: ..\..\PhysX\src\NpScene.cpp (2946) 8 : PxScene::unlockWrite() called without matching call to PxScene::lockWrite(), behaviour will be undefined.
[2016.01.27-12.23.50:501][114]LogPhysics:Warning: PHYSX: ..\..\PhysX\src\NpScene.cpp (2946) 8 : PxScene::unlockWrite() called without matching call to PxScene::lockWrite(), behaviour will be undefined.
[2016.01.27-12.23.50:501][114]LogPhysics:Warning: PHYSX: ..\..\PhysX\src\NpScene.cpp (2946) 8 : PxScene::unlockWrite() called without matching call to PxScene::lockWrite(), behaviour will be undefined.
[2016.01.27-12.23.50:501][114]LogWindows: FPlatformMisc::RequestExit(1)
[2016.01.27-12.23.50:501][114]Log file closed, 01/27/16 15:23:50
