[2016.01.27-09.39.02:461][  0]Log file open, 01/27/16 12:39:02
[2016.01.27-09.39.02:461][  0]LogInit:Display: Running engine for game: PlanetCraft
[2016.01.27-09.39.02:461][  0]LogPlatformFile: Not using cached read wrapper
[2016.01.27-09.39.02:461][  0]LogInit:Display: RandInit(1625966382) SRandInit(1625966383).
[2016.01.27-09.39.02:461][  0]LogTaskGraph: Started task graph with 4 named threads and 7 total threads.
[2016.01.27-09.39.02:461][  0]LogStats: Stats thread started at 0.105743
[2016.01.27-09.39.02:461][  0]LogInit: Version: 4.10.2-2818068+++depot+UE4-Releases+4.10
[2016.01.27-09.39.02:461][  0]LogInit: API Version: 2758231
[2016.01.27-09.39.02:461][  0]LogInit: Compiled (64-bit): Jan  6 2016 17:36:42
[2016.01.27-09.39.02:461][  0]LogInit: Compiled with Visual C++: 19.00.23026.00
[2016.01.27-09.39.02:461][  0]LogInit: Build Configuration: Development
[2016.01.27-09.39.02:461][  0]LogInit: Branch Name: ++depot+UE4-Releases+4.10
[2016.01.27-09.39.02:461][  0]LogInit: Command line:  
[2016.01.27-09.39.02:461][  0]LogInit: Base directory: C:/Program Files (x86)/Epic Games/4.10/Engine/Binaries/Win64/
[2016.01.27-09.39.02:461][  0]LogInit: Rocket: 1
[2016.01.27-09.39.02:478][  0]LogInit: Using libcurl 7.41.0
[2016.01.27-09.39.02:478][  0]LogInit:  - built for x86_64-pc-win32
[2016.01.27-09.39.02:478][  0]LogInit:  - supports SSL with WinSSL
[2016.01.27-09.39.02:478][  0]LogInit:  - other features:
[2016.01.27-09.39.02:478][  0]LogInit:      CURL_VERSION_SSL
[2016.01.27-09.39.02:478][  0]LogInit:      CURL_VERSION_IPV6
[2016.01.27-09.39.02:478][  0]LogInit:      CURL_VERSION_ASYNCHDNS
[2016.01.27-09.39.02:478][  0]LogInit:      CURL_VERSION_LARGEFILE
[2016.01.27-09.39.02:478][  0]LogInit:      CURL_VERSION_IDN
[2016.01.27-09.39.02:478][  0]LogInit:  CurlRequestOptions (configurable via config and command line):
[2016.01.27-09.39.02:478][  0]LogInit:  - bVerifyPeer = true  - Libcurl will verify peer certificate
[2016.01.27-09.39.02:478][  0]LogInit:  - bUseHttpProxy = false  - Libcurl will NOT use HTTP proxy
[2016.01.27-09.39.02:478][  0]LogInit:  - bDontReuseConnections = false  - Libcurl will reuse connections
[2016.01.27-09.39.02:478][  0]LogInit:  - CertBundlePath = nullptr  - Libcurl will use whatever was configured at build time.
[2016.01.27-09.39.02:487][  0]LogInit: Presizing for 0 objects not considered by GC, pre-allocating 0 bytes.
[2016.01.27-09.39.02:492][  0]LogInit: Object subsystem initialized
[2016.01.27-09.39.02:492][  0]LogInit: Selected Device Profile: [Windows]
[2016.01.27-09.39.02:492][  0]LogInit: Applying CVar settings loaded from the selected device profile: [Windows]
[2016.01.27-09.39.02:526][  0]LogInit: Computer: VNOVIKOV
[2016.01.27-09.39.02:527][  0]LogInit: User: vnovikov
[2016.01.27-09.39.02:527][  0]LogInit: CPU Page size=4096, Cores=4
[2016.01.27-09.39.02:527][  0]LogInit: High frequency timer resolution =3.418007 MHz
[2016.01.27-09.39.02:527][  0]LogMemory: Memory total: Physical=15.9GB (16GB approx)
[2016.01.27-09.39.02:527][  0]LogMemory: Platform Memory Stats for Windows
[2016.01.27-09.39.02:527][  0]LogMemory: Process Physical Memory: 56.09 MB used, 56.09 MB peak
[2016.01.27-09.39.02:527][  0]LogMemory: Process Virtual Memory: 56.80 MB used, 56.80 MB peak
[2016.01.27-09.39.02:527][  0]LogMemory: Physical Memory: 3535.39 MB used, 16249.03 MB total
[2016.01.27-09.39.02:527][  0]LogMemory: Virtual Memory: 350.96 MB used, 8388608.00 MB total
[2016.01.27-09.39.02:664][  0]LogTextLocalizationManager: No translations for ('ru-RU') exist, falling back to 'en' for localization and internationalization data.
[2016.01.27-09.39.03:297][  0]LogD3D11RHI: Found D3D11 adapter 0: NVIDIA GeForce GTX 960 (Feature Level 11_0)
[2016.01.27-09.39.03:297][  0]LogD3D11RHI: Adapter has 1969MB of dedicated video memory, 0MB of dedicated system memory, and 2048MB of shared system memory, 2 output[s]
[2016.01.27-09.39.03:297][  0]LogD3D11RHI: Chosen D3D11 Adapter Id = 0
[2016.01.27-09.39.03:300][  0]LogD3D11RHI: !Direct3DDevice
[2016.01.27-09.39.03:300][  0]LogRHI: Texture pool is 1361 MB (70% of 1945 MB)
[2016.01.27-09.39.03:307][  0]LogD3D11RHI: Async texture creation enabled
[2016.01.27-09.39.03:320][  0]LogShaderCompilers: Guid format shader working directory is 21 characters bigger than the processId version (F:/Projects/project_kopernik/Intermediate/Shaders/WorkingDirectory/4104/).
[2016.01.27-09.39.03:320][  0]LogShaderCompilers: Cleaned the shader compiler working directory 'C:/Users/vnovikov/AppData/Local/Temp/UnrealShaderWorkingDir/0AC12496488C6C9515E6F984A29C1652/'.
[2016.01.27-09.39.03:320][  0]LogShaderCompilers:Display: Using Local Shader Compiler.
[2016.01.27-09.39.05:975][  0]LogTemp:Display: Loaded TP AllDesktopTargetPlatform
[2016.01.27-09.39.05:978][  0]LogTemp:Display: Loaded TP WindowsClientTargetPlatform
[2016.01.27-09.39.05:981][  0]LogTemp:Display: Loaded TP WindowsNoEditorTargetPlatform
[2016.01.27-09.39.05:984][  0]LogTemp:Display: Loaded TP WindowsServerTargetPlatform
[2016.01.27-09.39.05:987][  0]LogTemp:Display: Loaded TP WindowsTargetPlatform
[2016.01.27-09.39.05:990][  0]LogTemp:Display: Loaded TP AndroidTargetPlatform
[2016.01.27-09.39.05:991][  0]LogTemp:Display: Loaded TP Android_ASTCTargetPlatform
[2016.01.27-09.39.05:993][  0]LogTemp:Display: Loaded TP Android_ATCTargetPlatform
[2016.01.27-09.39.05:995][  0]LogTemp:Display: Loaded TP Android_DXTTargetPlatform
[2016.01.27-09.39.05:997][  0]LogTemp:Display: Loaded TP Android_ETC1TargetPlatform
[2016.01.27-09.39.05:999][  0]LogTemp:Display: Loaded TP Android_ETC2TargetPlatform
[2016.01.27-09.39.06:004][  0]LogTemp:Display: Loaded TP Android_MultiTargetPlatform
[2016.01.27-09.39.06:004][  0]LogTemp:Display: Loaded TP Android_PVRTCTargetPlatform
[2016.01.27-09.39.06:004][  0]LogTemp:Display: Loaded TP HTML5TargetPlatform
[2016.01.27-09.39.06:028][  0]LogTemp:Display: Loaded TP IOSTargetPlatform
[2016.01.27-09.39.06:030][  0]LogTemp:Display: Loaded TP LinuxNoEditorTargetPlatform
[2016.01.27-09.39.06:032][  0]LogTemp:Display: Loaded TP LinuxServerTargetPlatform
[2016.01.27-09.39.06:042][  0]LogTemp:Display: Loaded TP LinuxTargetPlatform
[2016.01.27-09.39.06:042][  0]LogTargetPlatformManager:Display: Building Assets For Windows
[2016.01.27-09.39.06:206][  0]LogDerivedDataCache:Display: Max Cache Size: 512 MB
[2016.01.27-09.39.06:482][  0]LogDerivedDataCache: Loaded boot cache 0.28s 41MB C:/Users/vnovikov/AppData/Local/UnrealEngine/4.10/DerivedDataCache/Boot.ddc.
[2016.01.27-09.39.06:482][  0]LogDerivedDataCache:Display: Loaded Boot cache: C:/Users/vnovikov/AppData/Local/UnrealEngine/4.10/DerivedDataCache/Boot.ddc
[2016.01.27-09.39.06:482][  0]LogDerivedDataCache: FDerivedDataBackendGraph:  Pak pak cache file F:/Projects/project_kopernik/DerivedDataCache/DDC.ddp not found, will not use a pak cache.
[2016.01.27-09.39.06:482][  0]LogDerivedDataCache: Unable to find inner node Pak for hierarchical cache Hierarchy.
[2016.01.27-09.39.06:482][  0]LogDerivedDataCache: FDerivedDataBackendGraph:  CompressedPak pak cache file F:/Projects/project_kopernik/DerivedDataCache/Compressed.ddp not found, will not use a pak cache.
[2016.01.27-09.39.06:482][  0]LogDerivedDataCache: Unable to find inner node CompressedPak for hierarchical cache Hierarchy.
[2016.01.27-09.39.06:560][  0]LogDerivedDataCache:Display: Pak cache opened for reading ../../../Engine/DerivedDataCache/Compressed.ddp.
[2016.01.27-09.39.06:571][  0]LogDerivedDataCache: Using Local data cache path C:/Users/vnovikov/AppData/Local/UnrealEngine/Common/DerivedDataCache: Writable
[2016.01.27-09.39.09:115][  0]LogInit: Selected Device Profile: [Windows]
[2016.01.27-09.39.09:116][  0]LogContentStreaming: Texture pool size is 0.000000MB
[2016.01.27-09.39.09:167][  0]LogMeshUtilities: No automatic mesh reduction module available
[2016.01.27-09.39.09:167][  0]LogMeshUtilities: No automatic mesh merging module available
[2016.01.27-09.39.10:343][  0]LogInit: WinSock: version 1.1 (2.2), MaxSocks=32767, MaxUdp=65467
[2016.01.27-09.39.25:150][  0]UdpMessaging: Initializing bridge on interface 0.0.0.0:0 to multicast group 230.0.0.1:6666.
[2016.01.27-09.39.25:625][  0]LogAssetRegistry: FAssetRegistry took 0.0103 seconds to start up
[2016.01.27-09.39.26:428][  0]SourceControl: Info Source control is disabled
[2016.01.27-09.39.26:429][  0]SourceControl: Info Source control is disabled
[2016.01.27-09.39.26:435][  0]SourceControl: Info Source control is disabled
[2016.01.27-09.39.26:442][  0]SourceControl: Info Source control is disabled
[2016.01.27-09.39.27:475][  0]LogObj: 28633 objects as part of root set at end of initial load.
[2016.01.27-09.39.27:475][  0]LogUObjectAllocator: 6099752 out of 0 bytes used by permanent object pool.
[2016.01.27-09.39.27:648][  0]LogEngine: Initializing Engine...
[2016.01.27-09.39.27:649][  0]LogHMD: Can't find Oculus library dev build: is proper Runtime installed? Version: 0.8.0.0
[2016.01.27-09.39.27:649][  0]LogHMD: SteamVR failed to initialize.  Err: 110
[2016.01.27-09.39.28:162][  0]LogAIModule: Creating AISystem for world NewWorld
[2016.01.27-09.39.28:166][  0]LogInit: XAudio2 using 'Динамики (Realtek High Definition Audio)' : 2 channels at 48 kHz using 32 bits per sample (channel mask 0x3)
[2016.01.27-09.39.28:174][  0]LogInit: FAudioDevice initialized.
[2016.01.27-09.39.28:192][  0]LogDerivedDataCache: Saved boot cache 0.02s 41MB C:/Users/vnovikov/AppData/Local/UnrealEngine/4.10/DerivedDataCache/Boot.ddc.
[2016.01.27-09.39.28:194][  0]LogInit: Texture streaming: Enabled
[2016.01.27-09.39.28:198][  0]LogAnalytics: Creating configured Analytics provider AnalyticsET
[2016.01.27-09.39.28:198][  0]LogAnalytics: [UEEditor.Rocket.Release] APIServer = http://et2.epicgames.com/ET2/. AppVersion = 4.10.2-2818068+++depot+UE4-Releases+4.10
[2016.01.27-09.39.28:198][  0]LogAnalytics: [UEEditor.Rocket.Release] SetUserId f53ae01540d6dc9cd1584591fa06154a|53d085766f07496a9bf34dcc5d27aa54|8cdb6ad2-59b8-47a0-8902-bc4bacc0237b
[2016.01.27-09.39.28:198][  0]LogAnalytics: [UEEditor.Rocket.Release] AnalyticsET::StartSession
[2016.01.27-09.39.28:203][  0]LogInit: Transaction tracking system initialized
[2016.01.27-09.39.28:222][  0]BlueprintLog: New page: Editor Load
[2016.01.27-09.39.28:312][  0]LocalizationService: Info Localization service is disabled
[2016.01.27-09.39.28:508][  0]LogConsoleResponse:Display: 
[2016.01.27-09.39.30:824][  0]LogCook:Display: Done creating registry. It took  0.00s.
[2016.01.27-09.39.31:182][  0]LogFileCache: Scanning file cache for directory 'F:/Projects/project_kopernik/Content/' took 0.01s
[2016.01.27-09.39.31:182][  0]SourceControl: Info Source control is disabled
[2016.01.27-09.39.31:182][  0]Cmd: MAP LOAD FILE="../../../Engine/Content/Maps/Templates/Template_Default.umap" TEMPLATE=1 SHOWPROGRESS=1 FEATURELEVEL=3
[2016.01.27-09.39.31:204][  0]LightingResults: New page: Lighting Build
[2016.01.27-09.39.31:206][  0]MapCheck: New page: Map Check
[2016.01.27-09.39.31:206][  0]LightingResults: New page: Lighting Build
[2016.01.27-09.39.31:214][  0]LogParticles: Destroying 0 GPU particle simulations for FXSystem 0x0000000023062480
[2016.01.27-09.39.32:406][  0]LogAIModule: Creating AISystem for world Untitled_1
[2016.01.27-09.39.32:447][  0]LogEditorServer: Finished looking for orphan Actors (0.000 secs)
[2016.01.27-09.39.32:451][  0]Cmd: MAP CHECKDEP NOCLEARLOG
[2016.01.27-09.39.32:472][  0]MapCheck: Info Map check complete: 0 Error(s), 0 Warning(s), took 21.204ms to complete.
[2016.01.27-09.39.32:472][  0]LogFileHelpers: Loading map 'Template_Default' took 1.290
[2016.01.27-09.39.32:775][  0]LogCollectionManager: Loaded 0 collections in 0.001314 seconds
[2016.01.27-09.39.32:813][  0]LogFileCache: Scanning file cache for directory 'F:/Projects/project_kopernik/Saved/Collections/' took 0.01s
[2016.01.27-09.39.32:814][  0]LogFileCache: Scanning file cache for directory 'F:/Projects/project_kopernik/Content/Developers/vnovikov/Collections/' took 0.01s
[2016.01.27-09.39.32:814][  0]LogFileCache: Scanning file cache for directory 'F:/Projects/project_kopernik/Content/Collections/' took 0.01s
[2016.01.27-09.39.32:814][  0]LogCollectionManager: Rebuilt the GUID cache for 0 collections in 0.000001 seconds
[2016.01.27-09.39.32:819][  0]LogContentBrowser: Native class hierarchy populated in 0.0054 seconds. Added 1893 classes and 338 folders.
[2016.01.27-09.39.32:823][  0]LogContentBrowser: Native class hierarchy updated for 'WidgetCarousel' in 0.0002 seconds. Added 0 classes and 0 folders.
[2016.01.27-09.39.34:815][  0]LogContentBrowser: Native class hierarchy updated for 'AddContentDialog' in 0.0002 seconds. Added 0 classes and 0 folders.
[2016.01.27-09.39.34:818][  0]LogContentBrowser: Native class hierarchy updated for 'SceneOutliner' in 0.0002 seconds. Added 1 classes and 2 folders.
[2016.01.27-09.39.34:990][  0]LogCrashTracker: Crashtracker disabled due to settings.
[2016.01.27-09.39.34:992][  0]LogUObjectGlobals:Warning: Failed to find object 'Class None.'
[2016.01.27-09.39.35:013][  0]LogLoad: Full Startup: 33.54 seconds (BP compile: 0.05 seconds)
[2016.01.27-09.39.35:023][  0]LogOcInput: Can't find Oculus library dev build: is proper Runtime installed? Version: 0.8.0.0
[2016.01.27-09.39.35:193][  0]LogContentStreaming: Texture pool size now 1000 MB
[2016.01.27-09.39.35:407][  0]LogRenderer: Reallocating scene render targets to support 1144x580 (Frame:2).
[2016.01.27-09.39.35:490][  2]LogAssetRegistry: Asset discovery search completed in 9.8759 seconds
[2016.01.27-09.39.35:490][  2]LogCollectionManager: Rebuilt the object cache for 0 collections in 0.000001 seconds (found 0 objects)
[2016.01.27-09.39.35:490][  2]LogCollectionManager: Fixed up redirectors for 0 collections in 0.000014 seconds (updated 0 objects)
[2016.01.27-09.39.56:327][456]LogProperty:Error: UStructProperty::Serialize Loading: Property 'StructProperty /Game/Blueprints/Core/BP_SaveGame.BP_SaveGame_C:PlayerData'. Unknown structure.
[2016.01.27-09.39.56:327][456]LogClass:Warning: Property PlayerData of BP_SaveGame_C has a struct type mismatch (tag STRUCT_REINST_S_PlayerData_40 != prop FallbackStruct) in package:  F:/Projects/project_kopernik/Content/Blueprints/Core/BP_SaveGame.uasset. If that struct got renamed, add an entry to ActiveStructRedirects.
[2016.01.27-09.39.56:328][456]LogClass:Warning: Property PlayerData of BP_SaveGame_C has a struct type mismatch (tag FallbackStruct != prop S_PlayerData) in package:  FObjectReader. If that struct got renamed, add an entry to ActiveStructRedirects.
[2016.01.27-09.39.57:068][456]LogLinker:Warning: Asset '../../../Engine/Content/ArtTools/RenderToTexture/Macros/RenderToTextureMacros.uasset' has been saved with empty engine version. The asset will be loaded but may be incompatible.
[2016.01.27-09.39.57:442][456]LogContentBrowser: Native class hierarchy updated for 'BlueprintGraph' in 0.0005 seconds. Added 107 classes and 0 folders.
[2016.01.27-09.40.38:839][700]BlueprintLog: New page: Compile BPS_CraftableAsset
[2016.01.27-09.40.38:942][700]BlueprintEditorCompileResults: Info [0097.47] Compile of BPS_CraftableAsset successful! [in 102 ms]
[2016.01.27-09.40.46:645][619]BlueprintLog: New page: Compile BP_ConstructionAsset
[2016.01.27-09.40.46:692][619]LogBlueprint:Warning: USimpleConstructionScript::FixupRootNodeParentReferences() - Couldn't find inherited parent component 'DefaultSceneRoot' for 'Mesh' in BlueprintGeneratedClass 'REINST_CA_Container_C_114' (it may have been removed)
[2016.01.27-09.40.46:871][619]BlueprintEditorCompileResults: Info [0105.40] Compile of BP_ConstructionAsset successful! [in 225 ms]
[2016.01.27-09.41.09:113][222]LogRenderer: Reallocating scene render targets to support 1144x744 (Frame:6974).
[2016.01.27-09.41.51:089][182]BlueprintLog: New page: Compile BPS_CraftableAsset
[2016.01.27-09.41.51:157][182]BlueprintEditorCompileResults: Info [0169.69] Compile of BPS_CraftableAsset successful! [in 67 ms]
[2016.01.27-09.42.22:405][910]BlueprintLog: New page: Compile BP_ConstructionAsset
[2016.01.27-09.42.22:452][910]LogBlueprint:Warning: USimpleConstructionScript::FixupRootNodeParentReferences() - Couldn't find inherited parent component 'DefaultSceneRoot' for 'Mesh' in BlueprintGeneratedClass 'REINST_CA_Container_C_152' (it may have been removed)
[2016.01.27-09.42.22:633][910]BlueprintEditorCompileResults: Info [0201.17] Compile of BP_ConstructionAsset successful! [in 228 ms]
[2016.01.27-09.42.26:076][316]LogParticles: Destroying 0 GPU particle simulations for FXSystem 0x0000000057575620
[2016.01.27-09.42.27:434][316]LogObjectTools:Warning: ForceReplaceReferences replaced references for a transient object 'K2Node_Event_232' or package '/Engine/Transient'.
[2016.01.27-09.42.27:434][316]LogObjectTools:Warning: ForceReplaceReferences replaced references for a transient object 'K2Node_Event_231' or package '/Engine/Transient'.
[2016.01.27-09.42.27:434][316]LogObjectTools:Warning: ForceReplaceReferences replaced references for a transient object 'K2Node_Event_232' or package '/Engine/Transient'.
[2016.01.27-09.42.27:434][316]LogObjectTools:Warning: ForceReplaceReferences replaced references for a transient object 'K2Node_Event_231' or package '/Engine/Transient'.
[2016.01.27-09.42.27:434][316]LogObjectTools:Warning: ForceReplaceReferences replaced references for a transient object 'K2Node_Event_232' or package '/Engine/Transient'.
[2016.01.27-09.42.27:434][316]LogObjectTools:Warning: ForceReplaceReferences replaced references for a transient object 'K2Node_Event_231' or package '/Engine/Transient'.
[2016.01.27-09.42.27:434][316]LogObjectTools:Warning: ForceReplaceReferences replaced references for a transient object 'K2Node_Event_232' or package '/Engine/Transient'.
[2016.01.27-09.42.27:434][316]LogObjectTools:Warning: ForceReplaceReferences replaced references for a transient object 'K2Node_Event_231' or package '/Engine/Transient'.
[2016.01.27-09.42.27:434][316]LogObjectTools:Warning: ForceReplaceReferences replaced references for a transient object 'K2Node_Event_232' or package '/Engine/Transient'.
[2016.01.27-09.42.27:434][316]LogObjectTools:Warning: ForceReplaceReferences replaced references for a transient object 'K2Node_Event_231' or package '/Engine/Transient'.
[2016.01.27-09.42.27:434][316]LogObjectTools:Warning: ForceReplaceReferences replaced references for a transient object 'DEADCLASS_BPS_CraftableAsset_C_1' or package '/Engine/Transient'.
[2016.01.27-09.42.27:434][316]LogObjectTools:Warning: ForceReplaceReferences replaced references for a transient object 'DEADCLASS_BPS_CraftableAsset_C_0' or package '/Engine/Transient'.
[2016.01.27-09.42.27:435][316]LogObjectTools:Warning: ForceReplaceReferences replaced references for a transient object 'ObjectProperty_381' or package '/Engine/Transient'.
[2016.01.27-09.42.27:435][316]LogObjectTools:Warning: ForceReplaceReferences replaced references for a transient object 'BlueprintComponentNodeSpawner_765' or package '/Engine/Transient'.
[2016.01.27-09.42.27:435][316]LogObjectTools:Warning: ForceReplaceReferences replaced references for a transient object 'BlueprintComponentNodeSpawner_445' or package '/Engine/Transient'.
[2016.01.27-09.42.27:435][316]LogObjectTools:Warning: ForceReplaceReferences replaced references for a transient object 'K2Node_Event_231' or package '/Engine/Transient'.
[2016.01.27-09.42.27:435][316]LogObjectTools:Warning: ForceReplaceReferences replaced references for a transient object 'K2Node_Event_232' or package '/Engine/Transient'.
[2016.01.27-09.42.27:435][316]LogObjectTools:Warning: ForceReplaceReferences replaced references for a transient object 'K2Node_Event_231' or package '/Engine/Transient'.
[2016.01.27-09.42.27:435][316]LogObjectTools:Warning: ForceReplaceReferences replaced references for a transient object 'K2Node_Event_232' or package '/Engine/Transient'.
[2016.01.27-09.42.27:435][316]LogObjectTools:Warning: ForceReplaceReferences replaced references for a transient object 'REINST_SKEL_BPS_CraftableAsset_C_163' or package '/Engine/Transient'.
[2016.01.27-09.42.27:435][316]LogObjectTools:Warning: ForceReplaceReferences replaced references for a transient object 'REINST_BPS_CraftableAsset_C_162' or package '/Engine/Transient'.
[2016.01.27-09.42.27:454][316]LogParticles: Destroying 0 GPU particle simulations for FXSystem 0x000000003DBDB060
[2016.01.27-09.42.27:455][316]LogParticles: Destroying 0 GPU particle simulations for FXSystem 0x0000000029B947C0
[2016.01.27-09.42.49:061][675]LogMetaData: Removing '/Game/Blueprints/BPC_ItemGenerator.BPC_ItemGenerator_C' ref from Metadata '/Game/Blueprints/BPS_ItemGenerator.PackageMetaData'
[2016.01.27-09.42.49:061][675]LogMetaData: Removing '/Game/Blueprints/BPC_ItemGenerator.BPC_ItemGenerator:EventGraph.K2Node_Event_325' ref from Metadata '/Game/Blueprints/BPS_ItemGenerator.PackageMetaData'
[2016.01.27-09.42.49:061][675]LogMetaData: Removing '/Game/Blueprints/BPC_ItemGenerator.BPC_ItemGenerator:EventGraph.K2Node_Event_326' ref from Metadata '/Game/Blueprints/BPS_ItemGenerator.PackageMetaData'
[2016.01.27-09.42.49:061][675]LogMetaData: Removing '/Game/Blueprints/BPC_ItemGenerator.SKEL_BPC_ItemGenerator_C' ref from Metadata '/Game/Blueprints/BPS_ItemGenerator.PackageMetaData'
[2016.01.27-09.42.49:082][675]Cmd: OBJ SAVEPACKAGE PACKAGE="/Game/Blueprints/BPC_ItemGenerator" FILE="F:/Projects/project_kopernik/Content/Blueprints/BPC_ItemGenerator.uasset" SILENT=true
[2016.01.27-09.42.49:101][675]LogSavePackage: Save=16.130159ms
[2016.01.27-09.42.49:101][675]LogSavePackage: Moving 'F:/Projects/project_kopernik/Saved/BPC_ItemGeneratorE054DAEF4FE22C0CC078179F85195333.tmp' to 'F:/Projects/project_kopernik/Content/Blueprints/BPC_ItemGenerator.uasset'
[2016.01.27-09.42.49:102][675]LogSavePackage: Total save time: 18.946715ms
[2016.01.27-09.42.49:102][675]LogSavePackage:Display: Finished SavePackage F:/Projects/project_kopernik/Content/Blueprints/BPC_ItemGenerator.uasset
[2016.01.27-09.42.49:107][675]Cmd: OBJ SAVEPACKAGE PACKAGE="/Game/Blueprints/BPS_ItemGenerator" FILE="F:/Projects/project_kopernik/Content/Blueprints/BPS_ItemGenerator.uasset" SILENT=true
[2016.01.27-09.42.49:129][675]LogSavePackage: Save=0.643065ms
[2016.01.27-09.42.49:129][675]LogSavePackage: Moving 'F:/Projects/project_kopernik/Saved/BPS_ItemGenerator2F8F0CA5496031DCE9D133A99C870453.tmp' to 'F:/Projects/project_kopernik/Content/Blueprints/BPS_ItemGenerator.uasset'
[2016.01.27-09.42.49:130][675]LogSavePackage: Total save time: 22.054080ms
[2016.01.27-09.42.49:130][675]LogSavePackage:Display: Finished SavePackage F:/Projects/project_kopernik/Content/Blueprints/BPS_ItemGenerator.uasset
[2016.01.27-09.43.55:077][973]BlueprintLog: New page: Compile BP_CraftableAsset
[2016.01.27-09.43.55:137][973]BlueprintEditorCompileResults: Info [0293.67] Compile of BP_CraftableAsset successful! [in 60 ms]
[2016.01.27-09.44.18:684][606]BlueprintLog: New page: Compile BP_CraftableAsset
[2016.01.27-09.44.18:743][606]BlueprintEditorCompileResults: Info [0317.28] Compile of BP_CraftableAsset successful! [in 58 ms]
[2016.01.27-09.44.48:314][ 53]BlueprintLog: New page: Compile BP_CraftableAsset
[2016.01.27-09.44.48:373][ 53]BlueprintEditorCompileResults: Info [0346.91] Compile of BP_CraftableAsset successful! [in 58 ms]
[2016.01.27-09.44.52:826][545]LogActorFactory: Actor Factory created Cube
[2016.01.27-09.44.53:571][628]LogActorFactory: Actor Factory created Cube
[2016.01.27-09.45.01:674][430]Cmd: DELETE
[2016.01.27-09.45.01:674][430]Cmd: ACTOR DELETE
[2016.01.27-09.45.01:676][430]LogEditorActor: Deleted Actor: StaticMeshActor
[2016.01.27-09.45.01:698][430]LogEditorActor: Deleted 1 Actors (0.022 secs)
[2016.01.27-09.45.05:513][855]LogLinker:Warning: CreateExport: Failed to load Parent for Function /Game/Resources/Items/Medkit/ITEM_Medkit.ITEM_Medkit_C:UserConstructionScript; removing parent information, but keeping function
[2016.01.27-09.45.05:618][855]LogMaterial: Missing cached shader map for material MedKit_mat, compiling. 
[2016.01.27-09.45.05:637][855]LogAIModule: Creating AISystem for world TestScene
[2016.01.27-09.45.09:463][855]Cmd: OBJ SAVEPACKAGE PACKAGE="/Game/Blueprints/BP_ConstructionAsset" FILE="F:/Projects/project_kopernik/Content/Blueprints/BP_ConstructionAsset.uasset" SILENT=true
[2016.01.27-09.45.10:786][855]LogSavePackage:Warning: 
Referencers of Package /Engine/Transient:
[2016.01.27-09.45.15:609][855]Cmd: OBJ SAVEPACKAGE PACKAGE="/Game/Blueprints/BP_ConstructionAsset" FILE="F:/Projects/project_kopernik/Content/Blueprints/BP_ConstructionAsset.uasset" SILENT=true
[2016.01.27-09.45.27:745][855]LogSavePackage:Warning: 
Referencers of Package /Engine/Transient:
[2016.01.27-09.45.30:540][855]Cmd: OBJ SAVEPACKAGE PACKAGE="/Game/Blueprints/BP_ConstructionAsset" FILE="F:/Projects/project_kopernik/Content/Blueprints/BP_ConstructionAsset.uasset" SILENT=true
[2016.01.27-09.45.35:465][855]LogSavePackage:Warning: 
Referencers of Package /Engine/Transient:
[2016.01.27-09.45.36:420][855]Cmd: OBJ SAVEPACKAGE PACKAGE="/Game/Blueprints/BP_ConstructionAsset" FILE="F:/Projects/project_kopernik/Content/Blueprints/BP_ConstructionAsset.uasset" SILENT=true
[2016.01.27-09.45.37:432][855]LogSavePackage:Warning: 
Referencers of Package /Engine/Transient:
[2016.01.27-09.45.38:337][855]EditorErrors: New page: Save Output
[2016.01.27-09.45.38:337][855]EditorErrors:Warning: Warning Can't save F:/Projects/project_kopernik/Content/Blueprints/BP_ConstructionAsset.uasset: Graph is linked to external private object (unknown culprit) (unknown property ref)
[2016.01.27-09.45.38:337][855]EditorErrors:Warning: Warning Can't save F:/Projects/project_kopernik/Content/Blueprints/BP_ConstructionAsset.uasset: Graph is linked to external private object (unknown culprit) (unknown property ref)
[2016.01.27-09.45.38:337][855]EditorErrors:Warning: Warning Can't save F:/Projects/project_kopernik/Content/Blueprints/BP_ConstructionAsset.uasset: Graph is linked to external private object (unknown culprit) (unknown property ref)
[2016.01.27-09.45.38:337][855]EditorErrors:Warning: Warning Can't save F:/Projects/project_kopernik/Content/Blueprints/BP_ConstructionAsset.uasset: Graph is linked to external private object (unknown culprit) (unknown property ref)
[2016.01.27-09.45.38:347][855]LogShaderCompilers:Warning: Failed to compile Material /Game/Resources/Items/Medkit/MedKit_mat.MedKit_mat for platform PCD3D_SM5, Default Material will be used in game.
[2016.01.27-09.45.49:055][ 14]BlueprintLog: New page: Compile BP_ConstructionAsset
[2016.01.27-09.45.49:100][ 14]LogBlueprint:Warning: USimpleConstructionScript::FixupRootNodeParentReferences() - Couldn't find inherited parent component 'DefaultSceneRoot' for 'Mesh' in BlueprintGeneratedClass 'REINST_CA_Container_C_212' (it may have been removed)
[2016.01.27-09.45.49:283][ 14]BlueprintEditorCompileResults: Info [0407.83] Compile of BP_ConstructionAsset successful! [in 228 ms]
[2016.01.27-09.46.01:236][749]Cmd: OBJ SAVEPACKAGE PACKAGE="/Game/Blueprints/BP_ConstructionAsset" FILE="F:/Projects/project_kopernik/Content/Blueprints/BP_ConstructionAsset.uasset" SILENT=true
[2016.01.27-09.46.01:295][749]LogSavePackage: Save=37.932339ms
[2016.01.27-09.46.01:295][749]LogSavePackage: Moving 'F:/Projects/project_kopernik/Saved/BP_ConstructionAsset878622CF456F0AF0A024B7A3998245C9.tmp' to 'F:/Projects/project_kopernik/Content/Blueprints/BP_ConstructionAsset.uasset'
[2016.01.27-09.46.01:296][749]LogSavePackage: Total save time: 59.568342ms
[2016.01.27-09.46.01:296][749]LogSavePackage:Display: Finished SavePackage F:/Projects/project_kopernik/Content/Blueprints/BP_ConstructionAsset.uasset
[2016.01.27-09.46.01:299][749]Cmd: OBJ SAVEPACKAGE PACKAGE="/Game/Blueprints/BP_CraftableAsset" FILE="F:/Projects/project_kopernik/Content/Blueprints/BP_CraftableAsset.uasset" SILENT=true
[2016.01.27-09.46.01:307][749]LogSavePackage: Save=8.101213ms
[2016.01.27-09.46.01:307][749]LogSavePackage: Moving 'F:/Projects/project_kopernik/Saved/BP_CraftableAssetE1555C904ACD37237C7C8C809B09CD44.tmp' to 'F:/Projects/project_kopernik/Content/Blueprints/BP_CraftableAsset.uasset'
[2016.01.27-09.46.01:308][749]LogSavePackage: Total save time: 8.637492ms
[2016.01.27-09.46.01:308][749]LogSavePackage:Display: Finished SavePackage F:/Projects/project_kopernik/Content/Blueprints/BP_CraftableAsset.uasset
[2016.01.27-09.46.01:309][749]Cmd: MAP LOAD FILE="F:/Projects/project_kopernik/Content/Scenes/TestScene.umap" TEMPLATE=0 SHOWPROGRESS=1 FEATURELEVEL=3
[2016.01.27-09.46.01:309][749]LightingResults: New page: Lighting Build
[2016.01.27-09.46.01:322][749]LoadErrors: New page: Loading map: TestScene.umap
[2016.01.27-09.46.01:323][749]MapCheck: New page: Map Check
[2016.01.27-09.46.01:323][749]LightingResults: New page: Lighting Build
[2016.01.27-09.46.01:342][749]LogParticles: Destroying 0 GPU particle simulations for FXSystem 0x0000000029703A60
[2016.01.27-09.46.01:386][749]LogEditorServer: Finished looking for orphan Actors (0.000 secs)
[2016.01.27-09.46.01:403][749]Cmd: MAP CHECKDEP NOCLEARLOG
[2016.01.27-09.46.01:454][749]MapCheck:Warning: Warning CA_FarmContainer_C_0 StaticMeshComponent /Game/Scenes/TestScene.TestScene:PersistentLevel.CA_FarmContainer_C_0.AssetMesh : Externally referenced 
[2016.01.27-09.46.01:454][749]MapCheck:Warning: Warning ITEM_Medkit_847 StaticMeshComponent /Game/Scenes/TestScene.TestScene:PersistentLevel.ITEM_Medkit_847.ItemMesh : Externally referenced 
[2016.01.27-09.46.01:454][749]MapCheck:Warning: Warning ITEM_Medkit_847 StaticMeshComponent /Game/Scenes/TestScene.TestScene:PersistentLevel.ITEM_Medkit_847.ItemMesh : Externally referenced 
[2016.01.27-09.46.01:454][749]MapCheck: Info Map check complete: 0 Error(s), 3 Warning(s), took 50.866ms to complete.
[2016.01.27-09.46.01:468][749]LogFileHelpers: Loading map 'TestScene' took 0.159
[2016.01.27-09.46.06:261][ 32]LogActorComponent: UnregisterComponent: (/Engine/Transient.EditorFloorComp) Not registered. Aborting.
[2016.01.27-09.46.06:480][ 33]Cmd: QUIT_EDITOR
[2016.01.27-09.46.06:595][ 33]LogExit: Preparing to exit.
[2016.01.27-09.46.07:269][ 33]LogExit: Editor shut down
[2016.01.27-09.46.07:269][ 33]LogExit: Transaction tracking system shut down
[2016.01.27-09.46.07:270][ 33]LogParticles: Destroying 0 GPU particle simulations for FXSystem 0x000000001228F880
[2016.01.27-09.46.07:270][ 33]LogParticles: Destroying 0 GPU particle simulations for FXSystem 0x00000000343014E0
[2016.01.27-09.46.07:272][ 33]LogParticles: Destroying 0 GPU particle simulations for FXSystem 0x0000000011F76340
[2016.01.27-09.46.07:273][ 33]LogParticles: Destroying 0 GPU particle simulations for FXSystem 0x000000005240F1A0
[2016.01.27-09.46.07:274][ 33]LogParticles: Destroying 0 GPU particle simulations for FXSystem 0x000000003D8C9120
[2016.01.27-09.46.07:274][ 33]LogParticles: Destroying 0 GPU particle simulations for FXSystem 0x0000000051DBEA20
[2016.01.27-09.46.07:275][ 33]LogParticles: Destroying 0 GPU particle simulations for FXSystem 0x0000000049F9DC60
[2016.01.27-09.46.07:426][ 33]LogExit: Object subsystem successfully closed.
[2016.01.27-09.46.07:445][ 33]LogD3D11RHI: Shutdown
[2016.01.27-09.46.07:445][ 33]LogD3D11RHI: CleanupD3DDevice
[2016.01.27-09.46.07:482][ 33]LogD3D11RHI: ~FD3D11DynamicRHI
[2016.01.27-09.46.07:490][ 33]LogModuleManager: Shutting down and abandoning module CookingStats (200)
[2016.01.27-09.46.07:490][ 33]LogModuleManager: Shutting down and abandoning module BlueprintGraph (199)
[2016.01.27-09.46.07:490][ 33]LogModuleManager: Shutting down and abandoning module CrashTracker (198)
[2016.01.27-09.46.07:490][ 33]LogModuleManager: Shutting down and abandoning module SceneOutliner (197)
[2016.01.27-09.46.07:490][ 33]LogModuleManager: Shutting down and abandoning module SuperSearch (196)
[2016.01.27-09.46.07:490][ 33]LogModuleManager: Shutting down and abandoning module WidgetCarousel (195)
[2016.01.27-09.46.07:490][ 33]LogModuleManager: Shutting down and abandoning module AddContentDialog (194)
[2016.01.27-09.46.07:491][ 33]LogModuleManager: Shutting down and abandoning module EditorWidgets (193)
[2016.01.27-09.46.07:491][ 33]LogModuleManager: Shutting down and abandoning module CollectionManager (192)
[2016.01.27-09.46.07:491][ 33]LogModuleManager: Shutting down and abandoning module StatsViewer (191)
[2016.01.27-09.46.07:491][ 33]LogModuleManager: Shutting down and abandoning module FoliageEdit (190)
[2016.01.27-09.46.07:491][ 33]LogModuleManager: Shutting down and abandoning module LandscapeEditor (189)
[2016.01.27-09.46.07:492][ 33]LogModuleManager: Shutting down and abandoning module ActorPickerMode (188)
[2016.01.27-09.46.07:492][ 33]LogModuleManager: Shutting down and abandoning module GeometryMode (187)
[2016.01.27-09.46.07:492][ 33]LogModuleManager: Shutting down and abandoning module TextureAlignMode (186)
[2016.01.27-09.46.07:492][ 33]LogModuleManager: Shutting down and abandoning module BspMode (185)
[2016.01.27-09.46.07:492][ 33]LogModuleManager: Shutting down and abandoning module PlacementMode (184)
[2016.01.27-09.46.07:492][ 33]LogModuleManager: Shutting down and abandoning module AutomationWorker (183)
[2016.01.27-09.46.07:492][ 33]LogModuleManager: Shutting down and abandoning module CharacterAI (182)
[2016.01.27-09.46.07:492][ 33]LogModuleManager: Shutting down and abandoning module SmartSnapping (181)
[2016.01.27-09.46.07:492][ 33]LogModuleManager: Shutting down and abandoning module ViewportSnapping (180)
[2016.01.27-09.46.07:492][ 33]LogModuleManager: Shutting down and abandoning module LogVisualizer (179)
[2016.01.27-09.46.07:492][ 33]LogModuleManager: Shutting down and abandoning module GameProjectGeneration (178)
[2016.01.27-09.46.07:492][ 33]LogModuleManager: Shutting down and abandoning module IntroTutorials (177)
[2016.01.27-09.46.07:492][ 33]LogModuleManager: Shutting down and abandoning module EditorLiveStreaming (176)
[2016.01.27-09.46.07:492][ 33]LogModuleManager: Shutting down and abandoning module IOSPlatformEditor (175)
[2016.01.27-09.46.07:492][ 33]LogModuleManager: Shutting down and abandoning module HTML5PlatformEditor (174)
[2016.01.27-09.46.07:492][ 33]LogModuleManager: Shutting down and abandoning module AndroidDeviceDetection (173)
[2016.01.27-09.46.08:369][ 33]LogModuleManager: Shutting down and abandoning module AndroidPlatformEditor (172)
[2016.01.27-09.46.08:369][ 33]LogModuleManager: Shutting down and abandoning module IOSRuntimeSettings (171)
[2016.01.27-09.46.08:369][ 33]LogModuleManager: Shutting down and abandoning module AndroidRuntimeSettings (170)
[2016.01.27-09.46.08:369][ 33]LogModuleManager: Shutting down and abandoning module MergeActors (169)
[2016.01.27-09.46.08:369][ 33]LogModuleManager: Shutting down and abandoning module SizeMap (168)
[2016.01.27-09.46.08:369][ 33]LogModuleManager: Shutting down and abandoning module TreeMap (167)
[2016.01.27-09.46.08:369][ 33]LogModuleManager: Shutting down and abandoning module ReferenceViewer (166)
[2016.01.27-09.46.08:369][ 33]LogModuleManager: Shutting down and abandoning module LocalizationService (165)
[2016.01.27-09.46.08:369][ 33]LogModuleManager: Shutting down and abandoning module LocalizationDashboard (164)
[2016.01.27-09.46.08:369][ 33]LogModuleManager: Shutting down and abandoning module HardwareTargeting (163)
[2016.01.27-09.46.08:369][ 33]LogModuleManager: Shutting down and abandoning module DeviceProfileEditor (162)
[2016.01.27-09.46.08:369][ 33]LogModuleManager: Shutting down and abandoning module UndoHistory (161)
[2016.01.27-09.46.08:369][ 33]LogModuleManager: Shutting down and abandoning module GameplayTagsEditor (160)
[2016.01.27-09.46.08:369][ 33]LogModuleManager: Shutting down and abandoning module UserFeedback (159)
[2016.01.27-09.46.08:369][ 33]LogModuleManager: Shutting down and abandoning module XmlParser (158)
[2016.01.27-09.46.08:369][ 33]LogModuleManager: Shutting down and abandoning module Blutility (157)
[2016.01.27-09.46.08:369][ 33]LogModuleManager: Shutting down and abandoning module ProjectTargetPlatformEditor (156)
[2016.01.27-09.46.08:369][ 33]LogModuleManager: Shutting down and abandoning module ProjectSettingsViewer (155)
[2016.01.27-09.46.08:369][ 33]LogModuleManager: Shutting down and abandoning module InputBindingEditor (154)
[2016.01.27-09.46.08:369][ 33]LogModuleManager: Shutting down and abandoning module EditorSettingsViewer (153)
[2016.01.27-09.46.08:369][ 33]LogModuleManager: Shutting down and abandoning module SettingsEditor (152)
[2016.01.27-09.46.08:369][ 33]LogModuleManager: Shutting down and abandoning module ProjectLauncher (151)
[2016.01.27-09.46.08:369][ 33]LogModuleManager: Shutting down and abandoning module SessionFrontend (150)
[2016.01.27-09.46.08:369][ 33]LogModuleManager: Shutting down and abandoning module ProfilerClient (149)
[2016.01.27-09.46.08:369][ 33]LogModuleManager: Shutting down and abandoning module TargetDeviceServices (148)
[2016.01.27-09.46.08:369][ 33]LogModuleManager: Shutting down and abandoning module DeviceManager (147)
[2016.01.27-09.46.08:369][ 33]LogModuleManager: Shutting down and abandoning module AutomationController (146)
[2016.01.27-09.46.08:370][ 33]LogModuleManager: Shutting down and abandoning module AutomationWindow (145)
[2016.01.27-09.46.08:370][ 33]LogModuleManager: Shutting down and abandoning module Layers (144)
[2016.01.27-09.46.08:370][ 33]LogModuleManager: Shutting down and abandoning module ComponentVisualizers (143)
[2016.01.27-09.46.08:370][ 33]LogModuleManager: Shutting down and abandoning module DetailCustomizations (142)
[2016.01.27-09.46.08:370][ 33]LogModuleManager: Shutting down and abandoning module PackagesDialog (141)
[2016.01.27-09.46.08:370][ 33]LogModuleManager: Shutting down and abandoning module Persona (140)
[2016.01.27-09.46.08:370][ 33]LogModuleManager: Shutting down and abandoning module Kismet (139)
[2016.01.27-09.46.08:370][ 33]LogModuleManager: Shutting down and abandoning module GraphEditor (138)
[2016.01.27-09.46.08:370][ 33]LogModuleManager: Shutting down and abandoning module ClassViewer (137)
[2016.01.27-09.46.08:371][ 33]LogModuleManager: Shutting down and abandoning module Toolbox (136)
[2016.01.27-09.46.08:371][ 33]LogModuleManager: Shutting down and abandoning module ModuleUI (135)
[2016.01.27-09.46.08:371][ 33]LogModuleManager: Shutting down and abandoning module MovieSceneTools (134)
[2016.01.27-09.46.08:371][ 33]LogModuleManager: Shutting down and abandoning module OutputLog (133)
[2016.01.27-09.46.08:371][ 33]LogModuleManager: Shutting down and abandoning module GammaUI (132)
[2016.01.27-09.46.08:371][ 33]LogModuleManager: Shutting down and abandoning module Documentation (131)
[2016.01.27-09.46.08:371][ 33]LogModuleManager: Shutting down and abandoning module GameLiveStreaming (130)
[2016.01.27-09.46.08:371][ 33]LogModuleManager: Shutting down and abandoning module StreamingPauseRendering (129)
[2016.01.27-09.46.08:371][ 33]LogModuleManager: Shutting down and abandoning module AnalyticsET (128)
[2016.01.27-09.46.08:371][ 33]LogModuleManager: Shutting down and abandoning module Analytics (127)
[2016.01.27-09.46.08:371][ 33]LogModuleManager: Shutting down and abandoning module AITestSuite (126)
[2016.01.27-09.46.08:371][ 33]LogModuleManager: Shutting down and abandoning module GameplayDebugger (125)
[2016.01.27-09.46.08:371][ 33]LogModuleManager: Shutting down and abandoning module AIModule (124)
[2016.01.27-09.46.08:371][ 33]LogModuleManager: Shutting down and abandoning module ProfilerService (123)
[2016.01.27-09.46.08:524][ 33]LogModuleManager: Shutting down and abandoning module TaskGraph (122)
[2016.01.27-09.46.08:524][ 33]LogModuleManager: Shutting down and abandoning module SlateRemote (121)
[2016.01.27-09.46.08:524][ 33]LogModuleManager: Shutting down and abandoning module SteamVRController (120)
[2016.01.27-09.46.08:524][ 33]LogModuleManager: Shutting down and abandoning module SteamVR (119)
[2016.01.27-09.46.08:524][ 33]LogModuleManager: Shutting down and abandoning module ProceduralMeshComponent (118)
[2016.01.27-09.46.08:524][ 33]LogModuleManager: Shutting down and abandoning module OculusLibrary (117)
[2016.01.27-09.46.08:524][ 33]LogModuleManager: Shutting down and abandoning module OculusInput (116)
[2016.01.27-09.46.08:524][ 33]LogModuleManager: Shutting down and abandoning module LeapMotionController (115)
[2016.01.27-09.46.08:531][ 33]LogModuleManager: Shutting down and abandoning module CustomMeshComponent (114)
[2016.01.27-09.46.08:531][ 33]LogModuleManager: Shutting down and abandoning module CableComponent (113)
[2016.01.27-09.46.08:531][ 33]LogModuleManager: Shutting down and abandoning module ArchVisCharacter (112)
[2016.01.27-09.46.08:531][ 33]LogModuleManager: Shutting down and abandoning module MessagingDebugger (111)
[2016.01.27-09.46.08:531][ 33]LogModuleManager: Shutting down and abandoning module MediaPlayerEditor (110)
[2016.01.27-09.46.08:531][ 33]LogModuleManager: Shutting down and abandoning module HTML5Networking (109)
[2016.01.27-09.46.08:531][ 33]LogModuleManager: Shutting down and abandoning module SpeedTreeImporter (108)
[2016.01.27-09.46.08:531][ 33]LogModuleManager: Shutting down and abandoning module PluginBrowser (107)
[2016.01.27-09.46.08:531][ 33]LogModuleManager: Shutting down and abandoning module EpicSurvey (106)
[2016.01.27-09.46.08:531][ 33]LogModuleManager: Shutting down and abandoning module DesktopPlatform (105)
[2016.01.27-09.46.08:531][ 33]LogModuleManager: Shutting down and abandoning module VisualStudioSourceCodeAccess (104)
[2016.01.27-09.46.08:531][ 33]LogModuleManager: Shutting down and abandoning module UObjectPlugin (103)
[2016.01.27-09.46.08:531][ 33]LogModuleManager: Shutting down and abandoning module SubversionSourceControl (102)
[2016.01.27-09.46.08:531][ 33]LogModuleManager: Shutting down and abandoning module PerforceSourceControl (101)
[2016.01.27-09.46.08:531][ 33]LogModuleManager: Shutting down and abandoning module SourceControl (100)
[2016.01.27-09.46.08:531][ 33]LogModuleManager: Shutting down and abandoning module GitSourceControl (99)
[2016.01.27-09.46.08:531][ 33]LogModuleManager: Shutting down and abandoning module LightPropagationVolumeEditor (98)
[2016.01.27-09.46.08:531][ 33]LogModuleManager: Shutting down and abandoning module PaperTiledImporter (97)
[2016.01.27-09.46.08:531][ 33]LogModuleManager: Shutting down and abandoning module PaperSpriteSheetImporter (96)
[2016.01.27-09.46.08:531][ 33]LogModuleManager: Shutting down and abandoning module MeshPaint (95)
[2016.01.27-09.46.08:531][ 33]LogModuleManager: Shutting down and abandoning module SlateReflector (94)
[2016.01.27-09.46.08:531][ 33]LogModuleManager: Shutting down and abandoning module HotReload (93)
[2016.01.27-09.46.08:531][ 33]LogModuleManager: Shutting down and abandoning module MainFrame (92)
[2016.01.27-09.46.08:531][ 33]LogModuleManager: Shutting down and abandoning module LevelEditor (91)
[2016.01.27-09.46.08:532][ 33]LogModuleManager: Shutting down and abandoning module DirectoryWatcher (90)
[2016.01.27-09.46.08:533][ 33]LogModuleManager: Shutting down and abandoning module AssetRegistry (89)
[2016.01.27-09.46.08:635][ 33]LogModuleManager: Shutting down and abandoning module ContentBrowser (88)
[2016.01.27-09.46.08:635][ 33]LogModuleManager: Shutting down and abandoning module Paper2DEditor (87)
[2016.01.27-09.46.08:635][ 33]LogModuleManager: Shutting down and abandoning module UdpMessaging (86)
[2016.01.27-09.46.08:735][ 33]LogModuleManager: Shutting down and abandoning module LightPropagationVolumeRuntime (85)
[2016.01.27-09.46.08:735][ 33]LogModuleManager: Shutting down and abandoning module Paper2D (84)
[2016.01.27-09.46.08:735][ 33]LogModuleManager: Shutting down and abandoning module WindowsMoviePlayer (83)
[2016.01.27-09.46.08:737][ 33]LogModuleManager: Shutting down and abandoning module Media (82)
[2016.01.27-09.46.08:737][ 33]LogModuleManager: Shutting down and abandoning module WmfMedia (81)
[2016.01.27-09.46.08:738][ 33]LogModuleManager: Shutting down and abandoning module OnlineBlueprintSupport (80)
[2016.01.27-09.46.08:738][ 33]LogModuleManager: Shutting down and abandoning module GameplayTasksEditor (79)
[2016.01.27-09.46.08:738][ 33]LogModuleManager: Shutting down and abandoning module PropertyEditor (78)
[2016.01.27-09.46.08:738][ 33]LogModuleManager: Shutting down and abandoning module BehaviorTreeEditor (77)
[2016.01.27-09.46.08:738][ 33]LogModuleManager: Shutting down and abandoning module FunctionalTesting (76)
[2016.01.27-09.46.08:738][ 33]LogModuleManager: Shutting down and abandoning module CollisionAnalyzer (75)
[2016.01.27-09.46.08:738][ 33]LogModuleManager: Shutting down and abandoning module WorkspaceMenuStructure (74)
[2016.01.27-09.46.08:738][ 33]LogModuleManager: Shutting down and abandoning module MessageLog (73)
[2016.01.27-09.46.08:738][ 33]LogModuleManager: Shutting down and abandoning module Sequencer (72)
[2016.01.27-09.46.08:738][ 33]LogModuleManager: Shutting down and abandoning module AssetTools (71)
[2016.01.27-09.46.08:738][ 33]LogModuleManager: Shutting down and abandoning module UMGEditor (70)
[2016.01.27-09.46.08:738][ 33]LogModuleManager: Shutting down and abandoning module UMG (69)
[2016.01.27-09.46.08:738][ 33]LogModuleManager: Shutting down and abandoning module Slate (68)
[2016.01.27-09.46.08:738][ 33]LogModuleManager: Shutting down and abandoning module EditorStyle (67)
[2016.01.27-09.46.08:740][ 33]LogModuleManager: Shutting down and abandoning module SessionServices (66)
[2016.01.27-09.46.08:740][ 33]LogModuleManager: Shutting down and abandoning module SourceCodeAccess (65)
[2016.01.27-09.46.08:740][ 33]LogModuleManager: Shutting down and abandoning module HeadMountedDisplay (64)
[2016.01.27-09.46.08:740][ 33]LogModuleManager: Shutting down and abandoning module XAudio2 (63)
[2016.01.27-09.46.08:740][ 33]LogModuleManager: Shutting down and abandoning module Networking (61)
[2016.01.27-09.46.08:740][ 33]LogModuleManager: Shutting down and abandoning module Core (60)
[2016.01.27-09.46.08:740][ 33]LogModuleManager: Shutting down and abandoning module KismetCompiler (59)
[2016.01.27-09.46.08:740][ 33]LogModuleManager: Shutting down and abandoning module PhysXFormats (58)
[2016.01.27-09.46.08:740][ 33]LogModuleManager: Shutting down and abandoning module MeshUtilities (57)
[2016.01.27-09.46.08:740][ 33]LogModuleManager: Shutting down and abandoning module DerivedDataCache (56)
[2016.01.27-09.46.08:790][ 33]LogDerivedDataCache: Shutdown
[2016.01.27-09.46.08:790][ 33]LogModuleManager: Shutting down and abandoning module ShaderFormatOpenGL (55)
[2016.01.27-09.46.08:790][ 33]LogModuleManager: Shutting down and abandoning module ShaderFormatD3D (54)
[2016.01.27-09.46.08:790][ 33]LogModuleManager: Shutting down and abandoning module MetalShaderFormat (53)
[2016.01.27-09.46.08:790][ 33]LogModuleManager: Shutting down and abandoning module TextureFormatUncompressed (52)
[2016.01.27-09.46.08:790][ 33]LogModuleManager: Shutting down and abandoning module TextureFormatPVR (51)
[2016.01.27-09.46.08:790][ 33]LogModuleManager: Shutting down and abandoning module TextureFormatIntelISPCTexComp (50)
[2016.01.27-09.46.08:790][ 33]LogModuleManager: Shutting down and abandoning module TextureFormatDXT (49)
[2016.01.27-09.46.08:790][ 33]LogModuleManager: Shutting down and abandoning module ImageWrapper (48)
[2016.01.27-09.46.08:790][ 33]LogModuleManager: Shutting down and abandoning module TextureFormatASTC (47)
[2016.01.27-09.46.08:790][ 33]LogModuleManager: Shutting down and abandoning module TextureFormatAndroid (46)
[2016.01.27-09.46.08:790][ 33]LogModuleManager: Shutting down and abandoning module AudioFormatOpus (45)
[2016.01.27-09.46.08:790][ 33]LogModuleManager: Shutting down and abandoning module AudioFormatOgg (44)
[2016.01.27-09.46.08:790][ 33]LogModuleManager: Shutting down and abandoning module AudioFormatADPCM (43)
[2016.01.27-09.46.08:790][ 33]LogModuleManager: Shutting down and abandoning module LinuxTargetPlatform (42)
[2016.01.27-09.46.08:790][ 33]LogModuleManager: Shutting down and abandoning module LinuxServerTargetPlatform (41)
[2016.01.27-09.46.08:790][ 33]LogModuleManager: Shutting down and abandoning module LinuxNoEditorTargetPlatform (40)
[2016.01.27-09.46.08:790][ 33]LogModuleManager: Shutting down and abandoning module Messaging (39)
[2016.01.27-09.46.08:790][ 33]LogModuleManager: Shutting down and abandoning module IOSTargetPlatform (38)
[2016.01.27-09.46.08:790][ 33]LogModuleManager: Shutting down and abandoning module HTML5TargetPlatform (37)
[2016.01.27-09.46.08:790][ 33]LogModuleManager: Shutting down and abandoning module Android_PVRTCTargetPlatform (36)
[2016.01.27-09.46.08:790][ 33]LogModuleManager: Shutting down and abandoning module Android_MultiTargetPlatform (35)
[2016.01.27-09.46.08:790][ 33]LogModuleManager: Shutting down and abandoning module Android_ETC2TargetPlatform (34)
[2016.01.27-09.46.08:790][ 33]LogModuleManager: Shutting down and abandoning module Android_ETC1TargetPlatform (33)
[2016.01.27-09.46.08:790][ 33]LogModuleManager: Shutting down and abandoning module Android_DXTTargetPlatform (32)
[2016.01.27-09.46.08:790][ 33]LogModuleManager: Shutting down and abandoning module Android_ATCTargetPlatform (31)
[2016.01.27-09.46.08:790][ 33]LogModuleManager: Shutting down and abandoning module Android_ASTCTargetPlatform (30)
[2016.01.27-09.46.08:790][ 33]LogModuleManager: Shutting down and abandoning module AndroidTargetPlatform (29)
[2016.01.27-09.46.08:790][ 33]LogModuleManager: Shutting down and abandoning module WindowsTargetPlatform (28)
[2016.01.27-09.46.08:790][ 33]LogModuleManager: Shutting down and abandoning module WindowsServerTargetPlatform (27)
[2016.01.27-09.46.08:790][ 33]LogModuleManager: Shutting down and abandoning module WindowsNoEditorTargetPlatform (26)
[2016.01.27-09.46.08:790][ 33]LogModuleManager: Shutting down and abandoning module WindowsClientTargetPlatform (25)
[2016.01.27-09.46.08:790][ 33]LogModuleManager: Shutting down and abandoning module AllDesktopTargetPlatform (24)
[2016.01.27-09.46.08:790][ 33]LogModuleManager: Shutting down and abandoning module TargetPlatform (23)
[2016.01.27-09.46.08:790][ 33]LogModuleManager: Shutting down and abandoning module InputCore (22)
[2016.01.27-09.46.08:790][ 33]LogModuleManager: Shutting down and abandoning module Settings (21)
[2016.01.27-09.46.08:790][ 33]LogModuleManager: Shutting down and abandoning module OnlineSubsystem (19)
[2016.01.27-09.46.08:790][ 33]LogModuleManager: Shutting down and abandoning module HTTP (18)
[2016.01.27-09.46.10:791][ 33]LogModuleManager: Shutting down and abandoning module XMPP (17)
[2016.01.27-09.46.10:791][ 33]LogModuleManager: Shutting down and abandoning module OculusRift (16)
[2016.01.27-09.46.10:791][ 33]LogModuleManager: Shutting down and abandoning module ExampleDeviceProfileSelector (15)
[2016.01.27-09.46.10:791][ 33]LogModuleManager: Shutting down and abandoning module TextureCompressor (14)
[2016.01.27-09.46.10:791][ 33]LogModuleManager: Shutting down and abandoning module ShaderCore (13)
[2016.01.27-09.46.10:791][ 33]LogModuleManager: Shutting down and abandoning module Landscape (12)
[2016.01.27-09.46.10:791][ 33]LogModuleManager: Shutting down and abandoning module SlateRHIRenderer (11)
[2016.01.27-09.46.10:792][ 33]LogModuleManager: Shutting down and abandoning module OpenGLDrv (10)
[2016.01.27-09.46.10:792][ 33]LogModuleManager: Shutting down and abandoning module D3D11RHI (9)
[2016.01.27-09.46.10:792][ 33]LogModuleManager: Shutting down and abandoning module AnimGraphRuntime (8)
[2016.01.27-09.46.10:792][ 33]LogModuleManager: Shutting down and abandoning module Renderer (7)
[2016.01.27-09.46.10:792][ 33]LogModuleManager: Shutting down and abandoning module Engine (6)
[2016.01.27-09.46.10:792][ 33]LogModuleManager: Shutting down and abandoning module CoreUObject (5)
[2016.01.27-09.46.10:792][ 33]LogModuleManager: Shutting down and abandoning module NetworkFile (4)
[2016.01.27-09.46.10:792][ 33]LogModuleManager: Shutting down and abandoning module StreamingFile (3)
[2016.01.27-09.46.10:792][ 33]LogModuleManager: Shutting down and abandoning module SandboxFile (2)
[2016.01.27-09.46.10:792][ 33]LogModuleManager: Shutting down and abandoning module PakFile (1)
[2016.01.27-09.46.10:793][ 33]LogExit: Exiting.
[2016.01.27-09.46.10:794][ 33]Log file closed, 01/27/16 12:46:10
