[2016.01.28-12.56.42:850][  0]Log file open, 01/28/16 15:56:42
[2016.01.28-12.56.42:850][  0]LogInit:Display: Running engine for game: PlanetCraft
[2016.01.28-12.56.42:850][  0]LogPlatformFile: Not using cached read wrapper
[2016.01.28-12.56.42:850][  0]LogInit:Display: RandInit(-1013023167) SRandInit(-1013023166).
[2016.01.28-12.56.42:850][  0]LogTaskGraph: Started task graph with 4 named threads and 7 total threads.
[2016.01.28-12.56.42:850][  0]LogStats: Stats thread started at 0.066041
[2016.01.28-12.56.42:850][  0]LogInit: Version: 4.10.2-2818068+++depot+UE4-Releases+4.10
[2016.01.28-12.56.42:850][  0]LogInit: API Version: 2758231
[2016.01.28-12.56.42:850][  0]LogInit: Compiled (64-bit): Jan  6 2016 17:36:42
[2016.01.28-12.56.42:850][  0]LogInit: Compiled with Visual C++: 19.00.23026.00
[2016.01.28-12.56.42:850][  0]LogInit: Build Configuration: Development
[2016.01.28-12.56.42:850][  0]LogInit: Branch Name: ++depot+UE4-Releases+4.10
[2016.01.28-12.56.42:850][  0]LogInit: Command line:  
[2016.01.28-12.56.42:850][  0]LogInit: Base directory: C:/Program Files (x86)/Epic Games/4.10/Engine/Binaries/Win64/
[2016.01.28-12.56.42:850][  0]LogInit: Rocket: 1
[2016.01.28-12.56.42:854][  0]LogInit: Using libcurl 7.41.0
[2016.01.28-12.56.42:854][  0]LogInit:  - built for x86_64-pc-win32
[2016.01.28-12.56.42:854][  0]LogInit:  - supports SSL with WinSSL
[2016.01.28-12.56.42:854][  0]LogInit:  - other features:
[2016.01.28-12.56.42:854][  0]LogInit:      CURL_VERSION_SSL
[2016.01.28-12.56.42:854][  0]LogInit:      CURL_VERSION_IPV6
[2016.01.28-12.56.42:854][  0]LogInit:      CURL_VERSION_ASYNCHDNS
[2016.01.28-12.56.42:854][  0]LogInit:      CURL_VERSION_LARGEFILE
[2016.01.28-12.56.42:854][  0]LogInit:      CURL_VERSION_IDN
[2016.01.28-12.56.42:854][  0]LogInit:  CurlRequestOptions (configurable via config and command line):
[2016.01.28-12.56.42:854][  0]LogInit:  - bVerifyPeer = true  - Libcurl will verify peer certificate
[2016.01.28-12.56.42:854][  0]LogInit:  - bUseHttpProxy = false  - Libcurl will NOT use HTTP proxy
[2016.01.28-12.56.42:854][  0]LogInit:  - bDontReuseConnections = false  - Libcurl will reuse connections
[2016.01.28-12.56.42:854][  0]LogInit:  - CertBundlePath = nullptr  - Libcurl will use whatever was configured at build time.
[2016.01.28-12.56.42:859][  0]LogInit: Presizing for 0 objects not considered by GC, pre-allocating 0 bytes.
[2016.01.28-12.56.42:865][  0]LogInit: Object subsystem initialized
[2016.01.28-12.56.42:865][  0]LogInit: Selected Device Profile: [Windows]
[2016.01.28-12.56.42:865][  0]LogInit: Applying CVar settings loaded from the selected device profile: [Windows]
[2016.01.28-12.56.42:870][  0]LogInit: Computer: VNOVIKOV
[2016.01.28-12.56.42:870][  0]LogInit: User: vnovikov
[2016.01.28-12.56.42:870][  0]LogInit: CPU Page size=4096, Cores=4
[2016.01.28-12.56.42:870][  0]LogInit: High frequency timer resolution =3.417978 MHz
[2016.01.28-12.56.42:870][  0]LogMemory: Memory total: Physical=15.9GB (16GB approx)
[2016.01.28-12.56.42:870][  0]LogMemory: Platform Memory Stats for Windows
[2016.01.28-12.56.42:870][  0]LogMemory: Process Physical Memory: 55.89 MB used, 55.89 MB peak
[2016.01.28-12.56.42:870][  0]LogMemory: Process Virtual Memory: 56.79 MB used, 56.79 MB peak
[2016.01.28-12.56.42:870][  0]LogMemory: Physical Memory: 3256.37 MB used, 16249.03 MB total
[2016.01.28-12.56.42:870][  0]LogMemory: Virtual Memory: 350.96 MB used, 8388608.00 MB total
[2016.01.28-12.56.42:900][  0]LogTextLocalizationManager: No translations for ('ru-RU') exist, falling back to 'en' for localization and internationalization data.
[2016.01.28-12.56.43:277][  0]LogD3D11RHI: Found D3D11 adapter 0: NVIDIA GeForce GTX 960 (Feature Level 11_0)
[2016.01.28-12.56.43:277][  0]LogD3D11RHI: Adapter has 1969MB of dedicated video memory, 0MB of dedicated system memory, and 2048MB of shared system memory, 2 output[s]
[2016.01.28-12.56.43:277][  0]LogD3D11RHI: Chosen D3D11 Adapter Id = 0
[2016.01.28-12.56.43:281][  0]LogD3D11RHI: !Direct3DDevice
[2016.01.28-12.56.43:282][  0]LogRHI: Texture pool is 1361 MB (70% of 1945 MB)
[2016.01.28-12.56.43:288][  0]LogD3D11RHI: Async texture creation enabled
[2016.01.28-12.56.43:300][  0]LogShaderCompilers: Guid format shader working directory is 19 characters bigger than the processId version (D:/UEProjects/project_kopernik/Intermediate/Shaders/WorkingDirectory/2784/).
[2016.01.28-12.56.43:301][  0]LogShaderCompilers: Cleaned the shader compiler working directory 'C:/Users/vnovikov/AppData/Local/Temp/UnrealShaderWorkingDir/5BF6DBF04B210553AE91FCAF77FD9119/'.
[2016.01.28-12.56.43:301][  0]LogShaderCompilers:Display: Using Local Shader Compiler.
[2016.01.28-12.56.43:981][  0]LogTemp:Display: Loaded TP AllDesktopTargetPlatform
[2016.01.28-12.56.43:984][  0]LogTemp:Display: Loaded TP WindowsClientTargetPlatform
[2016.01.28-12.56.43:988][  0]LogTemp:Display: Loaded TP WindowsNoEditorTargetPlatform
[2016.01.28-12.56.43:991][  0]LogTemp:Display: Loaded TP WindowsServerTargetPlatform
[2016.01.28-12.56.43:994][  0]LogTemp:Display: Loaded TP WindowsTargetPlatform
[2016.01.28-12.56.43:997][  0]LogTemp:Display: Loaded TP AndroidTargetPlatform
[2016.01.28-12.56.43:999][  0]LogTemp:Display: Loaded TP Android_ASTCTargetPlatform
[2016.01.28-12.56.44:001][  0]LogTemp:Display: Loaded TP Android_ATCTargetPlatform
[2016.01.28-12.56.44:003][  0]LogTemp:Display: Loaded TP Android_DXTTargetPlatform
[2016.01.28-12.56.44:005][  0]LogTemp:Display: Loaded TP Android_ETC1TargetPlatform
[2016.01.28-12.56.44:008][  0]LogTemp:Display: Loaded TP Android_ETC2TargetPlatform
[2016.01.28-12.56.44:012][  0]LogTemp:Display: Loaded TP Android_MultiTargetPlatform
[2016.01.28-12.56.44:012][  0]LogTemp:Display: Loaded TP Android_PVRTCTargetPlatform
[2016.01.28-12.56.44:013][  0]LogTemp:Display: Loaded TP HTML5TargetPlatform
[2016.01.28-12.56.44:027][  0]LogTemp:Display: Loaded TP IOSTargetPlatform
[2016.01.28-12.56.44:029][  0]LogTemp:Display: Loaded TP LinuxNoEditorTargetPlatform
[2016.01.28-12.56.44:031][  0]LogTemp:Display: Loaded TP LinuxServerTargetPlatform
[2016.01.28-12.56.44:034][  0]LogTemp:Display: Loaded TP LinuxTargetPlatform
[2016.01.28-12.56.44:034][  0]LogTargetPlatformManager:Display: Building Assets For Windows
[2016.01.28-12.56.44:091][  0]LogDerivedDataCache:Display: Max Cache Size: 512 MB
[2016.01.28-12.56.44:148][  0]LogDerivedDataCache: Loaded boot cache 0.06s 41MB C:/Users/vnovikov/AppData/Local/UnrealEngine/4.10/DerivedDataCache/Boot.ddc.
[2016.01.28-12.56.44:149][  0]LogDerivedDataCache:Display: Loaded Boot cache: C:/Users/vnovikov/AppData/Local/UnrealEngine/4.10/DerivedDataCache/Boot.ddc
[2016.01.28-12.56.44:149][  0]LogDerivedDataCache: FDerivedDataBackendGraph:  Pak pak cache file D:/UEProjects/project_kopernik/DerivedDataCache/DDC.ddp not found, will not use a pak cache.
[2016.01.28-12.56.44:149][  0]LogDerivedDataCache: Unable to find inner node Pak for hierarchical cache Hierarchy.
[2016.01.28-12.56.44:149][  0]LogDerivedDataCache: FDerivedDataBackendGraph:  CompressedPak pak cache file D:/UEProjects/project_kopernik/DerivedDataCache/Compressed.ddp not found, will not use a pak cache.
[2016.01.28-12.56.44:149][  0]LogDerivedDataCache: Unable to find inner node CompressedPak for hierarchical cache Hierarchy.
[2016.01.28-12.56.44:197][  0]LogDerivedDataCache:Display: Pak cache opened for reading ../../../Engine/DerivedDataCache/Compressed.ddp.
[2016.01.28-12.56.44:208][  0]LogDerivedDataCache: Using Local data cache path C:/Users/vnovikov/AppData/Local/UnrealEngine/Common/DerivedDataCache: Writable
[2016.01.28-12.56.44:330][  0]LogInit: Selected Device Profile: [Windows]
[2016.01.28-12.56.44:331][  0]LogContentStreaming: Texture pool size is 0.000000MB
[2016.01.28-12.56.44:356][  0]LogMeshUtilities: No automatic mesh reduction module available
[2016.01.28-12.56.44:356][  0]LogMeshUtilities: No automatic mesh merging module available
[2016.01.28-12.56.44:612][  0]LogInit: WinSock: version 1.1 (2.2), MaxSocks=32767, MaxUdp=65467
[2016.01.28-12.56.45:136][  0]UdpMessaging: Initializing bridge on interface 0.0.0.0:0 to multicast group 230.0.0.1:6666.
[2016.01.28-12.56.45:219][  0]LogAssetRegistry: FAssetRegistry took 0.0103 seconds to start up
[2016.01.28-12.56.45:339][  0]SourceControl: Info Source control is disabled
[2016.01.28-12.56.45:340][  0]SourceControl: Info Source control is disabled
[2016.01.28-12.56.45:346][  0]SourceControl: Info Source control is disabled
[2016.01.28-12.56.45:352][  0]SourceControl: Info Source control is disabled
[2016.01.28-12.56.45:499][  0]LogObj: 28633 objects as part of root set at end of initial load.
[2016.01.28-12.56.45:499][  0]LogUObjectAllocator: 6099744 out of 0 bytes used by permanent object pool.
[2016.01.28-12.56.45:545][  0]LogEngine: Initializing Engine...
[2016.01.28-12.56.45:546][  0]LogHMD: Can't find Oculus library dev build: is proper Runtime installed? Version: 0.8.0.0
[2016.01.28-12.56.45:547][  0]LogHMD: SteamVR failed to initialize.  Err: 110
[2016.01.28-12.56.45:645][  0]LogAIModule: Creating AISystem for world NewWorld
[2016.01.28-12.56.45:649][  0]LogInit: XAudio2 using 'Динамики (Realtek High Definition Audio)' : 2 channels at 48 kHz using 32 bits per sample (channel mask 0x3)
[2016.01.28-12.56.45:656][  0]LogInit: FAudioDevice initialized.
[2016.01.28-12.56.45:674][  0]LogDerivedDataCache: Saved boot cache 0.02s 41MB C:/Users/vnovikov/AppData/Local/UnrealEngine/4.10/DerivedDataCache/Boot.ddc.
[2016.01.28-12.56.45:677][  0]LogInit: Texture streaming: Enabled
[2016.01.28-12.56.45:681][  0]LogAnalytics: Creating configured Analytics provider AnalyticsET
[2016.01.28-12.56.45:681][  0]LogAnalytics: [UEEditor.Rocket.Release] APIServer = http://et2.epicgames.com/ET2/. AppVersion = 4.10.2-2818068+++depot+UE4-Releases+4.10
[2016.01.28-12.56.45:681][  0]LogAnalytics: [UEEditor.Rocket.Release] SetUserId f53ae01540d6dc9cd1584591fa06154a|53d085766f07496a9bf34dcc5d27aa54|8cdb6ad2-59b8-47a0-8902-bc4bacc0237b
[2016.01.28-12.56.45:681][  0]LogAnalytics: [UEEditor.Rocket.Release] AnalyticsET::StartSession
[2016.01.28-12.56.45:686][  0]LogInit: Transaction tracking system initialized
[2016.01.28-12.56.45:706][  0]BlueprintLog: New page: Editor Load
[2016.01.28-12.56.45:764][  0]LocalizationService: Info Localization service is disabled
[2016.01.28-12.56.45:815][  0]LogConsoleResponse:Display: 
[2016.01.28-12.56.45:901][  0]LogCook:Display: Done creating registry. It took  0.00s.
[2016.01.28-12.56.45:940][  0]LogFileCache: Scanning file cache for directory 'D:/UEProjects/project_kopernik/Content/' took 0.01s
[2016.01.28-12.56.45:940][  0]SourceControl: Info Source control is disabled
[2016.01.28-12.56.45:940][  0]Cmd: MAP LOAD FILE="../../../Engine/Content/Maps/Templates/Template_Default.umap" TEMPLATE=1 SHOWPROGRESS=1 FEATURELEVEL=3
[2016.01.28-12.56.45:940][  0]LightingResults: New page: Lighting Build
[2016.01.28-12.56.45:942][  0]MapCheck: New page: Map Check
[2016.01.28-12.56.45:942][  0]LightingResults: New page: Lighting Build
[2016.01.28-12.56.45:950][  0]LogParticles: Destroying 0 GPU particle simulations for FXSystem 0x000000001A1D2AC0
[2016.01.28-12.56.46:123][  0]LogAIModule: Creating AISystem for world Untitled_1
[2016.01.28-12.56.46:126][  0]LogEditorServer: Finished looking for orphan Actors (0.000 secs)
[2016.01.28-12.56.46:130][  0]Cmd: MAP CHECKDEP NOCLEARLOG
[2016.01.28-12.56.46:152][  0]MapCheck: Info Map check complete: 0 Error(s), 0 Warning(s), took 21.323ms to complete.
[2016.01.28-12.56.46:152][  0]LogFileHelpers: Loading map 'Template_Default' took 0.212
[2016.01.28-12.56.46:253][  0]LogCollectionManager: Loaded 0 collections in 0.001785 seconds
[2016.01.28-12.56.46:292][  0]LogFileCache: Scanning file cache for directory 'D:/UEProjects/project_kopernik/Saved/Collections/' took 0.01s
[2016.01.28-12.56.46:292][  0]LogFileCache: Scanning file cache for directory 'D:/UEProjects/project_kopernik/Content/Developers/vnovikov/Collections/' took 0.01s
[2016.01.28-12.56.46:292][  0]LogFileCache: Scanning file cache for directory 'D:/UEProjects/project_kopernik/Content/Collections/' took 0.01s
[2016.01.28-12.56.46:292][  0]LogCollectionManager: Rebuilt the GUID cache for 0 collections in 0.000001 seconds
[2016.01.28-12.56.46:298][  0]LogContentBrowser: Native class hierarchy populated in 0.0056 seconds. Added 1893 classes and 338 folders.
[2016.01.28-12.56.46:303][  0]LogContentBrowser: Native class hierarchy updated for 'WidgetCarousel' in 0.0003 seconds. Added 0 classes and 0 folders.
[2016.01.28-12.56.46:330][  0]LogContentBrowser: Native class hierarchy updated for 'AddContentDialog' in 0.0002 seconds. Added 0 classes and 0 folders.
[2016.01.28-12.56.46:333][  0]LogContentBrowser: Native class hierarchy updated for 'SceneOutliner' in 0.0002 seconds. Added 1 classes and 2 folders.
[2016.01.28-12.56.46:349][  0]LogCrashTracker: Crashtracker disabled due to settings.
[2016.01.28-12.56.46:351][  0]LogUObjectGlobals:Warning: Failed to find object 'Class None.'
[2016.01.28-12.56.46:372][  0]LogLoad: Full Startup: 3.81 seconds (BP compile: 0.03 seconds)
[2016.01.28-12.56.46:385][  0]LogOcInput: Can't find Oculus library dev build: is proper Runtime installed? Version: 0.8.0.0
[2016.01.28-12.56.46:422][  0]LogContentStreaming: Texture pool size now 1000 MB
[2016.01.28-12.56.46:543][  0]LogRenderer: Reallocating scene render targets to support 1208x580 (Frame:2).
[2016.01.28-12.56.46:665][  2]LogAssetRegistry: Asset discovery search completed in 1.4567 seconds
[2016.01.28-12.56.46:665][  2]LogCollectionManager: Rebuilt the object cache for 0 collections in 0.000000 seconds (found 0 objects)
[2016.01.28-12.56.46:665][  2]LogCollectionManager: Fixed up redirectors for 0 collections in 0.000014 seconds (updated 0 objects)
[2016.01.28-12.56.48:115][174]LogLinker:Warning: Can't find file '/Game/Blueprints/BP_CraftableAsset'
[2016.01.28-12.56.48:115][174]LoadErrors: Info Failed to load /Game/Blueprints/Structures/S_CraftItem.S_CraftItem Referenced by CallFunc_Array_Get_Item
[2016.01.28-12.56.48:115][174]LogLinker:Warning: Can't find file for asset '/Game/Blueprints/BP_CraftableAsset' while loading D:/UEProjects/project_kopernik/Content/Blueprints/Structures/S_CraftItem.uasset.
[2016.01.28-12.56.48:115][174]LoadErrors:Error: Error /Game/Blueprints/Structures/S_CraftItem : Can't find file for asset. /Game/Blueprints/BP_CraftableAsset
[2016.01.28-12.56.48:116][174]LogLinker:Warning: Can't find file '/Game/Blueprints/BP_CraftableAsset'
[2016.01.28-12.56.48:116][174]LogLinker:Warning: Can't find file for asset '/Game/Blueprints/BP_CraftableAsset' while loading D:/UEProjects/project_kopernik/Content/Blueprints/Structures/S_CraftItem.uasset.
[2016.01.28-12.56.48:157][174]LogProperty:Error: UStructProperty::Serialize Loading: Property 'StructProperty /Game/Blueprints/Core/BP_PlayerController.BP_PlayerController_C:LoadSceneObjects.CallFunc_GetDataTableRowFromName_OutRow'. Unknown structure.
[2016.01.28-12.56.48:159][174]LogProperty:Error: UStructProperty::Serialize Loading: Property 'StructProperty /Game/Blueprints/Core/BP_PlayerController.BP_PlayerController_C:ConstructionItems.ConstructionItems'. Unknown structure.
[2016.01.28-12.56.48:169][174]LogProperty:Error: UStructProperty::Serialize Loading: Property 'StructProperty /Game/Blueprints/Core/BP_SaveGame.BP_SaveGame_C:CraftObjects.CraftObjects'. Unknown structure.
[2016.01.28-12.56.48:170][174]LogLinker:Warning: Can't find file '/Game/Blueprints/BP_CraftableAsset'
[2016.01.28-12.56.48:171][174]LogLinker:Warning: Can't find file for asset '/Game/Blueprints/BP_CraftableAsset' while loading D:/UEProjects/project_kopernik/Content/Blueprints/BP_ConstructionDummy.uasset.
[2016.01.28-12.56.48:171][174]LoadErrors:Error: Error /Game/Blueprints/BP_ConstructionDummy : Can't find file for asset. /Game/Blueprints/BP_CraftableAsset
[2016.01.28-12.56.48:196][174]LogLinker:Warning: Can't find file '/Game/Blueprints/BP_CraftableAsset'
[2016.01.28-12.56.48:196][174]LogLinker:Warning: Can't find file for asset '/Game/Blueprints/BP_CraftableAsset' while loading D:/UEProjects/project_kopernik/Content/Blueprints/BP_ConstructionDummy.uasset.
[2016.01.28-12.56.48:196][174]LogLinker:Warning: Can't find file '/Game/Blueprints/BP_CraftableAsset'
[2016.01.28-12.56.48:196][174]LogLinker:Warning: Can't find file for asset '/Game/Blueprints/BP_CraftableAsset' while loading D:/UEProjects/project_kopernik/Content/Blueprints/BP_ConstructionDummy.uasset.
[2016.01.28-12.56.48:200][174]LogLinker:Warning: Can't find file '/Game/Blueprints/BP_CraftableAsset'
[2016.01.28-12.56.48:200][174]LogLinker:Warning: Can't find file for asset '/Game/Blueprints/BP_CraftableAsset' while loading D:/UEProjects/project_kopernik/Content/Blueprints/DataTables/DB_ConstructionItems.uasset.
[2016.01.28-12.56.48:200][174]LoadErrors:Error: Error /Game/Blueprints/DataTables/DB_ConstructionItems : Can't find file for asset. /Game/Blueprints/BP_CraftableAsset
[2016.01.28-12.56.48:200][174]LogLinker:Warning: Can't find file '/Game/Blueprints/BP_CraftableAsset'
[2016.01.28-12.56.48:200][174]LogLinker:Warning: Can't find file for asset '/Game/Blueprints/BP_CraftableAsset' while loading D:/UEProjects/project_kopernik/Content/Blueprints/DataTables/DB_ConstructionItems.uasset.
[2016.01.28-12.56.48:207][174]LogLinker:Warning: Can't find file '/Game/Blueprints/BP_CraftableAsset'
[2016.01.28-12.56.48:207][174]LoadErrors: Info Failed to load /Game/Blueprints/BP_BuildManager.BP_BuildManager_C Referenced by EdGraphPin_44722
[2016.01.28-12.56.48:207][174]LogLinker:Warning: Can't find file for asset '/Game/Blueprints/BP_CraftableAsset' while loading D:/UEProjects/project_kopernik/Content/Blueprints/DataTables/DB_ConstructionItems.uasset.
[2016.01.28-12.56.48:207][174]LogLinker:Warning: Can't find file '/Game/Blueprints/BP_CraftableAsset'
[2016.01.28-12.56.48:207][174]LoadErrors: Info Failed to load /Game/Blueprints/BP_BuildManager.BP_BuildManager_C Referenced by EdGraphPin_44730
[2016.01.28-12.56.48:207][174]LogLinker:Warning: Can't find file for asset '/Game/Blueprints/BP_CraftableAsset' while loading D:/UEProjects/project_kopernik/Content/Blueprints/DataTables/DB_ConstructionItems.uasset.
[2016.01.28-12.56.48:207][174]LogLinker:Warning: Can't find file '/Game/Blueprints/BP_CraftableAsset'
[2016.01.28-12.56.48:207][174]LoadErrors: Info Failed to load /Game/Blueprints/BP_BuildManager.BP_BuildManager_C Referenced by K2Node_CallFunction_3528
[2016.01.28-12.56.48:207][174]LogLinker:Warning: Can't find file for asset '/Game/Blueprints/BP_CraftableAsset' while loading D:/UEProjects/project_kopernik/Content/Blueprints/DataTables/DB_ConstructionItems.uasset.
[2016.01.28-12.56.48:208][174]LogLinker:Warning: Can't find file '/Game/Blueprints/BP_CraftableAsset'
[2016.01.28-12.56.48:208][174]LoadErrors: Info Failed to load /Game/Blueprints/BP_BuildManager.BP_BuildManager_C Referenced by EdGraphPin_44876
[2016.01.28-12.56.48:208][174]LogLinker:Warning: Can't find file for asset '/Game/Blueprints/BP_CraftableAsset' while loading D:/UEProjects/project_kopernik/Content/Blueprints/DataTables/DB_ConstructionItems.uasset.
[2016.01.28-12.56.48:221][174]LogBlueprint:Error: [compiler BP_ConstructionAsset] Error COMPILER ERROR: failed building connection with 'Actor Class is not compatible with Class.' at  SpawnActor 
[2016.01.28-12.56.48:221][174]LogBlueprint:Error: [compiler BP_ConstructionAsset] Error COMPILER ERROR: failed building connection with 'Actor Reference is not compatible with Reference.' at  SpawnActor 
[2016.01.28-12.56.48:221][174]LogBlueprint:Error: [compiler BP_ConstructionAsset] Error Could not find a function named "GetData" in 'BP_ConstructionAsset'.
Make sure 'BP_ConstructionAsset' has been compiled for  Get Data 
[2016.01.28-12.56.48:227][174]LogBlueprint:Warning: [compiler BP_ConstructionAsset] Warning [0005.67] Compile of BP_ConstructionAsset failed. 3 Fatal Issue(s) 0 Warning(s) [in 12 ms]
[2016.01.28-12.56.48:227][174]LogBlueprint:Warning: [compiler BP_ConstructionAsset] Warning [0005.67] Compile of BP_ConstructionAsset failed. 3 Fatal Issue(s) 1 Warning(s) [in 0 ms]
[2016.01.28-12.56.48:227][174]LogBlueprint:Warning: [compiler BP_ConstructionAsset] Warning [0005.67] Compile of BP_ConstructionAsset failed. 3 Fatal Issue(s) 2 Warning(s) [in 0 ms]
[2016.01.28-12.56.48:241][174]LogLinker:Warning: CreateExport: Failed to load Parent for Function /Game/Resources/TestObjects/CA_TestCraftBox.CA_TestCraftBox_C:UserConstructionScript; removing parent information, but keeping function
[2016.01.28-12.56.48:258][174]LogBlueprint:Error: [compiler BP_ConstructionDummy] Error Could not find a function named "LoadSockets" in 'BP_ConstructionAsset_C'.
Make sure 'BP_ConstructionAsset_C' has been compiled for  Load Sockets 
[2016.01.28-12.56.48:265][174]LogBlueprint:Warning: [compiler BP_ConstructionDummy] Warning [0005.71] Compile of BP_ConstructionDummy failed. 1 Fatal Issue(s) 0 Warning(s) [in 11 ms]
[2016.01.28-12.56.48:265][174]LogBlueprint:Warning: [compiler BP_ConstructionDummy] Warning [0005.71] Compile of BP_ConstructionDummy failed. 1 Fatal Issue(s) 1 Warning(s) [in 0 ms]
[2016.01.28-12.56.48:265][174]LogBlueprint:Warning: [compiler BP_ConstructionDummy] Warning [0005.71] Compile of BP_ConstructionDummy failed. 1 Fatal Issue(s) 2 Warning(s) [in 0 ms]
[2016.01.28-12.56.48:271][174]LogProperty:Error: UStructProperty::Serialize Loading: Property 'StructProperty /Game/Blueprints/UI/UI_ConstructionMenu.UI_ConstructionMenu_C:UpdateCurrentData.CallFunc_GetDataTableRowFromName_OutRow'. Unknown structure.
[2016.01.28-12.56.48:479][174]LogLinker:Warning: Can't find file '/Game/Blueprints/BP_CraftableAsset'
[2016.01.28-12.56.48:479][174]LogLinker:Warning: Can't find file for asset '/Game/Blueprints/BP_CraftableAsset' while loading D:/UEProjects/project_kopernik/Content/Blueprints/BP_BuildManager.uasset.
[2016.01.28-12.56.48:479][174]LoadErrors:Error: Error /Game/Blueprints/BP_BuildManager : Can't find file for asset. /Game/Blueprints/BP_CraftableAsset
[2016.01.28-12.56.48:480][174]LogLinker:Warning: Can't find file '/Game/Blueprints/BP_CraftableAsset'
[2016.01.28-12.56.48:480][174]LogLinker:Warning: Can't find file for asset '/Game/Blueprints/BP_CraftableAsset' while loading D:/UEProjects/project_kopernik/Content/Blueprints/BP_BuildManager.uasset.
[2016.01.28-12.56.48:482][174]LogLinker:Warning: Can't find file '/Game/Blueprints/BP_CraftableAsset'
[2016.01.28-12.56.48:482][174]LoadErrors: Info Failed to load /Game/Blueprints/BP_BuildManager.BP_BuildManager_C Referenced by EdGraphPin_38750
[2016.01.28-12.56.48:482][174]LogLinker:Warning: Can't find file for asset '/Game/Blueprints/BP_CraftableAsset' while loading D:/UEProjects/project_kopernik/Content/Blueprints/BP_BuildManager.uasset.
[2016.01.28-12.56.48:482][174]LogLinker:Warning: Can't find file '/Game/Blueprints/BP_CraftableAsset'
[2016.01.28-12.56.48:482][174]LoadErrors: Info Failed to load /Game/Blueprints/BP_BuildManager.BP_BuildManager_C Referenced by EdGraphPin_37174
[2016.01.28-12.56.48:482][174]LogLinker:Warning: Can't find file for asset '/Game/Blueprints/BP_CraftableAsset' while loading D:/UEProjects/project_kopernik/Content/Blueprints/BP_BuildManager.uasset.
[2016.01.28-12.56.48:482][174]LogLinker:Warning: Can't find file '/Game/Blueprints/BP_CraftableAsset'
[2016.01.28-12.56.48:482][174]LoadErrors: Info Failed to load /Game/Blueprints/BP_BuildManager.BP_BuildManager_C Referenced by K2Node_CallFunction_3240
[2016.01.28-12.56.48:482][174]LogLinker:Warning: Can't find file for asset '/Game/Blueprints/BP_CraftableAsset' while loading D:/UEProjects/project_kopernik/Content/Blueprints/BP_BuildManager.uasset.
[2016.01.28-12.56.48:483][174]LogLinker:Warning: Can't find file '/Game/Blueprints/BP_CraftableAsset'
[2016.01.28-12.56.48:483][174]LoadErrors: Info Failed to load /Game/Blueprints/BP_BuildManager.BP_BuildManager_C Referenced by EdGraphPin_41522
[2016.01.28-12.56.48:483][174]LogLinker:Warning: Can't find file for asset '/Game/Blueprints/BP_CraftableAsset' while loading D:/UEProjects/project_kopernik/Content/Blueprints/BP_BuildManager.uasset.
[2016.01.28-12.56.48:497][174]LogBlueprint:Error: [compiler BP_BuildManager] Error COMPILER ERROR: failed building connection with 'Actor Class is not compatible with Class.' at  SpawnActor 
[2016.01.28-12.56.48:497][174]LogBlueprint:Error: [compiler BP_BuildManager] Error COMPILER ERROR: failed building connection with 'Actor Reference is not compatible with Reference.' at  SpawnActor 
[2016.01.28-12.56.48:498][174]LogBlueprint:Error: [compiler BP_BuildManager] Error Could not find a function named "GetData" in 'BP_BuildManager'.
Make sure 'BP_BuildManager' has been compiled for  Get Data 
[2016.01.28-12.56.48:508][174]LogBlueprint:Warning: [compiler BP_BuildManager] Warning [0005.95] Compile of BP_BuildManager failed. 3 Fatal Issue(s) 0 Warning(s) [in 15 ms]
[2016.01.28-12.56.48:509][174]LogBlueprint:Warning: [compiler BP_BuildManager] Warning [0005.95] Compile of BP_BuildManager failed. 3 Fatal Issue(s) 1 Warning(s) [in 1 ms]
[2016.01.28-12.56.48:509][174]LogBlueprint:Warning: [compiler BP_BuildManager] Warning [0005.95] Compile of BP_BuildManager failed. 3 Fatal Issue(s) 2 Warning(s) [in 0 ms]
[2016.01.28-12.56.48:517][174]LogBlueprint:Error: [compiler BP_BuildManager] Error COMPILER ERROR: failed building connection with 'Actor Class is not compatible with Class.' at  SpawnActor 
[2016.01.28-12.56.48:517][174]LogBlueprint:Error: [compiler BP_BuildManager] Error COMPILER ERROR: failed building connection with 'Actor Reference is not compatible with Reference.' at  SpawnActor 
[2016.01.28-12.56.48:518][174]LogBlueprint:Error: [compiler BP_BuildManager] Error Could not find a function named "GetData" in 'BP_BuildManager'.
Make sure 'BP_BuildManager' has been compiled for  Get Data 
[2016.01.28-12.56.48:526][174]LogBlueprint:Warning: [compiler BP_BuildManager] Warning [0005.97] Compile of BP_BuildManager failed. 3 Fatal Issue(s) 0 Warning(s) [in 14 ms]
[2016.01.28-12.56.48:526][174]LogBlueprint:Warning: [compiler BP_BuildManager] Warning [0005.97] Compile of BP_BuildManager failed. 3 Fatal Issue(s) 1 Warning(s) [in 0 ms]
[2016.01.28-12.56.48:528][174]LogBlueprint:Warning: [compiler BP_BuildManager] Warning [0005.97] Compile of BP_BuildManager failed. 3 Fatal Issue(s) 2 Warning(s) [in 1 ms]
[2016.01.28-12.56.48:568][174]LogBlueprint:Error: [compiler BP_PlayerController] Error Could not find a function named "LoadObjects" in 'BP_BuildManager_C'.
Make sure 'BP_BuildManager_C' has been compiled for  Load Objects 
[2016.01.28-12.56.48:581][174]LogBlueprint:Warning: [compiler BP_PlayerController] Warning [0006.02] Compile of BP_PlayerController failed. 1 Fatal Issue(s) 0 Warning(s) [in 23 ms]
[2016.01.28-12.56.48:581][174]LogBlueprint:Warning: [compiler BP_PlayerController] Warning [0006.02] Compile of BP_PlayerController failed. 1 Fatal Issue(s) 1 Warning(s) [in 0 ms]
[2016.01.28-12.56.48:582][174]LogBlueprint:Warning: [compiler BP_PlayerController] Warning [0006.02] Compile of BP_PlayerController failed. 1 Fatal Issue(s) 2 Warning(s) [in 0 ms]
[2016.01.28-12.56.48:590][174]LogBlueprint:Error: [compiler BP_ConstructionDummy] Error Could not find a function named "LoadSockets" in 'BP_ConstructionAsset_C'.
Make sure 'BP_ConstructionAsset_C' has been compiled for  Load Sockets 
[2016.01.28-12.56.48:597][174]LogBlueprint:Warning: [compiler BP_ConstructionDummy] Warning [0006.04] Compile of BP_ConstructionDummy failed. 1 Fatal Issue(s) 0 Warning(s) [in 11 ms]
[2016.01.28-12.56.48:597][174]LogBlueprint:Warning: [compiler BP_ConstructionDummy] Warning [0006.04] Compile of BP_ConstructionDummy failed. 1 Fatal Issue(s) 1 Warning(s) [in 0 ms]
[2016.01.28-12.56.48:597][174]LogBlueprint:Warning: [compiler BP_ConstructionDummy] Warning [0006.04] Compile of BP_ConstructionDummy failed. 1 Fatal Issue(s) 2 Warning(s) [in 0 ms]
[2016.01.28-12.56.48:644][174]LogLinker:Warning: Can't find file '/Game/Blueprints/BP_CraftableAsset'
[2016.01.28-12.56.48:644][174]LogLinker:Warning: Can't find file for asset '/Game/Blueprints/BP_CraftableAsset' while loading D:/UEProjects/project_kopernik/Content/Blueprints/BP_BuildManager.uasset.
[2016.01.28-12.56.48:646][174]LogLinker:Warning: Can't find file '/Game/Blueprints/BP_CraftableAsset'
[2016.01.28-12.56.48:646][174]LogLinker:Warning: Can't find file for asset '/Game/Blueprints/BP_CraftableAsset' while loading D:/UEProjects/project_kopernik/Content/Blueprints/BP_BuildManager.uasset.
[2016.01.28-12.56.48:647][174]LogLinker:Warning: Can't find file '/Game/Blueprints/BP_CraftableAsset'
[2016.01.28-12.56.48:647][174]LogLinker:Warning: Can't find file for asset '/Game/Blueprints/BP_CraftableAsset' while loading D:/UEProjects/project_kopernik/Content/Blueprints/BP_ConstructionAsset.uasset.
[2016.01.28-12.56.48:647][174]LoadErrors:Error: Error /Game/Blueprints/BP_ConstructionAsset : Can't find file for asset. /Game/Blueprints/BP_CraftableAsset
[2016.01.28-12.56.48:648][174]LogLinker:Warning: Can't find file '/Game/Blueprints/BP_CraftableAsset'
[2016.01.28-12.56.48:649][174]LogLinker:Warning: Can't find file for asset '/Game/Blueprints/BP_CraftableAsset' while loading D:/UEProjects/project_kopernik/Content/Blueprints/BP_ConstructionAsset.uasset.
[2016.01.28-12.56.48:839][174]LogLinker:Warning: Asset '../../../Engine/Content/ArtTools/RenderToTexture/Macros/RenderToTextureMacros.uasset' has been saved with empty engine version. The asset will be loaded but may be incompatible.
[2016.01.28-12.56.49:159][174]LogContentBrowser: Native class hierarchy updated for 'BlueprintGraph' in 0.0006 seconds. Added 107 classes and 0 folders.
[2016.01.28-12.56.49:436][174]LoadErrors:Error: Error /Game/Resources/ConstructionAssets/FarmContainer/CA_FarmContainer : Failed import for BPS_ItemGenerator_C /Game/Blueprints/BP_ConstructionAsset.BP_ConstructionAsset_C:BPS_ItemGenerator_GEN_VARIABLE
[2016.01.28-12.56.55:436][763]Cmd: QUIT_EDITOR
[2016.01.28-12.56.55:550][763]LogExit: Preparing to exit.
[2016.01.28-12.56.56:231][763]LogExit: Editor shut down
[2016.01.28-12.56.56:232][763]LogExit: Transaction tracking system shut down
[2016.01.28-12.56.56:233][763]LogParticles: Destroying 0 GPU particle simulations for FXSystem 0x00000000129A74C0
[2016.01.28-12.56.56:233][763]LogParticles: Destroying 0 GPU particle simulations for FXSystem 0x00000000122DB880
[2016.01.28-12.56.56:233][763]LogParticles: Destroying 0 GPU particle simulations for FXSystem 0x00000000338862A0
[2016.01.28-12.56.56:234][763]LogParticles: Destroying 0 GPU particle simulations for FXSystem 0x000000002F654FE0
[2016.01.28-12.56.56:236][763]LogParticles: Destroying 0 GPU particle simulations for FXSystem 0x0000000051A77EC0
[2016.01.28-12.56.56:388][763]LogExit: Object subsystem successfully closed.
[2016.01.28-12.56.56:399][763]LogD3D11RHI: Shutdown
[2016.01.28-12.56.56:399][763]LogD3D11RHI: CleanupD3DDevice
[2016.01.28-12.56.56:427][763]LogD3D11RHI: ~FD3D11DynamicRHI
[2016.01.28-12.56.56:435][763]LogModuleManager: Shutting down and abandoning module BlueprintGraph (199)
[2016.01.28-12.56.56:435][763]LogModuleManager: Shutting down and abandoning module CrashTracker (198)
[2016.01.28-12.56.56:435][763]LogModuleManager: Shutting down and abandoning module SceneOutliner (197)
[2016.01.28-12.56.56:435][763]LogModuleManager: Shutting down and abandoning module SuperSearch (196)
[2016.01.28-12.56.56:435][763]LogModuleManager: Shutting down and abandoning module WidgetCarousel (195)
[2016.01.28-12.56.56:435][763]LogModuleManager: Shutting down and abandoning module AddContentDialog (194)
[2016.01.28-12.56.56:436][763]LogModuleManager: Shutting down and abandoning module EditorWidgets (193)
[2016.01.28-12.56.56:436][763]LogModuleManager: Shutting down and abandoning module CollectionManager (192)
[2016.01.28-12.56.56:436][763]LogModuleManager: Shutting down and abandoning module StatsViewer (191)
[2016.01.28-12.56.56:436][763]LogModuleManager: Shutting down and abandoning module FoliageEdit (190)
[2016.01.28-12.56.56:436][763]LogModuleManager: Shutting down and abandoning module LandscapeEditor (189)
[2016.01.28-12.56.56:436][763]LogModuleManager: Shutting down and abandoning module ActorPickerMode (188)
[2016.01.28-12.56.56:436][763]LogModuleManager: Shutting down and abandoning module GeometryMode (187)
[2016.01.28-12.56.56:436][763]LogModuleManager: Shutting down and abandoning module TextureAlignMode (186)
[2016.01.28-12.56.56:436][763]LogModuleManager: Shutting down and abandoning module BspMode (185)
[2016.01.28-12.56.56:436][763]LogModuleManager: Shutting down and abandoning module PlacementMode (184)
[2016.01.28-12.56.56:436][763]LogModuleManager: Shutting down and abandoning module AutomationWorker (183)
[2016.01.28-12.56.56:436][763]LogModuleManager: Shutting down and abandoning module CharacterAI (182)
[2016.01.28-12.56.56:436][763]LogModuleManager: Shutting down and abandoning module SmartSnapping (181)
[2016.01.28-12.56.56:436][763]LogModuleManager: Shutting down and abandoning module ViewportSnapping (180)
[2016.01.28-12.56.56:436][763]LogModuleManager: Shutting down and abandoning module LogVisualizer (179)
[2016.01.28-12.56.56:436][763]LogModuleManager: Shutting down and abandoning module GameProjectGeneration (178)
[2016.01.28-12.56.56:436][763]LogModuleManager: Shutting down and abandoning module IntroTutorials (177)
[2016.01.28-12.56.56:436][763]LogModuleManager: Shutting down and abandoning module EditorLiveStreaming (176)
[2016.01.28-12.56.56:436][763]LogModuleManager: Shutting down and abandoning module IOSPlatformEditor (175)
[2016.01.28-12.56.56:436][763]LogModuleManager: Shutting down and abandoning module HTML5PlatformEditor (174)
[2016.01.28-12.56.56:436][763]LogModuleManager: Shutting down and abandoning module AndroidDeviceDetection (173)
[2016.01.28-12.56.56:789][763]LogModuleManager: Shutting down and abandoning module AndroidPlatformEditor (172)
[2016.01.28-12.56.56:789][763]LogModuleManager: Shutting down and abandoning module IOSRuntimeSettings (171)
[2016.01.28-12.56.56:789][763]LogModuleManager: Shutting down and abandoning module AndroidRuntimeSettings (170)
[2016.01.28-12.56.56:789][763]LogModuleManager: Shutting down and abandoning module MergeActors (169)
[2016.01.28-12.56.56:789][763]LogModuleManager: Shutting down and abandoning module SizeMap (168)
[2016.01.28-12.56.56:789][763]LogModuleManager: Shutting down and abandoning module TreeMap (167)
[2016.01.28-12.56.56:789][763]LogModuleManager: Shutting down and abandoning module ReferenceViewer (166)
[2016.01.28-12.56.56:789][763]LogModuleManager: Shutting down and abandoning module LocalizationService (165)
[2016.01.28-12.56.56:789][763]LogModuleManager: Shutting down and abandoning module LocalizationDashboard (164)
[2016.01.28-12.56.56:789][763]LogModuleManager: Shutting down and abandoning module HardwareTargeting (163)
[2016.01.28-12.56.56:789][763]LogModuleManager: Shutting down and abandoning module DeviceProfileEditor (162)
[2016.01.28-12.56.56:789][763]LogModuleManager: Shutting down and abandoning module UndoHistory (161)
[2016.01.28-12.56.56:789][763]LogModuleManager: Shutting down and abandoning module GameplayTagsEditor (160)
[2016.01.28-12.56.56:789][763]LogModuleManager: Shutting down and abandoning module UserFeedback (159)
[2016.01.28-12.56.56:789][763]LogModuleManager: Shutting down and abandoning module XmlParser (158)
[2016.01.28-12.56.56:789][763]LogModuleManager: Shutting down and abandoning module Blutility (157)
[2016.01.28-12.56.56:789][763]LogModuleManager: Shutting down and abandoning module ProjectTargetPlatformEditor (156)
[2016.01.28-12.56.56:789][763]LogModuleManager: Shutting down and abandoning module ProjectSettingsViewer (155)
[2016.01.28-12.56.56:789][763]LogModuleManager: Shutting down and abandoning module InputBindingEditor (154)
[2016.01.28-12.56.56:789][763]LogModuleManager: Shutting down and abandoning module EditorSettingsViewer (153)
[2016.01.28-12.56.56:789][763]LogModuleManager: Shutting down and abandoning module SettingsEditor (152)
[2016.01.28-12.56.56:789][763]LogModuleManager: Shutting down and abandoning module ProjectLauncher (151)
[2016.01.28-12.56.56:789][763]LogModuleManager: Shutting down and abandoning module SessionFrontend (150)
[2016.01.28-12.56.56:789][763]LogModuleManager: Shutting down and abandoning module ProfilerClient (149)
[2016.01.28-12.56.56:789][763]LogModuleManager: Shutting down and abandoning module TargetDeviceServices (148)
[2016.01.28-12.56.56:789][763]LogModuleManager: Shutting down and abandoning module DeviceManager (147)
[2016.01.28-12.56.56:789][763]LogModuleManager: Shutting down and abandoning module AutomationController (146)
[2016.01.28-12.56.56:789][763]LogModuleManager: Shutting down and abandoning module AutomationWindow (145)
[2016.01.28-12.56.56:789][763]LogModuleManager: Shutting down and abandoning module Layers (144)
[2016.01.28-12.56.56:790][763]LogModuleManager: Shutting down and abandoning module ComponentVisualizers (143)
[2016.01.28-12.56.56:790][763]LogModuleManager: Shutting down and abandoning module DetailCustomizations (142)
[2016.01.28-12.56.56:790][763]LogModuleManager: Shutting down and abandoning module PackagesDialog (141)
[2016.01.28-12.56.56:790][763]LogModuleManager: Shutting down and abandoning module Persona (140)
[2016.01.28-12.56.56:790][763]LogModuleManager: Shutting down and abandoning module Kismet (139)
[2016.01.28-12.56.56:790][763]LogModuleManager: Shutting down and abandoning module GraphEditor (138)
[2016.01.28-12.56.56:790][763]LogModuleManager: Shutting down and abandoning module ClassViewer (137)
[2016.01.28-12.56.56:790][763]LogModuleManager: Shutting down and abandoning module Toolbox (136)
[2016.01.28-12.56.56:790][763]LogModuleManager: Shutting down and abandoning module ModuleUI (135)
[2016.01.28-12.56.56:790][763]LogModuleManager: Shutting down and abandoning module MovieSceneTools (134)
[2016.01.28-12.56.56:790][763]LogModuleManager: Shutting down and abandoning module OutputLog (133)
[2016.01.28-12.56.56:790][763]LogModuleManager: Shutting down and abandoning module GammaUI (132)
[2016.01.28-12.56.56:790][763]LogModuleManager: Shutting down and abandoning module Documentation (131)
[2016.01.28-12.56.56:790][763]LogModuleManager: Shutting down and abandoning module GameLiveStreaming (130)
[2016.01.28-12.56.56:790][763]LogModuleManager: Shutting down and abandoning module StreamingPauseRendering (129)
[2016.01.28-12.56.56:790][763]LogModuleManager: Shutting down and abandoning module AnalyticsET (128)
[2016.01.28-12.56.56:790][763]LogModuleManager: Shutting down and abandoning module Analytics (127)
[2016.01.28-12.56.56:790][763]LogModuleManager: Shutting down and abandoning module AITestSuite (126)
[2016.01.28-12.56.56:790][763]LogModuleManager: Shutting down and abandoning module GameplayDebugger (125)
[2016.01.28-12.56.56:790][763]LogModuleManager: Shutting down and abandoning module AIModule (124)
[2016.01.28-12.56.56:790][763]LogModuleManager: Shutting down and abandoning module ProfilerService (123)
[2016.01.28-12.56.57:005][763]LogModuleManager: Shutting down and abandoning module TaskGraph (122)
[2016.01.28-12.56.57:005][763]LogModuleManager: Shutting down and abandoning module SlateRemote (121)
[2016.01.28-12.56.57:005][763]LogModuleManager: Shutting down and abandoning module SteamVRController (120)
[2016.01.28-12.56.57:005][763]LogModuleManager: Shutting down and abandoning module SteamVR (119)
[2016.01.28-12.56.57:005][763]LogModuleManager: Shutting down and abandoning module ProceduralMeshComponent (118)
[2016.01.28-12.56.57:005][763]LogModuleManager: Shutting down and abandoning module OculusLibrary (117)
[2016.01.28-12.56.57:005][763]LogModuleManager: Shutting down and abandoning module OculusInput (116)
[2016.01.28-12.56.57:005][763]LogModuleManager: Shutting down and abandoning module LeapMotionController (115)
[2016.01.28-12.56.57:011][763]LogModuleManager: Shutting down and abandoning module CustomMeshComponent (114)
[2016.01.28-12.56.57:011][763]LogModuleManager: Shutting down and abandoning module CableComponent (113)
[2016.01.28-12.56.57:011][763]LogModuleManager: Shutting down and abandoning module ArchVisCharacter (112)
[2016.01.28-12.56.57:011][763]LogModuleManager: Shutting down and abandoning module MessagingDebugger (111)
[2016.01.28-12.56.57:011][763]LogModuleManager: Shutting down and abandoning module MediaPlayerEditor (110)
[2016.01.28-12.56.57:011][763]LogModuleManager: Shutting down and abandoning module HTML5Networking (109)
[2016.01.28-12.56.57:011][763]LogModuleManager: Shutting down and abandoning module SpeedTreeImporter (108)
[2016.01.28-12.56.57:011][763]LogModuleManager: Shutting down and abandoning module PluginBrowser (107)
[2016.01.28-12.56.57:011][763]LogModuleManager: Shutting down and abandoning module EpicSurvey (106)
[2016.01.28-12.56.57:011][763]LogModuleManager: Shutting down and abandoning module DesktopPlatform (105)
[2016.01.28-12.56.57:011][763]LogModuleManager: Shutting down and abandoning module VisualStudioSourceCodeAccess (104)
[2016.01.28-12.56.57:011][763]LogModuleManager: Shutting down and abandoning module UObjectPlugin (103)
[2016.01.28-12.56.57:011][763]LogModuleManager: Shutting down and abandoning module SubversionSourceControl (102)
[2016.01.28-12.56.57:011][763]LogModuleManager: Shutting down and abandoning module PerforceSourceControl (101)
[2016.01.28-12.56.57:011][763]LogModuleManager: Shutting down and abandoning module SourceControl (100)
[2016.01.28-12.56.57:011][763]LogModuleManager: Shutting down and abandoning module GitSourceControl (99)
[2016.01.28-12.56.57:011][763]LogModuleManager: Shutting down and abandoning module LightPropagationVolumeEditor (98)
[2016.01.28-12.56.57:011][763]LogModuleManager: Shutting down and abandoning module PaperTiledImporter (97)
[2016.01.28-12.56.57:011][763]LogModuleManager: Shutting down and abandoning module PaperSpriteSheetImporter (96)
[2016.01.28-12.56.57:011][763]LogModuleManager: Shutting down and abandoning module MeshPaint (95)
[2016.01.28-12.56.57:011][763]LogModuleManager: Shutting down and abandoning module SlateReflector (94)
[2016.01.28-12.56.57:011][763]LogModuleManager: Shutting down and abandoning module HotReload (93)
[2016.01.28-12.56.57:011][763]LogModuleManager: Shutting down and abandoning module MainFrame (92)
[2016.01.28-12.56.57:011][763]LogModuleManager: Shutting down and abandoning module LevelEditor (91)
[2016.01.28-12.56.57:012][763]LogModuleManager: Shutting down and abandoning module DirectoryWatcher (90)
[2016.01.28-12.56.57:012][763]LogModuleManager: Shutting down and abandoning module AssetRegistry (89)
[2016.01.28-12.56.57:047][763]LogModuleManager: Shutting down and abandoning module ContentBrowser (88)
[2016.01.28-12.56.57:048][763]LogModuleManager: Shutting down and abandoning module Paper2DEditor (87)
[2016.01.28-12.56.57:048][763]LogModuleManager: Shutting down and abandoning module UdpMessaging (86)
[2016.01.28-12.56.57:148][763]LogModuleManager: Shutting down and abandoning module LightPropagationVolumeRuntime (85)
[2016.01.28-12.56.57:148][763]LogModuleManager: Shutting down and abandoning module Paper2D (84)
[2016.01.28-12.56.57:148][763]LogModuleManager: Shutting down and abandoning module WindowsMoviePlayer (83)
[2016.01.28-12.56.57:150][763]LogModuleManager: Shutting down and abandoning module Media (82)
[2016.01.28-12.56.57:150][763]LogModuleManager: Shutting down and abandoning module WmfMedia (81)
[2016.01.28-12.56.57:150][763]LogModuleManager: Shutting down and abandoning module OnlineBlueprintSupport (80)
[2016.01.28-12.56.57:150][763]LogModuleManager: Shutting down and abandoning module GameplayTasksEditor (79)
[2016.01.28-12.56.57:150][763]LogModuleManager: Shutting down and abandoning module PropertyEditor (78)
[2016.01.28-12.56.57:150][763]LogModuleManager: Shutting down and abandoning module BehaviorTreeEditor (77)
[2016.01.28-12.56.57:150][763]LogModuleManager: Shutting down and abandoning module FunctionalTesting (76)
[2016.01.28-12.56.57:150][763]LogModuleManager: Shutting down and abandoning module CollisionAnalyzer (75)
[2016.01.28-12.56.57:150][763]LogModuleManager: Shutting down and abandoning module WorkspaceMenuStructure (74)
[2016.01.28-12.56.57:151][763]LogModuleManager: Shutting down and abandoning module MessageLog (73)
[2016.01.28-12.56.57:151][763]LogModuleManager: Shutting down and abandoning module Sequencer (72)
[2016.01.28-12.56.57:151][763]LogModuleManager: Shutting down and abandoning module AssetTools (71)
[2016.01.28-12.56.57:151][763]LogModuleManager: Shutting down and abandoning module UMGEditor (70)
[2016.01.28-12.56.57:151][763]LogModuleManager: Shutting down and abandoning module UMG (69)
[2016.01.28-12.56.57:151][763]LogModuleManager: Shutting down and abandoning module Slate (68)
[2016.01.28-12.56.57:151][763]LogModuleManager: Shutting down and abandoning module EditorStyle (67)
[2016.01.28-12.56.57:152][763]LogModuleManager: Shutting down and abandoning module SessionServices (66)
[2016.01.28-12.56.57:152][763]LogModuleManager: Shutting down and abandoning module SourceCodeAccess (65)
[2016.01.28-12.56.57:152][763]LogModuleManager: Shutting down and abandoning module HeadMountedDisplay (64)
[2016.01.28-12.56.57:152][763]LogModuleManager: Shutting down and abandoning module XAudio2 (63)
[2016.01.28-12.56.57:152][763]LogModuleManager: Shutting down and abandoning module Networking (61)
[2016.01.28-12.56.57:152][763]LogModuleManager: Shutting down and abandoning module Core (60)
[2016.01.28-12.56.57:152][763]LogModuleManager: Shutting down and abandoning module KismetCompiler (59)
[2016.01.28-12.56.57:152][763]LogModuleManager: Shutting down and abandoning module PhysXFormats (58)
[2016.01.28-12.56.57:152][763]LogModuleManager: Shutting down and abandoning module MeshUtilities (57)
[2016.01.28-12.56.57:152][763]LogModuleManager: Shutting down and abandoning module DerivedDataCache (56)
[2016.01.28-12.56.57:198][763]LogDerivedDataCache: Shutdown
[2016.01.28-12.56.57:198][763]LogModuleManager: Shutting down and abandoning module ShaderFormatOpenGL (55)
[2016.01.28-12.56.57:198][763]LogModuleManager: Shutting down and abandoning module ShaderFormatD3D (54)
[2016.01.28-12.56.57:198][763]LogModuleManager: Shutting down and abandoning module MetalShaderFormat (53)
[2016.01.28-12.56.57:198][763]LogModuleManager: Shutting down and abandoning module TextureFormatUncompressed (52)
[2016.01.28-12.56.57:198][763]LogModuleManager: Shutting down and abandoning module TextureFormatPVR (51)
[2016.01.28-12.56.57:198][763]LogModuleManager: Shutting down and abandoning module TextureFormatIntelISPCTexComp (50)
[2016.01.28-12.56.57:198][763]LogModuleManager: Shutting down and abandoning module TextureFormatDXT (49)
[2016.01.28-12.56.57:198][763]LogModuleManager: Shutting down and abandoning module ImageWrapper (48)
[2016.01.28-12.56.57:198][763]LogModuleManager: Shutting down and abandoning module TextureFormatASTC (47)
[2016.01.28-12.56.57:198][763]LogModuleManager: Shutting down and abandoning module TextureFormatAndroid (46)
[2016.01.28-12.56.57:198][763]LogModuleManager: Shutting down and abandoning module AudioFormatOpus (45)
[2016.01.28-12.56.57:198][763]LogModuleManager: Shutting down and abandoning module AudioFormatOgg (44)
[2016.01.28-12.56.57:198][763]LogModuleManager: Shutting down and abandoning module AudioFormatADPCM (43)
[2016.01.28-12.56.57:198][763]LogModuleManager: Shutting down and abandoning module LinuxTargetPlatform (42)
[2016.01.28-12.56.57:198][763]LogModuleManager: Shutting down and abandoning module LinuxServerTargetPlatform (41)
[2016.01.28-12.56.57:198][763]LogModuleManager: Shutting down and abandoning module LinuxNoEditorTargetPlatform (40)
[2016.01.28-12.56.57:198][763]LogModuleManager: Shutting down and abandoning module Messaging (39)
[2016.01.28-12.56.57:198][763]LogModuleManager: Shutting down and abandoning module IOSTargetPlatform (38)
[2016.01.28-12.56.57:198][763]LogModuleManager: Shutting down and abandoning module HTML5TargetPlatform (37)
[2016.01.28-12.56.57:198][763]LogModuleManager: Shutting down and abandoning module Android_PVRTCTargetPlatform (36)
[2016.01.28-12.56.57:198][763]LogModuleManager: Shutting down and abandoning module Android_MultiTargetPlatform (35)
[2016.01.28-12.56.57:198][763]LogModuleManager: Shutting down and abandoning module Android_ETC2TargetPlatform (34)
[2016.01.28-12.56.57:198][763]LogModuleManager: Shutting down and abandoning module Android_ETC1TargetPlatform (33)
[2016.01.28-12.56.57:198][763]LogModuleManager: Shutting down and abandoning module Android_DXTTargetPlatform (32)
[2016.01.28-12.56.57:198][763]LogModuleManager: Shutting down and abandoning module Android_ATCTargetPlatform (31)
[2016.01.28-12.56.57:198][763]LogModuleManager: Shutting down and abandoning module Android_ASTCTargetPlatform (30)
[2016.01.28-12.56.57:198][763]LogModuleManager: Shutting down and abandoning module AndroidTargetPlatform (29)
[2016.01.28-12.56.57:198][763]LogModuleManager: Shutting down and abandoning module WindowsTargetPlatform (28)
[2016.01.28-12.56.57:198][763]LogModuleManager: Shutting down and abandoning module WindowsServerTargetPlatform (27)
[2016.01.28-12.56.57:198][763]LogModuleManager: Shutting down and abandoning module WindowsNoEditorTargetPlatform (26)
[2016.01.28-12.56.57:198][763]LogModuleManager: Shutting down and abandoning module WindowsClientTargetPlatform (25)
[2016.01.28-12.56.57:198][763]LogModuleManager: Shutting down and abandoning module AllDesktopTargetPlatform (24)
[2016.01.28-12.56.57:198][763]LogModuleManager: Shutting down and abandoning module TargetPlatform (23)
[2016.01.28-12.56.57:198][763]LogModuleManager: Shutting down and abandoning module InputCore (22)
[2016.01.28-12.56.57:198][763]LogModuleManager: Shutting down and abandoning module Settings (21)
[2016.01.28-12.56.57:198][763]LogModuleManager: Shutting down and abandoning module OnlineSubsystem (19)
[2016.01.28-12.56.57:198][763]LogModuleManager: Shutting down and abandoning module HTTP (18)
[2016.01.28-12.56.59:198][763]LogModuleManager: Shutting down and abandoning module XMPP (17)
[2016.01.28-12.56.59:198][763]LogModuleManager: Shutting down and abandoning module OculusRift (16)
[2016.01.28-12.56.59:198][763]LogModuleManager: Shutting down and abandoning module ExampleDeviceProfileSelector (15)
[2016.01.28-12.56.59:198][763]LogModuleManager: Shutting down and abandoning module TextureCompressor (14)
[2016.01.28-12.56.59:198][763]LogModuleManager: Shutting down and abandoning module ShaderCore (13)
[2016.01.28-12.56.59:198][763]LogModuleManager: Shutting down and abandoning module Landscape (12)
[2016.01.28-12.56.59:198][763]LogModuleManager: Shutting down and abandoning module SlateRHIRenderer (11)
[2016.01.28-12.56.59:198][763]LogModuleManager: Shutting down and abandoning module OpenGLDrv (10)
[2016.01.28-12.56.59:198][763]LogModuleManager: Shutting down and abandoning module D3D11RHI (9)
[2016.01.28-12.56.59:198][763]LogModuleManager: Shutting down and abandoning module AnimGraphRuntime (8)
[2016.01.28-12.56.59:198][763]LogModuleManager: Shutting down and abandoning module Renderer (7)
[2016.01.28-12.56.59:198][763]LogModuleManager: Shutting down and abandoning module Engine (6)
[2016.01.28-12.56.59:198][763]LogModuleManager: Shutting down and abandoning module CoreUObject (5)
[2016.01.28-12.56.59:198][763]LogModuleManager: Shutting down and abandoning module NetworkFile (4)
[2016.01.28-12.56.59:198][763]LogModuleManager: Shutting down and abandoning module StreamingFile (3)
[2016.01.28-12.56.59:198][763]LogModuleManager: Shutting down and abandoning module SandboxFile (2)
[2016.01.28-12.56.59:198][763]LogModuleManager: Shutting down and abandoning module PakFile (1)
[2016.01.28-12.56.59:200][763]LogExit: Exiting.
[2016.01.28-12.56.59:201][763]Log file closed, 01/28/16 15:56:59
