[2016.01.28-12.53.26:951][  0]Log file open, 01/28/16 15:53:26
[2016.01.28-12.53.26:951][  0]LogInit:Display: Running engine for game: PlanetCraft
[2016.01.28-12.53.26:951][  0]LogPlatformFile: Not using cached read wrapper
[2016.01.28-12.53.26:951][  0]LogInit:Display: RandInit(-1682636525) SRandInit(-1682636524).
[2016.01.28-12.53.26:951][  0]LogTaskGraph: Started task graph with 4 named threads and 7 total threads.
[2016.01.28-12.53.26:951][  0]LogStats: Stats thread started at 0.065501
[2016.01.28-12.53.26:951][  0]LogInit: Version: 4.10.2-2818068+++depot+UE4-Releases+4.10
[2016.01.28-12.53.26:951][  0]LogInit: API Version: 2758231
[2016.01.28-12.53.26:951][  0]LogInit: Compiled (64-bit): Jan  6 2016 17:36:42
[2016.01.28-12.53.26:951][  0]LogInit: Compiled with Visual C++: 19.00.23026.00
[2016.01.28-12.53.26:951][  0]LogInit: Build Configuration: Development
[2016.01.28-12.53.26:951][  0]LogInit: Branch Name: ++depot+UE4-Releases+4.10
[2016.01.28-12.53.26:951][  0]LogInit: Command line:  
[2016.01.28-12.53.26:951][  0]LogInit: Base directory: C:/Program Files (x86)/Epic Games/4.10/Engine/Binaries/Win64/
[2016.01.28-12.53.26:951][  0]LogInit: Rocket: 1
[2016.01.28-12.53.26:956][  0]LogInit: Using libcurl 7.41.0
[2016.01.28-12.53.26:956][  0]LogInit:  - built for x86_64-pc-win32
[2016.01.28-12.53.26:956][  0]LogInit:  - supports SSL with WinSSL
[2016.01.28-12.53.26:956][  0]LogInit:  - other features:
[2016.01.28-12.53.26:956][  0]LogInit:      CURL_VERSION_SSL
[2016.01.28-12.53.26:956][  0]LogInit:      CURL_VERSION_IPV6
[2016.01.28-12.53.26:956][  0]LogInit:      CURL_VERSION_ASYNCHDNS
[2016.01.28-12.53.26:956][  0]LogInit:      CURL_VERSION_LARGEFILE
[2016.01.28-12.53.26:956][  0]LogInit:      CURL_VERSION_IDN
[2016.01.28-12.53.26:956][  0]LogInit:  CurlRequestOptions (configurable via config and command line):
[2016.01.28-12.53.26:956][  0]LogInit:  - bVerifyPeer = true  - Libcurl will verify peer certificate
[2016.01.28-12.53.26:956][  0]LogInit:  - bUseHttpProxy = false  - Libcurl will NOT use HTTP proxy
[2016.01.28-12.53.26:956][  0]LogInit:  - bDontReuseConnections = false  - Libcurl will reuse connections
[2016.01.28-12.53.26:956][  0]LogInit:  - CertBundlePath = nullptr  - Libcurl will use whatever was configured at build time.
[2016.01.28-12.53.26:962][  0]LogInit: Presizing for 0 objects not considered by GC, pre-allocating 0 bytes.
[2016.01.28-12.53.26:968][  0]LogInit: Object subsystem initialized
[2016.01.28-12.53.26:968][  0]LogInit: Selected Device Profile: [Windows]
[2016.01.28-12.53.26:968][  0]LogInit: Applying CVar settings loaded from the selected device profile: [Windows]
[2016.01.28-12.53.26:973][  0]LogInit: Computer: VNOVIKOV
[2016.01.28-12.53.26:973][  0]LogInit: User: vnovikov
[2016.01.28-12.53.26:973][  0]LogInit: CPU Page size=4096, Cores=4
[2016.01.28-12.53.26:973][  0]LogInit: High frequency timer resolution =3.417978 MHz
[2016.01.28-12.53.26:973][  0]LogMemory: Memory total: Physical=15.9GB (16GB approx)
[2016.01.28-12.53.26:973][  0]LogMemory: Platform Memory Stats for Windows
[2016.01.28-12.53.26:973][  0]LogMemory: Process Physical Memory: 55.89 MB used, 55.89 MB peak
[2016.01.28-12.53.26:973][  0]LogMemory: Process Virtual Memory: 56.79 MB used, 56.79 MB peak
[2016.01.28-12.53.26:973][  0]LogMemory: Physical Memory: 3243.90 MB used, 16249.03 MB total
[2016.01.28-12.53.26:973][  0]LogMemory: Virtual Memory: 350.96 MB used, 8388608.00 MB total
[2016.01.28-12.53.27:003][  0]LogTextLocalizationManager: No translations for ('ru-RU') exist, falling back to 'en' for localization and internationalization data.
[2016.01.28-12.53.27:373][  0]LogD3D11RHI: Found D3D11 adapter 0: NVIDIA GeForce GTX 960 (Feature Level 11_0)
[2016.01.28-12.53.27:373][  0]LogD3D11RHI: Adapter has 1969MB of dedicated video memory, 0MB of dedicated system memory, and 2048MB of shared system memory, 2 output[s]
[2016.01.28-12.53.27:373][  0]LogD3D11RHI: Chosen D3D11 Adapter Id = 0
[2016.01.28-12.53.27:376][  0]LogD3D11RHI: !Direct3DDevice
[2016.01.28-12.53.27:376][  0]LogRHI: Texture pool is 1361 MB (70% of 1945 MB)
[2016.01.28-12.53.27:383][  0]LogD3D11RHI: Async texture creation enabled
[2016.01.28-12.53.27:395][  0]LogShaderCompilers: Guid format shader working directory is 19 characters bigger than the processId version (D:/UEProjects/project_kopernik/Intermediate/Shaders/WorkingDirectory/7064/).
[2016.01.28-12.53.27:396][  0]LogShaderCompilers: Cleaned the shader compiler working directory 'C:/Users/vnovikov/AppData/Local/Temp/UnrealShaderWorkingDir/918F57804BA41123F708BA82805E29BD/'.
[2016.01.28-12.53.27:396][  0]LogShaderCompilers:Display: Using Local Shader Compiler.
[2016.01.28-12.53.28:117][  0]LogTemp:Display: Loaded TP AllDesktopTargetPlatform
[2016.01.28-12.53.28:121][  0]LogTemp:Display: Loaded TP WindowsClientTargetPlatform
[2016.01.28-12.53.28:124][  0]LogTemp:Display: Loaded TP WindowsNoEditorTargetPlatform
[2016.01.28-12.53.28:127][  0]LogTemp:Display: Loaded TP WindowsServerTargetPlatform
[2016.01.28-12.53.28:131][  0]LogTemp:Display: Loaded TP WindowsTargetPlatform
[2016.01.28-12.53.28:133][  0]LogTemp:Display: Loaded TP AndroidTargetPlatform
[2016.01.28-12.53.28:135][  0]LogTemp:Display: Loaded TP Android_ASTCTargetPlatform
[2016.01.28-12.53.28:137][  0]LogTemp:Display: Loaded TP Android_ATCTargetPlatform
[2016.01.28-12.53.28:139][  0]LogTemp:Display: Loaded TP Android_DXTTargetPlatform
[2016.01.28-12.53.28:141][  0]LogTemp:Display: Loaded TP Android_ETC1TargetPlatform
[2016.01.28-12.53.28:143][  0]LogTemp:Display: Loaded TP Android_ETC2TargetPlatform
[2016.01.28-12.53.28:148][  0]LogTemp:Display: Loaded TP Android_MultiTargetPlatform
[2016.01.28-12.53.28:148][  0]LogTemp:Display: Loaded TP Android_PVRTCTargetPlatform
[2016.01.28-12.53.28:149][  0]LogTemp:Display: Loaded TP HTML5TargetPlatform
[2016.01.28-12.53.28:163][  0]LogTemp:Display: Loaded TP IOSTargetPlatform
[2016.01.28-12.53.28:165][  0]LogTemp:Display: Loaded TP LinuxNoEditorTargetPlatform
[2016.01.28-12.53.28:167][  0]LogTemp:Display: Loaded TP LinuxServerTargetPlatform
[2016.01.28-12.53.28:170][  0]LogTemp:Display: Loaded TP LinuxTargetPlatform
[2016.01.28-12.53.28:170][  0]LogTargetPlatformManager:Display: Building Assets For Windows
[2016.01.28-12.53.28:229][  0]LogDerivedDataCache:Display: Max Cache Size: 512 MB
[2016.01.28-12.53.28:276][  0]LogDerivedDataCache: Loaded boot cache 0.05s 41MB C:/Users/vnovikov/AppData/Local/UnrealEngine/4.10/DerivedDataCache/Boot.ddc.
[2016.01.28-12.53.28:276][  0]LogDerivedDataCache:Display: Loaded Boot cache: C:/Users/vnovikov/AppData/Local/UnrealEngine/4.10/DerivedDataCache/Boot.ddc
[2016.01.28-12.53.28:277][  0]LogDerivedDataCache: FDerivedDataBackendGraph:  Pak pak cache file D:/UEProjects/project_kopernik/DerivedDataCache/DDC.ddp not found, will not use a pak cache.
[2016.01.28-12.53.28:277][  0]LogDerivedDataCache: Unable to find inner node Pak for hierarchical cache Hierarchy.
[2016.01.28-12.53.28:277][  0]LogDerivedDataCache: FDerivedDataBackendGraph:  CompressedPak pak cache file D:/UEProjects/project_kopernik/DerivedDataCache/Compressed.ddp not found, will not use a pak cache.
[2016.01.28-12.53.28:277][  0]LogDerivedDataCache: Unable to find inner node CompressedPak for hierarchical cache Hierarchy.
[2016.01.28-12.53.28:326][  0]LogDerivedDataCache:Display: Pak cache opened for reading ../../../Engine/DerivedDataCache/Compressed.ddp.
[2016.01.28-12.53.28:337][  0]LogDerivedDataCache: Using Local data cache path C:/Users/vnovikov/AppData/Local/UnrealEngine/Common/DerivedDataCache: Writable
[2016.01.28-12.53.28:456][  0]LogInit: Selected Device Profile: [Windows]
[2016.01.28-12.53.28:456][  0]LogContentStreaming: Texture pool size is 0.000000MB
[2016.01.28-12.53.28:481][  0]LogMeshUtilities: No automatic mesh reduction module available
[2016.01.28-12.53.28:481][  0]LogMeshUtilities: No automatic mesh merging module available
[2016.01.28-12.53.28:732][  0]LogInit: WinSock: version 1.1 (2.2), MaxSocks=32767, MaxUdp=65467
[2016.01.28-12.53.29:279][  0]UdpMessaging: Initializing bridge on interface 0.0.0.0:0 to multicast group 230.0.0.1:6666.
[2016.01.28-12.53.29:362][  0]LogAssetRegistry: FAssetRegistry took 0.0104 seconds to start up
[2016.01.28-12.53.29:485][  0]SourceControl: Info Source control is disabled
[2016.01.28-12.53.29:485][  0]SourceControl: Info Source control is disabled
[2016.01.28-12.53.29:491][  0]SourceControl: Info Source control is disabled
[2016.01.28-12.53.29:498][  0]SourceControl: Info Source control is disabled
[2016.01.28-12.53.29:645][  0]LogObj: 28633 objects as part of root set at end of initial load.
[2016.01.28-12.53.29:645][  0]LogUObjectAllocator: 6099744 out of 0 bytes used by permanent object pool.
[2016.01.28-12.53.29:691][  0]LogEngine: Initializing Engine...
[2016.01.28-12.53.29:692][  0]LogHMD: Can't find Oculus library dev build: is proper Runtime installed? Version: 0.8.0.0
[2016.01.28-12.53.29:693][  0]LogHMD: SteamVR failed to initialize.  Err: 110
[2016.01.28-12.53.29:793][  0]LogAIModule: Creating AISystem for world NewWorld
[2016.01.28-12.53.29:797][  0]LogInit: XAudio2 using 'Динамики (Realtek High Definition Audio)' : 2 channels at 48 kHz using 32 bits per sample (channel mask 0x3)
[2016.01.28-12.53.29:805][  0]LogInit: FAudioDevice initialized.
[2016.01.28-12.53.29:823][  0]LogDerivedDataCache: Saved boot cache 0.02s 41MB C:/Users/vnovikov/AppData/Local/UnrealEngine/4.10/DerivedDataCache/Boot.ddc.
[2016.01.28-12.53.29:826][  0]LogInit: Texture streaming: Enabled
[2016.01.28-12.53.29:832][  0]LogAnalytics: Creating configured Analytics provider AnalyticsET
[2016.01.28-12.53.29:832][  0]LogAnalytics: [UEEditor.Rocket.Release] APIServer = http://et2.epicgames.com/ET2/. AppVersion = 4.10.2-2818068+++depot+UE4-Releases+4.10
[2016.01.28-12.53.29:832][  0]LogAnalytics: [UEEditor.Rocket.Release] SetUserId f53ae01540d6dc9cd1584591fa06154a|53d085766f07496a9bf34dcc5d27aa54|8cdb6ad2-59b8-47a0-8902-bc4bacc0237b
[2016.01.28-12.53.29:832][  0]LogAnalytics: [UEEditor.Rocket.Release] AnalyticsET::StartSession
[2016.01.28-12.53.29:838][  0]LogInit: Transaction tracking system initialized
[2016.01.28-12.53.29:866][  0]BlueprintLog: New page: Editor Load
[2016.01.28-12.53.29:940][  0]LocalizationService: Info Localization service is disabled
[2016.01.28-12.53.29:999][  0]LogConsoleResponse:Display: 
[2016.01.28-12.53.30:083][  0]LogCook:Display: Done creating registry. It took  0.00s.
[2016.01.28-12.53.30:122][  0]LogFileCache: Scanning file cache for directory 'D:/UEProjects/project_kopernik/Content/' took 0.01s
[2016.01.28-12.53.30:122][  0]SourceControl: Info Source control is disabled
[2016.01.28-12.53.30:122][  0]Cmd: MAP LOAD FILE="../../../Engine/Content/Maps/Templates/Template_Default.umap" TEMPLATE=1 SHOWPROGRESS=1 FEATURELEVEL=3
[2016.01.28-12.53.30:122][  0]LightingResults: New page: Lighting Build
[2016.01.28-12.53.30:125][  0]MapCheck: New page: Map Check
[2016.01.28-12.53.30:125][  0]LightingResults: New page: Lighting Build
[2016.01.28-12.53.30:133][  0]LogParticles: Destroying 0 GPU particle simulations for FXSystem 0x0000000022A45620
[2016.01.28-12.53.30:302][  0]LogAIModule: Creating AISystem for world Untitled_1
[2016.01.28-12.53.30:305][  0]LogEditorServer: Finished looking for orphan Actors (0.000 secs)
[2016.01.28-12.53.30:308][  0]Cmd: MAP CHECKDEP NOCLEARLOG
[2016.01.28-12.53.30:330][  0]MapCheck: Info Map check complete: 0 Error(s), 0 Warning(s), took 21.854ms to complete.
[2016.01.28-12.53.30:330][  0]LogFileHelpers: Loading map 'Template_Default' took 0.208
[2016.01.28-12.53.30:424][  0]LogCollectionManager: Loaded 0 collections in 0.001461 seconds
[2016.01.28-12.53.30:462][  0]LogFileCache: Scanning file cache for directory 'D:/UEProjects/project_kopernik/Saved/Collections/' took 0.01s
[2016.01.28-12.53.30:462][  0]LogFileCache: Scanning file cache for directory 'D:/UEProjects/project_kopernik/Content/Developers/vnovikov/Collections/' took 0.01s
[2016.01.28-12.53.30:462][  0]LogFileCache: Scanning file cache for directory 'D:/UEProjects/project_kopernik/Content/Collections/' took 0.01s
[2016.01.28-12.53.30:462][  0]LogCollectionManager: Rebuilt the GUID cache for 0 collections in 0.000001 seconds
[2016.01.28-12.53.30:468][  0]LogContentBrowser: Native class hierarchy populated in 0.0056 seconds. Added 1893 classes and 338 folders.
[2016.01.28-12.53.30:473][  0]LogContentBrowser: Native class hierarchy updated for 'WidgetCarousel' in 0.0002 seconds. Added 0 classes and 0 folders.
[2016.01.28-12.53.30:502][  0]LogContentBrowser: Native class hierarchy updated for 'AddContentDialog' in 0.0003 seconds. Added 0 classes and 0 folders.
[2016.01.28-12.53.30:505][  0]LogContentBrowser: Native class hierarchy updated for 'SceneOutliner' in 0.0002 seconds. Added 1 classes and 2 folders.
[2016.01.28-12.53.30:521][  0]LogCrashTracker: Crashtracker disabled due to settings.
[2016.01.28-12.53.30:523][  0]LogUObjectGlobals:Warning: Failed to find object 'Class None.'
[2016.01.28-12.53.30:544][  0]LogLoad: Full Startup: 3.88 seconds (BP compile: 0.03 seconds)
[2016.01.28-12.53.30:557][  0]LogOcInput: Can't find Oculus library dev build: is proper Runtime installed? Version: 0.8.0.0
[2016.01.28-12.53.30:591][  0]LogContentStreaming: Texture pool size now 1000 MB
[2016.01.28-12.53.30:701][  0]LogRenderer: Reallocating scene render targets to support 1208x580 (Frame:2).
[2016.01.28-12.53.30:800][  2]LogAssetRegistry: Asset discovery search completed in 1.4493 seconds
[2016.01.28-12.53.30:801][  2]LogCollectionManager: Rebuilt the object cache for 0 collections in 0.000001 seconds (found 0 objects)
[2016.01.28-12.53.30:801][  2]LogCollectionManager: Fixed up redirectors for 0 collections in 0.000014 seconds (updated 0 objects)
[2016.01.28-12.53.54:514][800]LogProperty:Error: UStructProperty::Serialize Loading: Property 'StructProperty /Game/Blueprints/Core/BP_PlayerController.BP_PlayerController_C:LoadSceneObjects.CallFunc_GetDataTableRowFromName_OutRow'. Unknown structure.
[2016.01.28-12.53.54:515][800]LogProperty:Error: UStructProperty::Serialize Loading: Property 'StructProperty /Game/Blueprints/Core/BP_PlayerController.BP_PlayerController_C:ConstructionItems.ConstructionItems'. Unknown structure.
[2016.01.28-12.53.54:543][800]LogBlueprint:Warning: [compiler BP_ConstructionAsset] Warning Can't connect pins  Build Manager  and  Build Manager : BP Build Manager Reference is not compatible with PLACEHOLDER-CLASS  BP Build Manager C 15 Reference.
[2016.01.28-12.53.54:543][800]LogBlueprint:Warning: [compiler BP_ConstructionAsset] Warning Can't connect pins  Build Manager  and  Build Manager : PLACEHOLDER-CLASS  BP Build Manager C 15 Reference is not compatible with BP Build Manager Reference.
[2016.01.28-12.53.54:545][800]LogBlueprint:Warning: [compiler BP_ConstructionAsset] Warning [0027.89] Compile of BP_ConstructionAsset successful, but with 2 Warning(s) [in 8 ms]
[2016.01.28-12.53.54:545][800]LogBlueprint:Warning: [compiler BP_ConstructionAsset] Warning [0027.89] Compile of BP_ConstructionAsset successful, but with 3 Warning(s) [in 0 ms]
[2016.01.28-12.53.54:545][800]LogBlueprint:Warning: [compiler BP_ConstructionAsset] Warning [0027.89] Compile of BP_ConstructionAsset successful, but with 4 Warning(s) [in 0 ms]
[2016.01.28-12.53.54:590][800]LogProperty:Error: UStructProperty::Serialize Loading: Property 'StructProperty /Game/Blueprints/UI/UI_ConstructionMenu.UI_ConstructionMenu_C:UpdateCurrentData.CallFunc_GetDataTableRowFromName_OutRow'. Unknown structure.
[2016.01.28-12.53.54:762][800]LogBlueprint:Warning: [compiler BP_BuildManager] Warning Can't connect pins  Build Manager  and  Self : PLACEHOLDER-CLASS  BP Build Manager C 15 Reference is not compatible with Self Reference.
[2016.01.28-12.53.54:762][800]LogBlueprint:Warning: [compiler BP_BuildManager] Warning Can't connect pins  Self  and  Build Manager : Self Reference is not compatible with PLACEHOLDER-CLASS  BP Build Manager C 15 Reference.
[2016.01.28-12.53.54:764][800]LogBlueprint:Error: [compiler BP_BuildManager] Error This blueprint (self) is not a BP_PlayerCharacter_C, therefore ' Target ' must have a connection.
[2016.01.28-12.53.54:765][800]LogBlueprint:Error: [compiler BP_BuildManager] Error Variable node  Get ConstructionRoot  uses an invalid target.  It may depend on a node that is not connected to the execution chain, and got purged.
[2016.01.28-12.53.54:771][800]LogBlueprint:Warning: [compiler BP_BuildManager] Warning [0028.11] Compile of BP_BuildManager failed. 2 Fatal Issue(s) 2 Warning(s) [in 14 ms]
[2016.01.28-12.53.54:772][800]LogBlueprint:Warning: [compiler BP_BuildManager] Warning [0028.11] Compile of BP_BuildManager failed. 2 Fatal Issue(s) 3 Warning(s) [in 0 ms]
[2016.01.28-12.53.54:772][800]LogBlueprint:Warning: [compiler BP_BuildManager] Warning [0028.11] Compile of BP_BuildManager failed. 2 Fatal Issue(s) 4 Warning(s) [in 0 ms]
[2016.01.28-12.53.54:783][800]LogBlueprint:Warning: [compiler BP_ConstructionAsset] Warning Can't connect pins  Build Manager  and  Build Manager : BP Build Manager Reference is not compatible with PLACEHOLDER-CLASS  BP Build Manager C 15 Reference.
[2016.01.28-12.53.54:783][800]LogBlueprint:Warning: [compiler BP_ConstructionAsset] Warning Can't connect pins  Build Manager  and  Build Manager : PLACEHOLDER-CLASS  BP Build Manager C 15 Reference is not compatible with BP Build Manager Reference.
[2016.01.28-12.53.54:785][800]LogBlueprint:Warning: [compiler BP_ConstructionAsset] Warning [0028.13] Compile of BP_ConstructionAsset successful, but with 2 Warning(s) [in 7 ms]
[2016.01.28-12.53.54:785][800]LogBlueprint:Warning: [compiler BP_ConstructionAsset] Warning [0028.13] Compile of BP_ConstructionAsset successful, but with 3 Warning(s) [in 0 ms]
[2016.01.28-12.53.54:786][800]LogBlueprint:Warning: [compiler BP_ConstructionAsset] Warning [0028.13] Compile of BP_ConstructionAsset successful, but with 4 Warning(s) [in 0 ms]
[2016.01.28-12.53.54:786][800]LogBlueprint:Warning: RefreshAllNodes called on incompletly loaded blueprint 'Blueprint /Game/Blueprints/BP_CraftableAsset.BP_CraftableAsset'
[2016.01.28-12.53.54:786][800]LogWindows:Error: Windows GetLastError: Операция успешно завершена. (0)
[2016.01.28-12.53.55:064][800]LogCrashTracker: 


[2016.01.28-12.53.55:064][800]LogCrashTracker: 


[2016.01.28-12.53.55:064][800]LogWindows:Error: === Critical error: ===
Assertion failed: BlueprintObj->GeneratedClass [File:D:\BuildFarm\buildmachine_++depot+UE4-Releases+4.10\Engine\Source\Editor\UnrealEd\Private\Kismet2\Kismet2.cpp] [Line: 901] 
Invalid generated class for BP_CraftableAsset




[2016.01.28-12.53.55:118][800]LogExit: Executing StaticShutdownAfterError
[2016.01.28-12.53.55:121][800]LogPhysics:Warning: PHYSX: ..\..\PhysX\src\NpScene.cpp (2946) 8 : PxScene::unlockWrite() called without matching call to PxScene::lockWrite(), behaviour will be undefined.
[2016.01.28-12.53.55:121][800]LogPhysics:Warning: PHYSX: ..\..\PhysX\src\NpScene.cpp (2946) 8 : PxScene::unlockWrite() called without matching call to PxScene::lockWrite(), behaviour will be undefined.
[2016.01.28-12.53.55:121][800]LogWindows: FPlatformMisc::RequestExit(1)
[2016.01.28-12.53.55:122][800]Log file closed, 01/28/16 15:53:55
