[2016.01.21-11.45.26:088][  0]Log file open, 01/21/16 14:45:26
[2016.01.21-11.45.26:088][  0]LogInit:Display: Running engine for game: PlanetCraft
[2016.01.21-11.45.26:088][  0]LogPlatformFile: Not using cached read wrapper
[2016.01.21-11.45.26:088][  0]LogInit:Display: RandInit(118362901) SRandInit(118362902).
[2016.01.21-11.45.26:088][  0]LogTaskGraph: Started task graph with 4 named threads and 7 total threads.
[2016.01.21-11.45.26:088][  0]LogStats: Stats thread started at 0.063268
[2016.01.21-11.45.26:088][  0]LogInit: Version: 4.10.2-2818068+++depot+UE4-Releases+4.10
[2016.01.21-11.45.26:088][  0]LogInit: API Version: 2758231
[2016.01.21-11.45.26:088][  0]LogInit: Compiled (64-bit): Jan  6 2016 17:36:42
[2016.01.21-11.45.26:088][  0]LogInit: Compiled with Visual C++: 19.00.23026.00
[2016.01.21-11.45.26:088][  0]LogInit: Build Configuration: Development
[2016.01.21-11.45.26:088][  0]LogInit: Branch Name: ++depot+UE4-Releases+4.10
[2016.01.21-11.45.26:088][  0]LogInit: Command line:  
[2016.01.21-11.45.26:088][  0]LogInit: Base directory: C:/Program Files (x86)/Epic Games/4.10/Engine/Binaries/Win64/
[2016.01.21-11.45.26:088][  0]LogInit: Rocket: 1
[2016.01.21-11.45.26:092][  0]LogInit: Using libcurl 7.41.0
[2016.01.21-11.45.26:092][  0]LogInit:  - built for x86_64-pc-win32
[2016.01.21-11.45.26:092][  0]LogInit:  - supports SSL with WinSSL
[2016.01.21-11.45.26:092][  0]LogInit:  - other features:
[2016.01.21-11.45.26:092][  0]LogInit:      CURL_VERSION_SSL
[2016.01.21-11.45.26:092][  0]LogInit:      CURL_VERSION_IPV6
[2016.01.21-11.45.26:092][  0]LogInit:      CURL_VERSION_ASYNCHDNS
[2016.01.21-11.45.26:092][  0]LogInit:      CURL_VERSION_LARGEFILE
[2016.01.21-11.45.26:092][  0]LogInit:      CURL_VERSION_IDN
[2016.01.21-11.45.26:092][  0]LogInit:  CurlRequestOptions (configurable via config and command line):
[2016.01.21-11.45.26:092][  0]LogInit:  - bVerifyPeer = true  - Libcurl will verify peer certificate
[2016.01.21-11.45.26:092][  0]LogInit:  - bUseHttpProxy = false  - Libcurl will NOT use HTTP proxy
[2016.01.21-11.45.26:092][  0]LogInit:  - bDontReuseConnections = false  - Libcurl will reuse connections
[2016.01.21-11.45.26:092][  0]LogInit:  - CertBundlePath = nullptr  - Libcurl will use whatever was configured at build time.
[2016.01.21-11.45.26:098][  0]LogInit: Presizing for 0 objects not considered by GC, pre-allocating 0 bytes.
[2016.01.21-11.45.26:103][  0]LogInit: Object subsystem initialized
[2016.01.21-11.45.26:103][  0]LogInit: Selected Device Profile: [Windows]
[2016.01.21-11.45.26:103][  0]LogInit: Applying CVar settings loaded from the selected device profile: [Windows]
[2016.01.21-11.45.26:108][  0]LogInit: Computer: VNOVIKOV
[2016.01.21-11.45.26:108][  0]LogInit: User: vnovikov
[2016.01.21-11.45.26:108][  0]LogInit: CPU Page size=4096, Cores=4
[2016.01.21-11.45.26:108][  0]LogInit: High frequency timer resolution =3.418007 MHz
[2016.01.21-11.45.26:108][  0]LogMemory: Memory total: Physical=15.9GB (16GB approx)
[2016.01.21-11.45.26:108][  0]LogMemory: Platform Memory Stats for Windows
[2016.01.21-11.45.26:108][  0]LogMemory: Process Physical Memory: 56.52 MB used, 56.52 MB peak
[2016.01.21-11.45.26:108][  0]LogMemory: Process Virtual Memory: 56.80 MB used, 56.80 MB peak
[2016.01.21-11.45.26:108][  0]LogMemory: Physical Memory: 5815.00 MB used, 16249.03 MB total
[2016.01.21-11.45.26:108][  0]LogMemory: Virtual Memory: 350.96 MB used, 8388608.00 MB total
[2016.01.21-11.45.26:138][  0]LogTextLocalizationManager: No translations for ('ru-RU') exist, falling back to 'en' for localization and internationalization data.
[2016.01.21-11.45.26:494][  0]LogD3D11RHI: Found D3D11 adapter 0: NVIDIA GeForce GTX 960 (Feature Level 11_0)
[2016.01.21-11.45.26:494][  0]LogD3D11RHI: Adapter has 1969MB of dedicated video memory, 0MB of dedicated system memory, and 2048MB of shared system memory, 2 output[s]
[2016.01.21-11.45.26:494][  0]LogD3D11RHI: Chosen D3D11 Adapter Id = 0
[2016.01.21-11.45.26:497][  0]LogD3D11RHI: !Direct3DDevice
[2016.01.21-11.45.26:497][  0]LogRHI: Texture pool is 1361 MB (70% of 1945 MB)
[2016.01.21-11.45.26:503][  0]LogD3D11RHI: Async texture creation enabled
[2016.01.21-11.45.26:516][  0]LogShaderCompilers: Guid format shader working directory is 21 characters bigger than the processId version (F:/Projects/project_kopernik/Intermediate/Shaders/WorkingDirectory/6328/).
[2016.01.21-11.45.26:516][  0]LogShaderCompilers: Cleaned the shader compiler working directory 'C:/Users/vnovikov/AppData/Local/Temp/UnrealShaderWorkingDir/6F5B205745BCA4D89B5500A284046470/'.
[2016.01.21-11.45.26:516][  0]LogShaderCompilers:Display: Using Local Shader Compiler.
[2016.01.21-11.45.27:188][  0]LogTemp:Display: Loaded TP AllDesktopTargetPlatform
[2016.01.21-11.45.27:192][  0]LogTemp:Display: Loaded TP WindowsClientTargetPlatform
[2016.01.21-11.45.27:195][  0]LogTemp:Display: Loaded TP WindowsNoEditorTargetPlatform
[2016.01.21-11.45.27:199][  0]LogTemp:Display: Loaded TP WindowsServerTargetPlatform
[2016.01.21-11.45.27:202][  0]LogTemp:Display: Loaded TP WindowsTargetPlatform
[2016.01.21-11.45.27:204][  0]LogTemp:Display: Loaded TP AndroidTargetPlatform
[2016.01.21-11.45.27:206][  0]LogTemp:Display: Loaded TP Android_ASTCTargetPlatform
[2016.01.21-11.45.27:208][  0]LogTemp:Display: Loaded TP Android_ATCTargetPlatform
[2016.01.21-11.45.27:210][  0]LogTemp:Display: Loaded TP Android_DXTTargetPlatform
[2016.01.21-11.45.27:212][  0]LogTemp:Display: Loaded TP Android_ETC1TargetPlatform
[2016.01.21-11.45.27:214][  0]LogTemp:Display: Loaded TP Android_ETC2TargetPlatform
[2016.01.21-11.45.27:219][  0]LogTemp:Display: Loaded TP Android_MultiTargetPlatform
[2016.01.21-11.45.27:219][  0]LogTemp:Display: Loaded TP Android_PVRTCTargetPlatform
[2016.01.21-11.45.27:219][  0]LogTemp:Display: Loaded TP HTML5TargetPlatform
[2016.01.21-11.45.27:233][  0]LogTemp:Display: Loaded TP IOSTargetPlatform
[2016.01.21-11.45.27:235][  0]LogTemp:Display: Loaded TP LinuxNoEditorTargetPlatform
[2016.01.21-11.45.27:237][  0]LogTemp:Display: Loaded TP LinuxServerTargetPlatform
[2016.01.21-11.45.27:239][  0]LogTemp:Display: Loaded TP LinuxTargetPlatform
[2016.01.21-11.45.27:239][  0]LogTargetPlatformManager:Display: Building Assets For Windows
[2016.01.21-11.45.27:296][  0]LogDerivedDataCache:Display: Max Cache Size: 512 MB
[2016.01.21-11.45.27:332][  0]LogDerivedDataCache: Loaded boot cache 0.04s 41MB C:/Users/vnovikov/AppData/Local/UnrealEngine/4.10/DerivedDataCache/Boot.ddc.
[2016.01.21-11.45.27:332][  0]LogDerivedDataCache:Display: Loaded Boot cache: C:/Users/vnovikov/AppData/Local/UnrealEngine/4.10/DerivedDataCache/Boot.ddc
[2016.01.21-11.45.27:332][  0]LogDerivedDataCache: FDerivedDataBackendGraph:  Pak pak cache file F:/Projects/project_kopernik/DerivedDataCache/DDC.ddp not found, will not use a pak cache.
[2016.01.21-11.45.27:332][  0]LogDerivedDataCache: Unable to find inner node Pak for hierarchical cache Hierarchy.
[2016.01.21-11.45.27:332][  0]LogDerivedDataCache: FDerivedDataBackendGraph:  CompressedPak pak cache file F:/Projects/project_kopernik/DerivedDataCache/Compressed.ddp not found, will not use a pak cache.
[2016.01.21-11.45.27:332][  0]LogDerivedDataCache: Unable to find inner node CompressedPak for hierarchical cache Hierarchy.
[2016.01.21-11.45.27:382][  0]LogDerivedDataCache:Display: Pak cache opened for reading ../../../Engine/DerivedDataCache/Compressed.ddp.
[2016.01.21-11.45.27:393][  0]LogDerivedDataCache: Using Local data cache path C:/Users/vnovikov/AppData/Local/UnrealEngine/Common/DerivedDataCache: Writable
[2016.01.21-11.45.27:512][  0]LogInit: Selected Device Profile: [Windows]
[2016.01.21-11.45.27:513][  0]LogContentStreaming: Texture pool size is 0.000000MB
[2016.01.21-11.45.27:537][  0]LogMeshUtilities: No automatic mesh reduction module available
[2016.01.21-11.45.27:537][  0]LogMeshUtilities: No automatic mesh merging module available
[2016.01.21-11.45.27:787][  0]LogInit: WinSock: version 1.1 (2.2), MaxSocks=32767, MaxUdp=65467
[2016.01.21-11.45.28:322][  0]UdpMessaging: Initializing bridge on interface 0.0.0.0:0 to multicast group 230.0.0.1:6666.
[2016.01.21-11.45.28:405][  0]LogAssetRegistry: FAssetRegistry took 0.0101 seconds to start up
[2016.01.21-11.45.28:551][  0]SourceControl: Info Source control is disabled
[2016.01.21-11.45.28:551][  0]SourceControl: Info Source control is disabled
[2016.01.21-11.45.28:562][  0]SourceControl: Info Source control is disabled
[2016.01.21-11.45.28:570][  0]SourceControl: Info Source control is disabled
[2016.01.21-11.45.28:757][  0]LogObj: 28633 objects as part of root set at end of initial load.
[2016.01.21-11.45.28:757][  0]LogUObjectAllocator: 6099744 out of 0 bytes used by permanent object pool.
[2016.01.21-11.45.28:805][  0]LogEngine: Initializing Engine...
[2016.01.21-11.45.28:807][  0]LogHMD: Can't find Oculus library dev build: is proper Runtime installed? Version: 0.8.0.0
[2016.01.21-11.45.28:807][  0]LogHMD: SteamVR failed to initialize.  Err: 110
[2016.01.21-11.45.28:903][  0]LogAIModule: Creating AISystem for world NewWorld
[2016.01.21-11.45.28:907][  0]LogInit: XAudio2 using 'Динамики (Realtek High Definition Audio)' : 2 channels at 48 kHz using 32 bits per sample (channel mask 0x3)
[2016.01.21-11.45.28:914][  0]LogInit: FAudioDevice initialized.
[2016.01.21-11.45.28:932][  0]LogDerivedDataCache: Saved boot cache 0.02s 41MB C:/Users/vnovikov/AppData/Local/UnrealEngine/4.10/DerivedDataCache/Boot.ddc.
[2016.01.21-11.45.28:934][  0]LogInit: Texture streaming: Enabled
[2016.01.21-11.45.28:938][  0]LogAnalytics: Creating configured Analytics provider AnalyticsET
[2016.01.21-11.45.28:938][  0]LogAnalytics: [UEEditor.Rocket.Release] APIServer = http://et2.epicgames.com/ET2/. AppVersion = 4.10.2-2818068+++depot+UE4-Releases+4.10
[2016.01.21-11.45.28:938][  0]LogAnalytics: [UEEditor.Rocket.Release] SetUserId f53ae01540d6dc9cd1584591fa06154a|53d085766f07496a9bf34dcc5d27aa54|8cdb6ad2-59b8-47a0-8902-bc4bacc0237b
[2016.01.21-11.45.28:938][  0]LogAnalytics: [UEEditor.Rocket.Release] AnalyticsET::StartSession
[2016.01.21-11.45.28:944][  0]LogInit: Transaction tracking system initialized
[2016.01.21-11.45.28:965][  0]BlueprintLog: New page: Editor Load
[2016.01.21-11.45.29:026][  0]LocalizationService: Info Localization service is disabled
[2016.01.21-11.45.29:080][  0]LogConsoleResponse:Display: 
[2016.01.21-11.45.29:167][  0]LogCook:Display: Done creating registry. It took  0.00s.
[2016.01.21-11.45.29:206][  0]LogFileCache: Scanning file cache for directory 'F:/Projects/project_kopernik/Content/' took 0.01s
[2016.01.21-11.45.29:206][  0]SourceControl: Info Source control is disabled
[2016.01.21-11.45.29:206][  0]Cmd: MAP LOAD FILE="../../../Engine/Content/Maps/Templates/Template_Default.umap" TEMPLATE=1 SHOWPROGRESS=1 FEATURELEVEL=3
[2016.01.21-11.45.29:207][  0]LightingResults: New page: Lighting Build
[2016.01.21-11.45.29:209][  0]MapCheck: New page: Map Check
[2016.01.21-11.45.29:209][  0]LightingResults: New page: Lighting Build
[2016.01.21-11.45.29:217][  0]LogParticles: Destroying 0 GPU particle simulations for FXSystem 0x0000000021332480
[2016.01.21-11.45.29:389][  0]LogAIModule: Creating AISystem for world Untitled_1
[2016.01.21-11.45.29:392][  0]LogEditorServer: Finished looking for orphan Actors (0.000 secs)
[2016.01.21-11.45.29:395][  0]Cmd: MAP CHECKDEP NOCLEARLOG
[2016.01.21-11.45.29:418][  0]MapCheck: Info Map check complete: 0 Error(s), 0 Warning(s), took 22.378ms to complete.
[2016.01.21-11.45.29:418][  0]LogFileHelpers: Loading map 'Template_Default' took 0.212
[2016.01.21-11.45.29:502][  0]LogCollectionManager: Loaded 0 collections in 0.001556 seconds
[2016.01.21-11.45.29:540][  0]LogFileCache: Scanning file cache for directory 'F:/Projects/project_kopernik/Saved/Collections/' took 0.01s
[2016.01.21-11.45.29:540][  0]LogFileCache: Scanning file cache for directory 'F:/Projects/project_kopernik/Content/Developers/vnovikov/Collections/' took 0.01s
[2016.01.21-11.45.29:540][  0]LogFileCache: Scanning file cache for directory 'F:/Projects/project_kopernik/Content/Collections/' took 0.01s
[2016.01.21-11.45.29:540][  0]LogCollectionManager: Rebuilt the GUID cache for 0 collections in 0.000002 seconds
[2016.01.21-11.45.29:546][  0]LogContentBrowser: Native class hierarchy populated in 0.0060 seconds. Added 1893 classes and 338 folders.
[2016.01.21-11.45.29:551][  0]LogContentBrowser: Native class hierarchy updated for 'WidgetCarousel' in 0.0003 seconds. Added 0 classes and 0 folders.
[2016.01.21-11.45.29:581][  0]LogContentBrowser: Native class hierarchy updated for 'AddContentDialog' in 0.0003 seconds. Added 0 classes and 0 folders.
[2016.01.21-11.45.29:584][  0]LogContentBrowser: Native class hierarchy updated for 'SceneOutliner' in 0.0002 seconds. Added 1 classes and 2 folders.
[2016.01.21-11.45.29:616][  0]LogCrashTracker: Crashtracker disabled due to settings.
[2016.01.21-11.45.29:618][  0]LogUObjectGlobals:Warning: Failed to find object 'Class None.'
[2016.01.21-11.45.29:639][  0]LogLoad: Full Startup: 3.84 seconds (BP compile: 0.03 seconds)
[2016.01.21-11.45.29:652][  0]LogOcInput: Can't find Oculus library dev build: is proper Runtime installed? Version: 0.8.0.0
[2016.01.21-11.45.29:685][  0]LogContentStreaming: Texture pool size now 1000 MB
[2016.01.21-11.45.29:799][  0]LogRenderer: Reallocating scene render targets to support 1208x580 (Frame:2).
[2016.01.21-11.45.29:901][  3]LogAssetRegistry: Asset discovery search completed in 1.5060 seconds
[2016.01.21-11.45.29:901][  3]LogCollectionManager: Rebuilt the object cache for 0 collections in 0.000001 seconds (found 0 objects)
[2016.01.21-11.45.29:901][  3]LogCollectionManager: Fixed up redirectors for 0 collections in 0.000014 seconds (updated 0 objects)
[2016.01.21-11.45.32:780][ 75]LogMaterial: Missing cached shader map for material MedKit_mat, compiling. 
[2016.01.21-11.45.32:808][ 75]LogMaterial: Missing cached shader map for material MedKit_mat, compiling. 
[2016.01.21-11.45.32:865][ 75]LogMaterial: Missing cached shader map for material MedKit_mat, compiling. 
[2016.01.21-11.45.32:868][ 75]LogMaterial: 0.000019 seconds spent updating 1 materials, 1 interfaces, 0 instances, 0 with static permutations.
[2016.01.21-11.45.32:889][ 75]LogMaterial: Missing cached shader map for material FMatExpressionPreview MaterialExpressionTextureSample_3, compiling. 
[2016.01.21-11.45.35:241][293]LogShaderCompilers:Warning: Failed to compile Material /Game/Resources/Items/Medkit/MedKit_mat.MedKit_mat for platform PCD3D_SM5, Default Material will be used in game.
[2016.01.21-11.45.36:166][382]LogShaderCompilers:Warning: Failed to compile Material /Engine/Transient.MedKit_mat for platform PCD3D_SM5, Default Material will be used in game.
[2016.01.21-11.45.36:180][383]MaterialEditorStats:Error: Error [SM5] D3DCompile exception
[2016.01.21-11.45.36:344][398]LogShaderCompilers:Warning: Failed to compile Material  for platform PCD3D_SM5, Default Material will be used in game.
[2016.01.21-11.45.44:269][279]LogMaterial: Missing cached shader map for material NewMaterial, compiling. 
[2016.01.21-11.45.44:328][279]LogMaterial: Missing cached shader map for material NewMaterial, compiling. 
[2016.01.21-11.45.44:331][279]LogMaterial: 0.000052 seconds spent updating 1 materials, 1 interfaces, 0 instances, 0 with static permutations.
[2016.01.21-11.45.45:561][370]LogShaderCompilers:Warning: Failed to compile Material /Engine/Transient.NewMaterial for platform PCD3D_SM5, Default Material will be used in game.
[2016.01.21-11.45.45:561][370]MaterialEditorStats:Error: Error [SM5] D3DCompile exception
[2016.01.21-11.45.53:321][103]LogMaterial: Missing cached shader map for material NewMaterial, compiling. 
[2016.01.21-11.45.53:335][103]LogMaterial: Missing cached shader map for material NewMaterial, compiling. 
[2016.01.21-11.45.53:337][103]LogMaterial: 0.000021 seconds spent updating 1 materials, 1 interfaces, 0 instances, 0 with static permutations.
[2016.01.21-11.45.53:591][127]LogShaderCompilers:Warning: Failed to compile Material /Engine/Transient.NewMaterial for platform PCD3D_SM5, Default Material will be used in game.
[2016.01.21-11.45.53:599][128]MaterialEditorStats:Error: Error [SM5] D3DCompile exception
[2016.01.21-11.45.53:875][151]LogShaderCompilers:Warning: Failed to compile Material /Engine/Transient.NewMaterial for platform PCD3D_SM5, Default Material will be used in game.
[2016.01.21-11.46.02:720][674]LogMaterial: Missing cached shader map for material NewMaterial, compiling. 
[2016.01.21-11.46.02:725][674]LogMaterial: 0.000022 seconds spent updating 1 materials, 1 interfaces, 0 instances, 0 with static permutations.
[2016.01.21-11.46.02:897][674]LogMaterial: Missing cached shader map for material NewMaterial, compiling. 
[2016.01.21-11.46.02:904][674]LogMaterial: Missing cached shader map for material NewMaterial, compiling. 
[2016.01.21-11.46.02:908][674]LogMaterial: 0.000250 seconds spent updating 1 materials, 1 interfaces, 0 instances, 0 with static permutations.
[2016.01.21-11.46.03:207][674]LogParticles: Destroying 0 GPU particle simulations for FXSystem 0x000000002CEBDDA0
[2016.01.21-11.46.03:215][674]LogParticles: Destroying 0 GPU particle simulations for FXSystem 0x000000001E8D25C0
[2016.01.21-11.46.03:245][674]LogShaderCompilers:Warning: Failed to compile Material /Engine/Transient.NewMaterial for platform PCD3D_SM5, Default Material will be used in game.
[2016.01.21-11.46.03:859][744]LogShaderCompilers:Warning: Failed to compile Material /Game/Resources/Items/Medkit/NewMaterial.NewMaterial for platform PCD3D_SM5, Default Material will be used in game.
[2016.01.21-11.46.04:259][791]LogMaterial: Missing cached shader map for material PreviewMaterial_0, compiling. 
[2016.01.21-11.46.04:288][791]LogMaterial: Missing cached shader map for material PreviewMaterial_0, compiling. 
[2016.01.21-11.46.04:290][791]LogMaterial: 0.000017 seconds spent updating 1 materials, 1 interfaces, 0 instances, 0 with static permutations.
[2016.01.21-11.46.04:702][827]LogShaderCompilers:Warning: Failed to compile Material /Engine/Transient.PreviewMaterial_0 for platform PCD3D_SM5, Default Material will be used in game.
[2016.01.21-11.46.04:702][827]MaterialEditorStats:Error: Error [SM5] D3DCompile exception
[2016.01.21-11.46.10:489][509]LogParticles: Destroying 0 GPU particle simulations for FXSystem 0x0000000010520540
[2016.01.21-11.46.13:712][745]LogRenderer: Reallocating scene render targets to support 1432x960 (Frame:5534).
[2016.01.21-11.48.38:221][422]LogMaterial: Missing cached shader map for material PreviewMaterial_1, compiling. 
[2016.01.21-11.48.38:264][422]LogMaterial: Missing cached shader map for material PreviewMaterial_1, compiling. 
[2016.01.21-11.48.38:267][422]LogMaterial: 0.000019 seconds spent updating 1 materials, 1 interfaces, 0 instances, 0 with static permutations.
[2016.01.21-11.48.39:586][517]LogShaderCompilers:Warning: Failed to compile Material /Engine/Transient.PreviewMaterial_1 for platform PCD3D_SM5, Default Material will be used in game.
[2016.01.21-11.48.39:594][518]MaterialEditorStats:Error: Error [SM5] D3DCompile exception
[2016.01.21-11.49.07:252][827]LogMaterial: Missing cached shader map for material PreviewMaterial_1, compiling. 
[2016.01.21-11.49.07:258][827]LogMaterial: Missing cached shader map for material PreviewMaterial_1, compiling. 
[2016.01.21-11.49.07:261][827]LogMaterial: 0.000020 seconds spent updating 1 materials, 1 interfaces, 0 instances, 0 with static permutations.
[2016.01.21-11.49.08:645][957]LogShaderCompilers:Warning: Failed to compile Material /Engine/Transient.PreviewMaterial_1 for platform PCD3D_SM5, Default Material will be used in game.
[2016.01.21-11.49.08:653][958]MaterialEditorStats:Error: Error [SM5] D3DCompile exception
[2016.01.21-11.49.10:305][156]LogMaterial: Missing cached shader map for material PreviewMaterial_1, compiling. 
[2016.01.21-11.49.10:310][156]LogMaterial: Missing cached shader map for material PreviewMaterial_1, compiling. 
[2016.01.21-11.49.10:313][156]LogMaterial: 0.000019 seconds spent updating 1 materials, 1 interfaces, 0 instances, 0 with static permutations.
[2016.01.21-11.49.11:184][227]LogShaderCompilers:Warning: Failed to compile Material /Engine/Transient.PreviewMaterial_1 for platform PCD3D_SM5, Default Material will be used in game.
[2016.01.21-11.49.11:192][228]MaterialEditorStats:Error: Error [SM5] D3DCompile exception
[2016.01.21-11.49.15:612][753]LogMaterial: Missing cached shader map for material PreviewMaterial_1, compiling. 
[2016.01.21-11.49.15:620][753]LogMaterial: Missing cached shader map for material PreviewMaterial_1, compiling. 
[2016.01.21-11.49.15:624][753]LogMaterial: 0.000020 seconds spent updating 1 materials, 1 interfaces, 0 instances, 0 with static permutations.
[2016.01.21-11.49.15:940][773]LogShaderCompilers:Warning: Failed to compile Material /Engine/Transient.PreviewMaterial_1 for platform PCD3D_SM5, Default Material will be used in game.
[2016.01.21-11.49.15:948][774]MaterialEditorStats:Error: Error [SM5] D3DCompile exception
[2016.01.21-11.49.16:584][817]LogShaderCompilers:Warning: Failed to compile Material /Engine/Transient.PreviewMaterial_1 for platform PCD3D_SM5, Default Material will be used in game.
[2016.01.21-11.49.30:412][371]LogMaterial: Missing cached shader map for material PreviewMaterial_1, compiling. 
[2016.01.21-11.49.30:415][371]LogMaterial: 0.000022 seconds spent updating 1 materials, 1 interfaces, 0 instances, 0 with static permutations.
[2016.01.21-11.49.30:416][371]LogMaterial: Missing cached shader map for material FMatExpressionPreview MaterialExpressionTextureSample_0, compiling. 
[2016.01.21-11.49.30:442][371]LogMaterial: Missing cached shader map for material FMatExpressionPreview MaterialExpressionTextureSample_0, compiling. 
[2016.01.21-11.49.31:330][454]LogShaderCompilers:Warning: Failed to compile Material /Engine/Transient.PreviewMaterial_1 for platform PCD3D_SM5, Default Material will be used in game.
[2016.01.21-11.49.31:340][455]MaterialEditorStats:Error: Error [SM5] D3DCompile exception
[2016.01.21-11.49.31:451][462]LogShaderCompilers:Warning: Failed to compile Material  for platform PCD3D_SM5, Default Material will be used in game.
[2016.01.21-11.49.31:769][498]LogMaterial: Missing cached shader map for material PreviewMaterial_1, compiling. 
[2016.01.21-11.49.31:772][498]LogMaterial: 0.000020 seconds spent updating 1 materials, 1 interfaces, 0 instances, 0 with static permutations.
[2016.01.21-11.49.31:795][498]LogMaterial: Missing cached shader map for material FMatExpressionPreview MaterialExpressionTextureSample_0, compiling. 
[2016.01.21-11.49.32:678][567]LogShaderCompilers:Warning: Failed to compile Material /Engine/Transient.PreviewMaterial_1 for platform PCD3D_SM5, Default Material will be used in game.
[2016.01.21-11.49.32:708][568]MaterialEditorStats:Error: Error [SM5] D3DCompile exception
[2016.01.21-11.49.32:814][580]LogShaderCompilers:Warning: Failed to compile Material  for platform PCD3D_SM5, Default Material will be used in game.
[2016.01.21-11.49.37:157][101]LogMaterialEditor: Applying material NewMaterial
[2016.01.21-11.49.40:436][101]LogMaterial: Missing cached shader map for material PreviewMaterial_1, compiling. 
[2016.01.21-11.49.40:445][101]LogMaterial: 0.000022 seconds spent updating 1 materials, 1 interfaces, 0 instances, 0 with static permutations.
[2016.01.21-11.49.40:475][101]LogMaterial: Missing cached shader map for material NewMaterial, compiling. 
[2016.01.21-11.49.40:486][101]LogMaterial: Missing cached shader map for material NewMaterial, compiling. 
[2016.01.21-11.49.40:490][101]LogMaterial: 0.000275 seconds spent updating 1 materials, 1 interfaces, 0 instances, 0 with static permutations.
[2016.01.21-11.49.42:033][246]LogShaderCompilers:Warning: Failed to compile Material /Engine/Transient.PreviewMaterial_1 for platform PCD3D_SM5, Default Material will be used in game.
[2016.01.21-11.49.43:358][386]LogShaderCompilers:Warning: Failed to compile Material /Game/NewMaterial.NewMaterial for platform PCD3D_SM5, Default Material will be used in game.
[2016.01.21-11.49.43:366][387]MaterialEditorStats:Error: Error [SM5] D3DCompile exception
[2016.01.21-11.49.50:205][201]LogWindows: LaunchURL http://answers.unrealengine.com
[2016.01.21-11.49.59:977][932]LogMaterial: Missing cached shader map for material PreviewMaterial_1, compiling. 
[2016.01.21-11.49.59:983][932]LogMaterial: Missing cached shader map for material PreviewMaterial_1, compiling. 
[2016.01.21-11.49.59:986][932]LogMaterial: 0.000020 seconds spent updating 1 materials, 1 interfaces, 0 instances, 0 with static permutations.
[2016.01.21-11.50.01:004][ 35]LogShaderCompilers:Warning: Failed to compile Material /Engine/Transient.PreviewMaterial_1 for platform PCD3D_SM5, Default Material will be used in game.
[2016.01.21-11.50.01:012][ 36]MaterialEditorStats:Error: Error [SM5] D3DCompile exception
[2016.01.21-11.50.06:010][630]LogMaterial: Missing cached shader map for material PreviewMaterial_1, compiling. 
[2016.01.21-11.50.06:019][630]LogMaterial: Missing cached shader map for material PreviewMaterial_1, compiling. 
[2016.01.21-11.50.06:022][630]LogMaterial: 0.000100 seconds spent updating 1 materials, 1 interfaces, 0 instances, 0 with static permutations.
[2016.01.21-11.50.06:785][685]LogShaderCompilers:Warning: Failed to compile Material /Engine/Transient.PreviewMaterial_1 for platform PCD3D_SM5, Default Material will be used in game.
[2016.01.21-11.50.06:793][686]MaterialEditorStats:Error: Error [SM5] D3DCompile exception
[2016.01.21-11.50.08:077][839]LogMaterial: Missing cached shader map for material PreviewMaterial_1, compiling. 
[2016.01.21-11.50.08:086][839]LogMaterial: Missing cached shader map for material PreviewMaterial_1, compiling. 
[2016.01.21-11.50.08:090][839]LogMaterial: 0.000021 seconds spent updating 1 materials, 1 interfaces, 0 instances, 0 with static permutations.
[2016.01.21-11.50.10:295][ 33]LogShaderCompilers:Warning: Failed to compile Material /Engine/Transient.PreviewMaterial_1 for platform PCD3D_SM5, Default Material will be used in game.
[2016.01.21-11.50.10:303][ 34]MaterialEditorStats:Error: Error [SM5] D3DCompile exception
[2016.01.21-11.50.12:468][291]LogMaterial: Missing cached shader map for material PreviewMaterial_1, compiling. 
[2016.01.21-11.50.12:472][291]LogMaterial: Missing cached shader map for material PreviewMaterial_1, compiling. 
[2016.01.21-11.50.12:474][291]LogMaterial: 0.000067 seconds spent updating 1 materials, 1 interfaces, 0 instances, 0 with static permutations.
[2016.01.21-11.50.13:253][372]LogShaderCompilers:Warning: Failed to compile Material /Engine/Transient.PreviewMaterial_1 for platform PCD3D_SM5, Default Material will be used in game.
[2016.01.21-11.50.13:262][373]MaterialEditorStats:Error: Error [SM5] D3DCompile exception
[2016.01.21-11.50.14:844][562]LogMaterial: Missing cached shader map for material PreviewMaterial_1, compiling. 
[2016.01.21-11.50.14:850][562]LogMaterial: Missing cached shader map for material PreviewMaterial_1, compiling. 
[2016.01.21-11.50.14:853][562]LogMaterial: 0.000067 seconds spent updating 1 materials, 1 interfaces, 0 instances, 0 with static permutations.
[2016.01.21-11.50.17:309][808]LogShaderCompilers:Warning: Failed to compile Material /Engine/Transient.PreviewMaterial_1 for platform PCD3D_SM5, Default Material will be used in game.
[2016.01.21-11.50.17:317][809]MaterialEditorStats:Error: Error [SM5] D3DCompile exception
[2016.01.21-11.51.12:942][791]LogParticles: Destroying 0 GPU particle simulations for FXSystem 0x00000000337E4B80
[2016.01.21-11.51.19:181][791]LogMaterial: Missing cached shader map for material PreviewMaterial_1, compiling. 
[2016.01.21-11.51.19:191][791]LogMaterial: 0.000091 seconds spent updating 1 materials, 1 interfaces, 0 instances, 0 with static permutations.
[2016.01.21-11.51.19:223][791]LogMaterial: Missing cached shader map for material NewMaterial, compiling. 
[2016.01.21-11.51.19:232][791]LogMaterial: Missing cached shader map for material NewMaterial, compiling. 
[2016.01.21-11.51.19:237][791]LogMaterial: 0.000243 seconds spent updating 1 materials, 1 interfaces, 0 instances, 0 with static permutations.
[2016.01.21-11.51.19:439][791]LogParticles: Destroying 0 GPU particle simulations for FXSystem 0x000000001E8D3C40
[2016.01.21-11.51.21:675][995]LogShaderCompilers:Warning: Failed to compile Material /Engine/Transient.PreviewMaterial_1 for platform PCD3D_SM5, Default Material will be used in game.
[2016.01.21-11.55.07:817][494]Cmd: QUIT_EDITOR
[2016.01.21-11.55.07:930][494]LogExit: Preparing to exit.
[2016.01.21-11.55.08:384][494]LogExit: Editor shut down
[2016.01.21-11.55.08:384][494]LogExit: Transaction tracking system shut down
[2016.01.21-11.55.08:386][494]LogParticles: Destroying 0 GPU particle simulations for FXSystem 0x0000000012AA3740
[2016.01.21-11.55.08:386][494]LogParticles: Destroying 0 GPU particle simulations for FXSystem 0x0000000022B7B880
[2016.01.21-11.55.08:392][494]LogParticles: Destroying 0 GPU particle simulations for FXSystem 0x0000000012F21800
[2016.01.21-11.55.08:392][494]LogParticles: Destroying 0 GPU particle simulations for FXSystem 0x000000001934DEE0
[2016.01.21-11.55.08:497][494]LogExit: Object subsystem successfully closed.
[2016.01.21-11.55.08:504][494]LogD3D11RHI: Shutdown
[2016.01.21-11.55.08:504][494]LogD3D11RHI: CleanupD3DDevice
[2016.01.21-11.55.08:541][494]LogD3D11RHI: ~FD3D11DynamicRHI
[2016.01.21-11.55.08:549][494]LogModuleManager: Shutting down and abandoning module StaticMeshEditor (200)
[2016.01.21-11.55.08:549][494]LogModuleManager: Shutting down and abandoning module MaterialEditor (199)
[2016.01.21-11.55.08:549][494]LogModuleManager: Shutting down and abandoning module CrashTracker (198)
[2016.01.21-11.55.08:549][494]LogModuleManager: Shutting down and abandoning module SceneOutliner (197)
[2016.01.21-11.55.08:549][494]LogModuleManager: Shutting down and abandoning module SuperSearch (196)
[2016.01.21-11.55.08:549][494]LogModuleManager: Shutting down and abandoning module WidgetCarousel (195)
[2016.01.21-11.55.08:549][494]LogModuleManager: Shutting down and abandoning module AddContentDialog (194)
[2016.01.21-11.55.08:550][494]LogModuleManager: Shutting down and abandoning module EditorWidgets (193)
[2016.01.21-11.55.08:550][494]LogModuleManager: Shutting down and abandoning module CollectionManager (192)
[2016.01.21-11.55.08:550][494]LogModuleManager: Shutting down and abandoning module StatsViewer (191)
[2016.01.21-11.55.08:550][494]LogModuleManager: Shutting down and abandoning module FoliageEdit (190)
[2016.01.21-11.55.08:550][494]LogModuleManager: Shutting down and abandoning module LandscapeEditor (189)
[2016.01.21-11.55.08:550][494]LogModuleManager: Shutting down and abandoning module ActorPickerMode (188)
[2016.01.21-11.55.08:550][494]LogModuleManager: Shutting down and abandoning module GeometryMode (187)
[2016.01.21-11.55.08:550][494]LogModuleManager: Shutting down and abandoning module TextureAlignMode (186)
[2016.01.21-11.55.08:550][494]LogModuleManager: Shutting down and abandoning module BspMode (185)
[2016.01.21-11.55.08:550][494]LogModuleManager: Shutting down and abandoning module PlacementMode (184)
[2016.01.21-11.55.08:550][494]LogModuleManager: Shutting down and abandoning module AutomationWorker (183)
[2016.01.21-11.55.08:550][494]LogModuleManager: Shutting down and abandoning module CharacterAI (182)
[2016.01.21-11.55.08:550][494]LogModuleManager: Shutting down and abandoning module SmartSnapping (181)
[2016.01.21-11.55.08:550][494]LogModuleManager: Shutting down and abandoning module ViewportSnapping (180)
[2016.01.21-11.55.08:550][494]LogModuleManager: Shutting down and abandoning module LogVisualizer (179)
[2016.01.21-11.55.08:550][494]LogModuleManager: Shutting down and abandoning module GameProjectGeneration (178)
[2016.01.21-11.55.08:550][494]LogModuleManager: Shutting down and abandoning module IntroTutorials (177)
[2016.01.21-11.55.08:551][494]LogModuleManager: Shutting down and abandoning module EditorLiveStreaming (176)
[2016.01.21-11.55.08:551][494]LogModuleManager: Shutting down and abandoning module IOSPlatformEditor (175)
[2016.01.21-11.55.08:551][494]LogModuleManager: Shutting down and abandoning module HTML5PlatformEditor (174)
[2016.01.21-11.55.08:551][494]LogModuleManager: Shutting down and abandoning module AndroidDeviceDetection (173)
[2016.01.21-11.55.09:349][494]LogModuleManager: Shutting down and abandoning module AndroidPlatformEditor (172)
[2016.01.21-11.55.09:349][494]LogModuleManager: Shutting down and abandoning module IOSRuntimeSettings (171)
[2016.01.21-11.55.09:349][494]LogModuleManager: Shutting down and abandoning module AndroidRuntimeSettings (170)
[2016.01.21-11.55.09:349][494]LogModuleManager: Shutting down and abandoning module MergeActors (169)
[2016.01.21-11.55.09:349][494]LogModuleManager: Shutting down and abandoning module SizeMap (168)
[2016.01.21-11.55.09:349][494]LogModuleManager: Shutting down and abandoning module TreeMap (167)
[2016.01.21-11.55.09:349][494]LogModuleManager: Shutting down and abandoning module ReferenceViewer (166)
[2016.01.21-11.55.09:349][494]LogModuleManager: Shutting down and abandoning module LocalizationService (165)
[2016.01.21-11.55.09:349][494]LogModuleManager: Shutting down and abandoning module LocalizationDashboard (164)
[2016.01.21-11.55.09:349][494]LogModuleManager: Shutting down and abandoning module HardwareTargeting (163)
[2016.01.21-11.55.09:349][494]LogModuleManager: Shutting down and abandoning module DeviceProfileEditor (162)
[2016.01.21-11.55.09:349][494]LogModuleManager: Shutting down and abandoning module UndoHistory (161)
[2016.01.21-11.55.09:349][494]LogModuleManager: Shutting down and abandoning module GameplayTagsEditor (160)
[2016.01.21-11.55.09:349][494]LogModuleManager: Shutting down and abandoning module UserFeedback (159)
[2016.01.21-11.55.09:349][494]LogModuleManager: Shutting down and abandoning module XmlParser (158)
[2016.01.21-11.55.09:349][494]LogModuleManager: Shutting down and abandoning module Blutility (157)
[2016.01.21-11.55.09:349][494]LogModuleManager: Shutting down and abandoning module ProjectTargetPlatformEditor (156)
[2016.01.21-11.55.09:349][494]LogModuleManager: Shutting down and abandoning module ProjectSettingsViewer (155)
[2016.01.21-11.55.09:349][494]LogModuleManager: Shutting down and abandoning module InputBindingEditor (154)
[2016.01.21-11.55.09:349][494]LogModuleManager: Shutting down and abandoning module EditorSettingsViewer (153)
[2016.01.21-11.55.09:349][494]LogModuleManager: Shutting down and abandoning module SettingsEditor (152)
[2016.01.21-11.55.09:349][494]LogModuleManager: Shutting down and abandoning module ProjectLauncher (151)
[2016.01.21-11.55.09:349][494]LogModuleManager: Shutting down and abandoning module SessionFrontend (150)
[2016.01.21-11.55.09:349][494]LogModuleManager: Shutting down and abandoning module ProfilerClient (149)
[2016.01.21-11.55.09:349][494]LogModuleManager: Shutting down and abandoning module TargetDeviceServices (148)
[2016.01.21-11.55.09:349][494]LogModuleManager: Shutting down and abandoning module DeviceManager (147)
[2016.01.21-11.55.09:349][494]LogModuleManager: Shutting down and abandoning module AutomationController (146)
[2016.01.21-11.55.09:349][494]LogModuleManager: Shutting down and abandoning module AutomationWindow (145)
[2016.01.21-11.55.09:350][494]LogModuleManager: Shutting down and abandoning module Layers (144)
[2016.01.21-11.55.09:350][494]LogModuleManager: Shutting down and abandoning module ComponentVisualizers (143)
[2016.01.21-11.55.09:350][494]LogModuleManager: Shutting down and abandoning module DetailCustomizations (142)
[2016.01.21-11.55.09:350][494]LogModuleManager: Shutting down and abandoning module PackagesDialog (141)
[2016.01.21-11.55.09:350][494]LogModuleManager: Shutting down and abandoning module Persona (140)
[2016.01.21-11.55.09:350][494]LogModuleManager: Shutting down and abandoning module Kismet (139)
[2016.01.21-11.55.09:350][494]LogModuleManager: Shutting down and abandoning module GraphEditor (138)
[2016.01.21-11.55.09:350][494]LogModuleManager: Shutting down and abandoning module ClassViewer (137)
[2016.01.21-11.55.09:350][494]LogModuleManager: Shutting down and abandoning module Toolbox (136)
[2016.01.21-11.55.09:350][494]LogModuleManager: Shutting down and abandoning module ModuleUI (135)
[2016.01.21-11.55.09:350][494]LogModuleManager: Shutting down and abandoning module MovieSceneTools (134)
[2016.01.21-11.55.09:350][494]LogModuleManager: Shutting down and abandoning module OutputLog (133)
[2016.01.21-11.55.09:350][494]LogModuleManager: Shutting down and abandoning module GammaUI (132)
[2016.01.21-11.55.09:350][494]LogModuleManager: Shutting down and abandoning module Documentation (131)
[2016.01.21-11.55.09:350][494]LogModuleManager: Shutting down and abandoning module GameLiveStreaming (130)
[2016.01.21-11.55.09:350][494]LogModuleManager: Shutting down and abandoning module StreamingPauseRendering (129)
[2016.01.21-11.55.09:350][494]LogModuleManager: Shutting down and abandoning module AnalyticsET (128)
[2016.01.21-11.55.09:350][494]LogModuleManager: Shutting down and abandoning module Analytics (127)
[2016.01.21-11.55.09:350][494]LogModuleManager: Shutting down and abandoning module AITestSuite (126)
[2016.01.21-11.55.09:350][494]LogModuleManager: Shutting down and abandoning module GameplayDebugger (125)
[2016.01.21-11.55.09:350][494]LogModuleManager: Shutting down and abandoning module AIModule (124)
[2016.01.21-11.55.09:350][494]LogModuleManager: Shutting down and abandoning module ProfilerService (123)
[2016.01.21-11.55.09:449][494]LogModuleManager: Shutting down and abandoning module TaskGraph (122)
[2016.01.21-11.55.09:449][494]LogModuleManager: Shutting down and abandoning module SlateRemote (121)
[2016.01.21-11.55.09:449][494]LogModuleManager: Shutting down and abandoning module SteamVRController (120)
[2016.01.21-11.55.09:449][494]LogModuleManager: Shutting down and abandoning module SteamVR (119)
[2016.01.21-11.55.09:449][494]LogModuleManager: Shutting down and abandoning module ProceduralMeshComponent (118)
[2016.01.21-11.55.09:449][494]LogModuleManager: Shutting down and abandoning module OculusLibrary (117)
[2016.01.21-11.55.09:449][494]LogModuleManager: Shutting down and abandoning module OculusInput (116)
[2016.01.21-11.55.09:449][494]LogModuleManager: Shutting down and abandoning module LeapMotionController (115)
[2016.01.21-11.55.09:456][494]LogModuleManager: Shutting down and abandoning module CustomMeshComponent (114)
[2016.01.21-11.55.09:456][494]LogModuleManager: Shutting down and abandoning module CableComponent (113)
[2016.01.21-11.55.09:456][494]LogModuleManager: Shutting down and abandoning module ArchVisCharacter (112)
[2016.01.21-11.55.09:456][494]LogModuleManager: Shutting down and abandoning module MessagingDebugger (111)
[2016.01.21-11.55.09:456][494]LogModuleManager: Shutting down and abandoning module MediaPlayerEditor (110)
[2016.01.21-11.55.09:456][494]LogModuleManager: Shutting down and abandoning module HTML5Networking (109)
[2016.01.21-11.55.09:456][494]LogModuleManager: Shutting down and abandoning module SpeedTreeImporter (108)
[2016.01.21-11.55.09:456][494]LogModuleManager: Shutting down and abandoning module PluginBrowser (107)
[2016.01.21-11.55.09:456][494]LogModuleManager: Shutting down and abandoning module EpicSurvey (106)
[2016.01.21-11.55.09:456][494]LogModuleManager: Shutting down and abandoning module DesktopPlatform (105)
[2016.01.21-11.55.09:456][494]LogModuleManager: Shutting down and abandoning module VisualStudioSourceCodeAccess (104)
[2016.01.21-11.55.09:456][494]LogModuleManager: Shutting down and abandoning module UObjectPlugin (103)
[2016.01.21-11.55.09:456][494]LogModuleManager: Shutting down and abandoning module SubversionSourceControl (102)
[2016.01.21-11.55.09:456][494]LogModuleManager: Shutting down and abandoning module PerforceSourceControl (101)
[2016.01.21-11.55.09:456][494]LogModuleManager: Shutting down and abandoning module SourceControl (100)
[2016.01.21-11.55.09:456][494]LogModuleManager: Shutting down and abandoning module GitSourceControl (99)
[2016.01.21-11.55.09:456][494]LogModuleManager: Shutting down and abandoning module LightPropagationVolumeEditor (98)
[2016.01.21-11.55.09:456][494]LogModuleManager: Shutting down and abandoning module PaperTiledImporter (97)
[2016.01.21-11.55.09:456][494]LogModuleManager: Shutting down and abandoning module PaperSpriteSheetImporter (96)
[2016.01.21-11.55.09:456][494]LogModuleManager: Shutting down and abandoning module MeshPaint (95)
[2016.01.21-11.55.09:456][494]LogModuleManager: Shutting down and abandoning module SlateReflector (94)
[2016.01.21-11.55.09:456][494]LogModuleManager: Shutting down and abandoning module HotReload (93)
[2016.01.21-11.55.09:456][494]LogModuleManager: Shutting down and abandoning module MainFrame (92)
[2016.01.21-11.55.09:456][494]LogModuleManager: Shutting down and abandoning module LevelEditor (91)
[2016.01.21-11.55.09:457][494]LogModuleManager: Shutting down and abandoning module DirectoryWatcher (90)
[2016.01.21-11.55.09:457][494]LogModuleManager: Shutting down and abandoning module AssetRegistry (89)
[2016.01.21-11.55.09:516][494]LogModuleManager: Shutting down and abandoning module ContentBrowser (88)
[2016.01.21-11.55.09:517][494]LogModuleManager: Shutting down and abandoning module Paper2DEditor (87)
[2016.01.21-11.55.09:517][494]LogModuleManager: Shutting down and abandoning module UdpMessaging (86)
[2016.01.21-11.55.09:617][494]LogModuleManager: Shutting down and abandoning module LightPropagationVolumeRuntime (85)
[2016.01.21-11.55.09:617][494]LogModuleManager: Shutting down and abandoning module Paper2D (84)
[2016.01.21-11.55.09:617][494]LogModuleManager: Shutting down and abandoning module WindowsMoviePlayer (83)
[2016.01.21-11.55.09:617][494]LogModuleManager: Shutting down and abandoning module Media (82)
[2016.01.21-11.55.09:617][494]LogModuleManager: Shutting down and abandoning module WmfMedia (81)
[2016.01.21-11.55.09:617][494]LogModuleManager: Shutting down and abandoning module OnlineBlueprintSupport (80)
[2016.01.21-11.55.09:617][494]LogModuleManager: Shutting down and abandoning module GameplayTasksEditor (79)
[2016.01.21-11.55.09:617][494]LogModuleManager: Shutting down and abandoning module PropertyEditor (78)
[2016.01.21-11.55.09:617][494]LogModuleManager: Shutting down and abandoning module BehaviorTreeEditor (77)
[2016.01.21-11.55.09:617][494]LogModuleManager: Shutting down and abandoning module FunctionalTesting (76)
[2016.01.21-11.55.09:617][494]LogModuleManager: Shutting down and abandoning module CollisionAnalyzer (75)
[2016.01.21-11.55.09:617][494]LogModuleManager: Shutting down and abandoning module WorkspaceMenuStructure (74)
[2016.01.21-11.55.09:617][494]LogModuleManager: Shutting down and abandoning module MessageLog (73)
[2016.01.21-11.55.09:617][494]LogModuleManager: Shutting down and abandoning module Sequencer (72)
[2016.01.21-11.55.09:617][494]LogModuleManager: Shutting down and abandoning module AssetTools (71)
[2016.01.21-11.55.09:617][494]LogModuleManager: Shutting down and abandoning module UMGEditor (70)
[2016.01.21-11.55.09:617][494]LogModuleManager: Shutting down and abandoning module UMG (69)
[2016.01.21-11.55.09:617][494]LogModuleManager: Shutting down and abandoning module Slate (68)
[2016.01.21-11.55.09:618][494]LogModuleManager: Shutting down and abandoning module EditorStyle (67)
[2016.01.21-11.55.09:619][494]LogModuleManager: Shutting down and abandoning module SessionServices (66)
[2016.01.21-11.55.09:619][494]LogModuleManager: Shutting down and abandoning module SourceCodeAccess (65)
[2016.01.21-11.55.09:619][494]LogModuleManager: Shutting down and abandoning module HeadMountedDisplay (64)
[2016.01.21-11.55.09:619][494]LogModuleManager: Shutting down and abandoning module XAudio2 (63)
[2016.01.21-11.55.09:619][494]LogModuleManager: Shutting down and abandoning module Networking (61)
[2016.01.21-11.55.09:619][494]LogModuleManager: Shutting down and abandoning module Core (60)
[2016.01.21-11.55.09:619][494]LogModuleManager: Shutting down and abandoning module KismetCompiler (59)
[2016.01.21-11.55.09:619][494]LogModuleManager: Shutting down and abandoning module PhysXFormats (58)
[2016.01.21-11.55.09:619][494]LogModuleManager: Shutting down and abandoning module MeshUtilities (57)
[2016.01.21-11.55.09:619][494]LogModuleManager: Shutting down and abandoning module DerivedDataCache (56)
[2016.01.21-11.55.09:657][494]LogDerivedDataCache: Shutdown
[2016.01.21-11.55.09:657][494]LogModuleManager: Shutting down and abandoning module ShaderFormatOpenGL (55)
[2016.01.21-11.55.09:657][494]LogModuleManager: Shutting down and abandoning module ShaderFormatD3D (54)
[2016.01.21-11.55.09:657][494]LogModuleManager: Shutting down and abandoning module MetalShaderFormat (53)
[2016.01.21-11.55.09:657][494]LogModuleManager: Shutting down and abandoning module TextureFormatUncompressed (52)
[2016.01.21-11.55.09:657][494]LogModuleManager: Shutting down and abandoning module TextureFormatPVR (51)
[2016.01.21-11.55.09:657][494]LogModuleManager: Shutting down and abandoning module TextureFormatIntelISPCTexComp (50)
[2016.01.21-11.55.09:657][494]LogModuleManager: Shutting down and abandoning module TextureFormatDXT (49)
[2016.01.21-11.55.09:657][494]LogModuleManager: Shutting down and abandoning module ImageWrapper (48)
[2016.01.21-11.55.09:657][494]LogModuleManager: Shutting down and abandoning module TextureFormatASTC (47)
[2016.01.21-11.55.09:657][494]LogModuleManager: Shutting down and abandoning module TextureFormatAndroid (46)
[2016.01.21-11.55.09:657][494]LogModuleManager: Shutting down and abandoning module AudioFormatOpus (45)
[2016.01.21-11.55.09:657][494]LogModuleManager: Shutting down and abandoning module AudioFormatOgg (44)
[2016.01.21-11.55.09:657][494]LogModuleManager: Shutting down and abandoning module AudioFormatADPCM (43)
[2016.01.21-11.55.09:657][494]LogModuleManager: Shutting down and abandoning module LinuxTargetPlatform (42)
[2016.01.21-11.55.09:657][494]LogModuleManager: Shutting down and abandoning module LinuxServerTargetPlatform (41)
[2016.01.21-11.55.09:657][494]LogModuleManager: Shutting down and abandoning module LinuxNoEditorTargetPlatform (40)
[2016.01.21-11.55.09:657][494]LogModuleManager: Shutting down and abandoning module Messaging (39)
[2016.01.21-11.55.09:657][494]LogModuleManager: Shutting down and abandoning module IOSTargetPlatform (38)
[2016.01.21-11.55.09:657][494]LogModuleManager: Shutting down and abandoning module HTML5TargetPlatform (37)
[2016.01.21-11.55.09:657][494]LogModuleManager: Shutting down and abandoning module Android_PVRTCTargetPlatform (36)
[2016.01.21-11.55.09:657][494]LogModuleManager: Shutting down and abandoning module Android_MultiTargetPlatform (35)
[2016.01.21-11.55.09:657][494]LogModuleManager: Shutting down and abandoning module Android_ETC2TargetPlatform (34)
[2016.01.21-11.55.09:657][494]LogModuleManager: Shutting down and abandoning module Android_ETC1TargetPlatform (33)
[2016.01.21-11.55.09:657][494]LogModuleManager: Shutting down and abandoning module Android_DXTTargetPlatform (32)
[2016.01.21-11.55.09:657][494]LogModuleManager: Shutting down and abandoning module Android_ATCTargetPlatform (31)
[2016.01.21-11.55.09:657][494]LogModuleManager: Shutting down and abandoning module Android_ASTCTargetPlatform (30)
[2016.01.21-11.55.09:657][494]LogModuleManager: Shutting down and abandoning module AndroidTargetPlatform (29)
[2016.01.21-11.55.09:657][494]LogModuleManager: Shutting down and abandoning module WindowsTargetPlatform (28)
[2016.01.21-11.55.09:657][494]LogModuleManager: Shutting down and abandoning module WindowsServerTargetPlatform (27)
[2016.01.21-11.55.09:657][494]LogModuleManager: Shutting down and abandoning module WindowsNoEditorTargetPlatform (26)
[2016.01.21-11.55.09:657][494]LogModuleManager: Shutting down and abandoning module WindowsClientTargetPlatform (25)
[2016.01.21-11.55.09:657][494]LogModuleManager: Shutting down and abandoning module AllDesktopTargetPlatform (24)
[2016.01.21-11.55.09:657][494]LogModuleManager: Shutting down and abandoning module TargetPlatform (23)
[2016.01.21-11.55.09:657][494]LogModuleManager: Shutting down and abandoning module InputCore (22)
[2016.01.21-11.55.09:657][494]LogModuleManager: Shutting down and abandoning module Settings (21)
[2016.01.21-11.55.09:657][494]LogModuleManager: Shutting down and abandoning module OnlineSubsystem (19)
[2016.01.21-11.55.09:657][494]LogModuleManager: Shutting down and abandoning module HTTP (18)
[2016.01.21-11.55.11:657][494]LogModuleManager: Shutting down and abandoning module XMPP (17)
[2016.01.21-11.55.11:657][494]LogModuleManager: Shutting down and abandoning module OculusRift (16)
[2016.01.21-11.55.11:657][494]LogModuleManager: Shutting down and abandoning module ExampleDeviceProfileSelector (15)
[2016.01.21-11.55.11:657][494]LogModuleManager: Shutting down and abandoning module TextureCompressor (14)
[2016.01.21-11.55.11:657][494]LogModuleManager: Shutting down and abandoning module ShaderCore (13)
[2016.01.21-11.55.11:657][494]LogModuleManager: Shutting down and abandoning module Landscape (12)
[2016.01.21-11.55.11:657][494]LogModuleManager: Shutting down and abandoning module SlateRHIRenderer (11)
[2016.01.21-11.55.11:658][494]LogModuleManager: Shutting down and abandoning module OpenGLDrv (10)
[2016.01.21-11.55.11:658][494]LogModuleManager: Shutting down and abandoning module D3D11RHI (9)
[2016.01.21-11.55.11:658][494]LogModuleManager: Shutting down and abandoning module AnimGraphRuntime (8)
[2016.01.21-11.55.11:658][494]LogModuleManager: Shutting down and abandoning module Renderer (7)
[2016.01.21-11.55.11:658][494]LogModuleManager: Shutting down and abandoning module Engine (6)
[2016.01.21-11.55.11:658][494]LogModuleManager: Shutting down and abandoning module CoreUObject (5)
[2016.01.21-11.55.11:658][494]LogModuleManager: Shutting down and abandoning module NetworkFile (4)
[2016.01.21-11.55.11:658][494]LogModuleManager: Shutting down and abandoning module StreamingFile (3)
[2016.01.21-11.55.11:658][494]LogModuleManager: Shutting down and abandoning module SandboxFile (2)
[2016.01.21-11.55.11:658][494]LogModuleManager: Shutting down and abandoning module PakFile (1)
[2016.01.21-11.55.11:659][494]LogExit: Exiting.
[2016.01.21-11.55.11:666][494]Log file closed, 01/21/16 14:55:11
